Start Running Histogramming at Thu Feb 25 08:28:37 CET 2021
Worker node hostname b7g28n0583.cern.ch
Running In Batch
/pool/condor/dir_10152
WARNING: Release CMSSW_10_2_14 is not available for architecture slc7_amd64_gcc820.
         Developer's area is created for available architecture slc7_amd64_gcc700.
RecoNtuple_Skim/interface/
RecoNtuple_Skim/interface/eleSF_reader.h
RecoNtuple_Skim/interface/Utils.h
RecoNtuple_Skim/interface/BTagCalibrationStandalone.h
RecoNtuple_Skim/interface/EventPick.h
RecoNtuple_Skim/interface/EventTree.h
RecoNtuple_Skim/interface/FactorizedJetCorrector.h
RecoNtuple_Skim/interface/JECvariation.h
RecoNtuple_Skim/interface/JERUtilities.h
RecoNtuple_Skim/interface/JERUtilities.h.gch
RecoNtuple_Skim/interface/JetCorrectionUncertainty.h
RecoNtuple_Skim/interface/JetCorrectorParameters.h
RecoNtuple_Skim/interface/JetResolution.h
RecoNtuple_Skim/interface/JetResolutionObject.h
RecoNtuple_Skim/interface/METzCalculator.h
RecoNtuple_Skim/interface/PUReweight.h
RecoNtuple_Skim/interface/ScaleFactorFunction.h
RecoNtuple_Skim/interface/Selector.h
RecoNtuple_Skim/interface/SimpleJetCorrectionUncertainty.h
RecoNtuple_Skim/interface/SimpleJetCorrector.h
RecoNtuple_Skim/interface/TopEventCombinatorics.h
RecoNtuple_Skim/interface/UncertaintySourcesList.h
RecoNtuple_Skim/interface/elemuSF.h
RecoNtuple_Skim/interface/elemuSF_2016.h
RecoNtuple_Skim/interface/elemuSF_2017.h
RecoNtuple_Skim/interface/elemuSF_2018.h
RecoNtuple_Skim/interface/makeRecoNtuple.h
RecoNtuple_Skim/interface/muSF_reader.h
RecoNtuple_Skim/interface/ScaleFactorFunction.h~
RecoNtuple_Skim/sample/
RecoNtuple_Skim/sample/Skim_NanoAOD_FileLists_cff.sh
RecoNtuple_Skim/sample/produceFileLists.py
RecoNtuple_Skim/sample/#produceFileLists.py#
RecoNtuple_Skim/src/
RecoNtuple_Skim/src/makeSkim.cpp
RecoNtuple_Skim/src/EventPick.o
RecoNtuple_Skim/src/BTagCalibrationStandalone.cpp
RecoNtuple_Skim/src/BTagCalibrationStandalone.o
RecoNtuple_Skim/src/ErrorTypes.cpp
RecoNtuple_Skim/src/ErrorTypes.hpp
RecoNtuple_Skim/src/EventPick.cpp
RecoNtuple_Skim/src/EventTree.o
RecoNtuple_Skim/src/EventPick_gen.cpp
RecoNtuple_Skim/src/EventTree.cpp
RecoNtuple_Skim/src/JECvariation.o
RecoNtuple_Skim/src/FactorizedJetCorrector.cpp
RecoNtuple_Skim/src/FactorizedJetCorrector.o
RecoNtuple_Skim/src/JECUncertainty.cpp
RecoNtuple_Skim/src/JECUncertainty.hpp
RecoNtuple_Skim/src/JECvariation.cpp
RecoNtuple_Skim/src/JetResolution.o
RecoNtuple_Skim/src/JetCorrectionUncertainty.cpp
RecoNtuple_Skim/src/JetCorrectionUncertainty.o
RecoNtuple_Skim/src/JetCorrectorParameters.cpp
RecoNtuple_Skim/src/JetCorrectorParameters.o
RecoNtuple_Skim/src/JetDefs.hpp
RecoNtuple_Skim/src/JetResolution.cc
RecoNtuple_Skim/src/Selector.o
RecoNtuple_Skim/src/JetResolutionObject.cc
RecoNtuple_Skim/src/JetResolutionObject.o
RecoNtuple_Skim/src/METzCalculator.cpp
RecoNtuple_Skim/src/Makefile
RecoNtuple_Skim/src/PUReweight.cpp
RecoNtuple_Skim/src/Selector.cpp
RecoNtuple_Skim/src/Utils.o
RecoNtuple_Skim/src/Selector_gen.cpp
RecoNtuple_Skim/src/SimpleJetCorrectionUncertainty.cpp
RecoNtuple_Skim/src/SimpleJetCorrectionUncertainty.o
RecoNtuple_Skim/src/SimpleJetCorrector.cpp
RecoNtuple_Skim/src/SimpleJetCorrector.o
RecoNtuple_Skim/src/TopEventCombinatorics.cpp
RecoNtuple_Skim/src/Utilities.cc
RecoNtuple_Skim/src/Utils.cc
RecoNtuple_Skim/src/testLepSF.cpp
RecoNtuple_Skim/weight/
RecoNtuple_Skim/weight/BtagSF/
RecoNtuple_Skim/weight/BtagSF/DeepCSV_102XSF_V1.csv
RecoNtuple_Skim/weight/BtagSF/DeepCSV_2016LegacySF_V1.csv
RecoNtuple_Skim/weight/BtagSF/DeepCSV_94XSF_V3_B_F.csv
RecoNtuple_Skim/weight/BtagSF/DeepCSV_Moriond17_B_H.csv
RecoNtuple_Skim/weight/BtagSF/btag_efficiencies_2016.root
RecoNtuple_Skim/weight/BtagSF/btag_efficiencies_2017.root
RecoNtuple_Skim/weight/BtagSF/btag_efficiencies_2018.root
RecoNtuple_Skim/weight/JetSF/
RecoNtuple_Skim/weight/JetSF/JER/
RecoNtuple_Skim/weight/JetSF/JER/Autumn18_V7b_MC_PtResolution_AK4PFchs.txt
RecoNtuple_Skim/weight/JetSF/JER/Autumn18_V7b_MC_SF_AK4PFchs.txt
RecoNtuple_Skim/weight/JetSF/JER/Fall17_V3_MC_PtResolution_AK4PFchs.txt
RecoNtuple_Skim/weight/JetSF/JER/Fall17_V3_MC_SF_AK4PFchs.txt
RecoNtuple_Skim/weight/JetSF/JER/Summer16_25nsV1_MC_PtResolution_AK4PFchs.txt
RecoNtuple_Skim/weight/JetSF/JER/Summer16_25nsV1_MC_SF_AK4PFchs.txt
RecoNtuple_Skim/weight/JetSF/Autumn18_V19_MC_L2L3Residual_AK4PFchs.txt
RecoNtuple_Skim/weight/JetSF/Autumn18_V19_MC_L1FastJet_AK4PFchs.txt
RecoNtuple_Skim/weight/JetSF/Autumn18_V19_MC_L1RC_AK4PFchs.txt
RecoNtuple_Skim/weight/JetSF/Autumn18_V19_MC_UncertaintySources_AK4PFchs.txt
RecoNtuple_Skim/weight/JetSF/Autumn18_V19_MC_L2Relative_AK4PFchs.txt
RecoNtuple_Skim/weight/JetSF/Autumn18_V19_MC_L2Residual_AK4PFchs.txt
RecoNtuple_Skim/weight/JetSF/Autumn18_V19_MC_L3Absolute_AK4PFchs.txt
RecoNtuple_Skim/weight/JetSF/Autumn18_V19_MC_Uncertainty_AK4PFchs.txt
RecoNtuple_Skim/weight/JetSF/Fall17_17Nov2017_V32_MC_L1FastJet_AK4PFchs.txt
RecoNtuple_Skim/weight/JetSF/Fall17_17Nov2017_V32_MC_L1RC_AK4PFchs.txt
RecoNtuple_Skim/weight/JetSF/Fall17_17Nov2017_V32_MC_L2L3Residual_AK4PFchs.txt
RecoNtuple_Skim/weight/JetSF/Fall17_17Nov2017_V32_MC_L2Relative_AK4PFchs.txt
RecoNtuple_Skim/weight/JetSF/Fall17_17Nov2017_V32_MC_L2Residual_AK4PFchs.txt
RecoNtuple_Skim/weight/JetSF/Fall17_17Nov2017_V32_MC_L3Absolute_AK4PFchs.txt
RecoNtuple_Skim/weight/JetSF/Fall17_17Nov2017_V32_MC_UncertaintySources_AK4PFchs.txt
RecoNtuple_Skim/weight/JetSF/Fall17_17Nov2017_V32_MC_Uncertainty_AK4PFchs.txt
RecoNtuple_Skim/weight/JetSF/Summer16_07Aug2017_V11_MC_L1FastJet_AK4PFchs.txt
RecoNtuple_Skim/weight/JetSF/Summer16_07Aug2017_V11_MC_L1RC_AK4PFchs.txt
RecoNtuple_Skim/weight/JetSF/Summer16_07Aug2017_V11_MC_L2L3Residual_AK4PFchs.txt
RecoNtuple_Skim/weight/JetSF/Summer16_07Aug2017_V11_MC_L2Relative_AK4PFchs.txt
RecoNtuple_Skim/weight/JetSF/Summer16_07Aug2017_V11_MC_L2Residual_AK4PFchs.txt
RecoNtuple_Skim/weight/JetSF/Summer16_07Aug2017_V11_MC_L3Absolute_AK4PFchs.txt
RecoNtuple_Skim/weight/JetSF/Summer16_07Aug2017_V11_MC_UncertaintySources_AK4PFchs.txt
RecoNtuple_Skim/weight/JetSF/Summer16_07Aug2017_V11_MC_Uncertainty_AK4PFchs.txt
RecoNtuple_Skim/weight/MuEleSF/
RecoNtuple_Skim/weight/MuEleSF/ele2016/
RecoNtuple_Skim/weight/MuEleSF/ele2016/2016LegacyReReco_ElectronTight_Fall17V2.root
RecoNtuple_Skim/weight/MuEleSF/ele2016/EGM2D_BtoH_GT20GeV_RecoSF_Legacy2016.root
RecoNtuple_Skim/weight/MuEleSF/ele2016/sf_ele_2016_trig_v5.root
RecoNtuple_Skim/weight/MuEleSF/ele2017/
RecoNtuple_Skim/weight/MuEleSF/ele2017/egammaEffi.txt_EGM2D_runBCDEF_passingRECO.root
RecoNtuple_Skim/weight/MuEleSF/ele2017/2017_ElectronTight.root
RecoNtuple_Skim/weight/MuEleSF/ele2017/sf_ele_2017_trig_v5.root
RecoNtuple_Skim/weight/MuEleSF/ele2018/
RecoNtuple_Skim/weight/MuEleSF/ele2018/2018_ElectronTight.root
RecoNtuple_Skim/weight/MuEleSF/ele2018/egammaEffi.txt_EGM2D_updatedAll.root
RecoNtuple_Skim/weight/MuEleSF/ele2018/sf_ele_2018_trig_v5.root
RecoNtuple_Skim/weight/MuEleSF/mu2016/
RecoNtuple_Skim/weight/MuEleSF/mu2016/EfficienciesStudies_2016_legacy_rereco_jsonfiles_RunBCDEF_SF_ID.json
RecoNtuple_Skim/weight/MuEleSF/mu2016/EfficienciesStudies_2016_legacy_rereco_jsonfiles_RunBCDEF_SF_ISO.json
RecoNtuple_Skim/weight/MuEleSF/mu2016/EfficienciesStudies_2016_legacy_rereco_jsonfiles_RunGH_SF_ID.json
RecoNtuple_Skim/weight/MuEleSF/mu2016/EfficienciesStudies_2016_legacy_rereco_jsonfiles_RunGH_SF_ISO.json
RecoNtuple_Skim/weight/MuEleSF/mu2016/EfficienciesStudies_2016_legacy_rereco_rootfiles_RunBCDEF_SF_ID.root
RecoNtuple_Skim/weight/MuEleSF/mu2016/EfficienciesStudies_2016_legacy_rereco_rootfiles_RunBCDEF_SF_ISO.root
RecoNtuple_Skim/weight/MuEleSF/mu2016/EfficienciesStudies_2016_legacy_rereco_rootfiles_RunGH_SF_ID.root
RecoNtuple_Skim/weight/MuEleSF/mu2016/EfficienciesStudies_2016_legacy_rereco_rootfiles_RunGH_SF_ISO.root
RecoNtuple_Skim/weight/MuEleSF/mu2016/EfficienciesStudies_2016_trigger_EfficienciesAndSF_RunBtoF.json
RecoNtuple_Skim/weight/MuEleSF/mu2016/EfficienciesStudies_2016_trigger_EfficienciesAndSF_RunBtoF.root
RecoNtuple_Skim/weight/MuEleSF/mu2016/EfficienciesStudies_2016_trigger_EfficienciesAndSF_RunGtoH.json
RecoNtuple_Skim/weight/MuEleSF/mu2016/EfficienciesStudies_2016_trigger_EfficienciesAndSF_RunGtoH.root
RecoNtuple_Skim/weight/MuEleSF/mu2017/
RecoNtuple_Skim/weight/MuEleSF/mu2017/EfficienciesAndSF_RunBtoF_Nov17Nov2017.root
RecoNtuple_Skim/weight/MuEleSF/mu2017/RunBCDEF_SF_ID.json
RecoNtuple_Skim/weight/MuEleSF/mu2017/RunBCDEF_SF_ID.root
RecoNtuple_Skim/weight/MuEleSF/mu2017/RunBCDEF_SF_ISO.json
RecoNtuple_Skim/weight/MuEleSF/mu2017/RunBCDEF_SF_ISO.root
RecoNtuple_Skim/weight/MuEleSF/mu2017/theJSONfile_RunBtoF_Nov17Nov2017.json
RecoNtuple_Skim/weight/MuEleSF/mu2018/
RecoNtuple_Skim/weight/MuEleSF/mu2018/EfficienciesStudies_2018_trigger_theJSONfile_2018Data_AfterMuonHLTUpdate.json
RecoNtuple_Skim/weight/MuEleSF/mu2018/EfficienciesStudies_2018_jsonfiles_RunABCD_SF_ID.json
RecoNtuple_Skim/weight/MuEleSF/mu2018/EfficienciesStudies_2018_jsonfiles_RunABCD_SF_ISO.json
RecoNtuple_Skim/weight/MuEleSF/mu2018/EfficienciesStudies_2018_rootfiles_RunABCD_SF_ID.root
RecoNtuple_Skim/weight/MuEleSF/mu2018/EfficienciesStudies_2018_rootfiles_RunABCD_SF_ISO.root
RecoNtuple_Skim/weight/MuEleSF/mu2018/EfficienciesStudies_2018_trigger_EfficienciesAndSF_2018Data_AfterMuonHLTUpdate.root
RecoNtuple_Skim/weight/MuEleSF/mu2018/EfficienciesStudies_2018_trigger_EfficienciesAndSF_2018Data_BeforeMuonHLTUpdate.root
RecoNtuple_Skim/weight/MuEleSF/mu2018/EfficienciesStudies_2018_trigger_theJSONfile_2018Data_BeforeMuonHLTUpdate.json
RecoNtuple_Skim/weight/PileupSF/
RecoNtuple_Skim/weight/PileupSF/Data_2016BCDGH_Pileup.root
RecoNtuple_Skim/weight/PileupSF/Data_2016BCDGH_Pileup_scaledDown.root
RecoNtuple_Skim/weight/PileupSF/Data_2016BCDGH_Pileup_scaledUp.root
RecoNtuple_Skim/weight/PileupSF/Data_2017BCDEF_Pileup.root
RecoNtuple_Skim/weight/PileupSF/Data_2017BCDEF_Pileup_scaledDown.root
RecoNtuple_Skim/weight/PileupSF/Data_2017BCDEF_Pileup_scaledUp.root
RecoNtuple_Skim/weight/PileupSF/Data_2018ABCD_Pileup.root
RecoNtuple_Skim/weight/PileupSF/Data_2018ABCD_Pileup_scaledDown.root
RecoNtuple_Skim/weight/PileupSF/Data_2018ABCD_Pileup_scaledUp.root
RecoNtuple_Skim/makeRecoNtuple
RecoNtuple_Skim/Makefile
RecoNtuple_Skim/MakefileNew
RecoNtuple_Skim/README.md
RecoNtuple_Skim/makeRecoNtuple.C
All arguements: 2017 WWTo1L1Nu2Q_amcatnlo
Number of arguements: 2
/pool/condor/dir_10152
./makeRecoNtuple cutflow 2017 WWTo1L1Nu2Q_amcatnlo  . root://se01.indiacms.res.in//cms/store/user/idas/Output/cms-hcs-run2/Skim_NanoAOD/2017/WWTo1L1Nu2Q_amcatnlo_Skim_NanoAOD.root
-1 of -1
WWTo1L1Nu2Q_amcatnlo
pos : 18446744073709551615
sampleType : WWTo1L1Nu2Q_amcatnlo,  systematicType : 
Dilepton Sample :0
. WWTo1L1Nu2Q_amcatnlo 
. WWTo1L1Nu2Q_amcatnlo 
./WWTo1L1Nu2Q_amcatnlo_RecoNtuple_Skim.root
HERE
DONE
isMC: 1
Using event weight 0.00278612
XS = 49.997
lumi = 41529.5
nEvents_MC = 7.45248e+08
1967395
processing entry 0 out of 1967395 : 42.1892 seconds since last progress
processing entry 100000 out of 1967395 : 23.7144 seconds since last progress
processing entry 200000 out of 1967395 : 26.6875 seconds since last progress
processing entry 300000 out of 1967395 : 27.5052 seconds since last progress
processing entry 400000 out of 1967395 : 25.9155 seconds since last progress
processing entry 500000 out of 1967395 : 27.0092 seconds since last progress
processing entry 600000 out of 1967395 : 28.5857 seconds since last progress
processing entry 700000 out of 1967395 : 32.9585 seconds since last progress
processing entry 800000 out of 1967395 : 37.3364 seconds since last progress
processing entry 900000 out of 1967395 : 20.6751 seconds since last progress
processing entry 1000000 out of 1967395 : 40.3238 seconds since last progress
processing entry 1100000 out of 1967395 : 31.9755 seconds since last progress
processing entry 1200000 out of 1967395 : 37.921 seconds since last progress
processing entry 1300000 out of 1967395 : 35.8517 seconds since last progress
processing entry 1400000 out of 1967395 : 38.6645 seconds since last progress
processing entry 1500000 out of 1967395 : 30.3951 seconds since last progress
processing entry 1600000 out of 1967395 : 31.1222 seconds since last progress
processing entry 1700000 out of 1967395 : 19.8808 seconds since last progress
processing entry 1800000 out of 1967395 : 27.4374 seconds since last progress
processing entry 1900000 out of 1967395 : 25.9004 seconds since last progress
e+jets cutflow
Cut-Flow for the event selector: 
Input Events :                1.9674e+06
Passing Trigger               874657
Has Good Vtx               872765
Events with 1 electron     629866
Events with no loose electrons 591008
Events with no muons 502493
Events with >= 1 jets        396323
Events with >= 2 jets        223285
Events with >= 3 jets     86668
Events with >= 4 jets 24264
Events with >= 1 bjets 3091
Events with >= 2 bjets       0
Events passing MET cut       3091

mu+jets cutflow
Cut-Flow for the event selector: 
Input Events :                1.9674e+06
Passing Trigger               1.10639e+06
Has Good Vtx               1.10368e+06
Events with 1 muon     928243
Events with no loose muons 887107
Events with no electrons 767170
Events with >= 1 jets        588277
Events with >= 2 jets        323386
Events with >= 3 jets     121581
Events with >= 4 jets 33602
Events with >= 1 bjets 4449
Events with >= 2 bjets       0
Events passing MET cut       4449

e+jets cutflow Weighted
Cut-Flow for the event selector: 
Input Events :                1.9674e+06
Passing Trigger               874657
Has Good Vtx               872765
Events with 1 electron     629866
Events with no loose electrons 591008
Events with no muons 502493
Events with >= 1 jets        396323
Events with >= 2 jets        223285
Events with >= 3 jets     86668
Events with >= 4 jets 24264
Events with >= 1 bjets 3091
Events with >= 2 bjets       0
Events passing MET cut       3091

mu+jets cutflow Weighted
Cut-Flow for the event selector: 
Input Events :                1.9674e+06
Passing Trigger               1.10639e+06
Has Good Vtx               1.10368e+06
Events with 1 muon     928243
Events with no loose muons 887107
Events with no electrons 767170
Events with >= 1 jets        588277
Events with >= 2 jets        323386
Events with >= 3 jets     121581
Events with >= 4 jets 33602
Events with >= 1 bjets 4449
Events with >= 2 bjets       0
Events passing MET cut       4449

delete csv
Done Histogramming at Thu Feb 25 08:39:07 CET 2021
Cleanup
Done Thu Feb 25 08:39:07 CET 2021
