WARNING: In non-interactive mode release checks e.g. deprecated releases, production architectures are disabled.
Error in <TNetXNGFile::Open>: [ERROR] Server responded with an error: [3010] Unable to open /cms/store/user/idas/Output/cms-hcs-run2/Skim_NanoAOD/2018/Data_SingleEle_c_Skim_NanoAOD_6of15.root; permission denied


 *** Break *** segmentation violation



===========================================================
There was a crash.
This is the entire stack trace of all threads:
===========================================================

Thread 6 (Thread 0x2ac487bca700 (LWP 225)):
#0  0x00002ac47951ec89 in syscall () from /lib64/libc.so.6
#1  0x00002ac48716d79e in XrdSys::LinuxSemaphore::Wait (this=0x3a65530) at /build/cmsbld/auto-builds/CMSSW_10_2_0_pre6-slc7_amd64_gcc700/build/CMSSW_10_2_0_pre6-build/BUILD/slc7_amd64_gcc700/external/xrootd/4.8.3-gnimlf/xrootd-4.8.3/src/./XrdSys/XrdSysLinuxSemaphore.hh:161
#2  XrdCl::SyncQueue<XrdCl::JobManager::JobHelper>::Get (this=0x3a587e8) at /build/cmsbld/auto-builds/CMSSW_10_2_0_pre6-slc7_amd64_gcc700/build/CMSSW_10_2_0_pre6-build/BUILD/slc7_amd64_gcc700/external/xrootd/4.8.3-gnimlf/xrootd-4.8.3/src/./XrdCl/XrdClSyncQueue.hh:67
#3  XrdCl::JobManager::RunJobs (this=0x3a587d0) at /build/cmsbld/auto-builds/CMSSW_10_2_0_pre6-slc7_amd64_gcc700/build/CMSSW_10_2_0_pre6-build/BUILD/slc7_amd64_gcc700/external/xrootd/4.8.3-gnimlf/xrootd-4.8.3/src/XrdCl/XrdClJobManager.cc:146
#4  0x00002ac48716d989 in RunRunnerThread (arg=<optimized out>) at /build/cmsbld/auto-builds/CMSSW_10_2_0_pre6-slc7_amd64_gcc700/build/CMSSW_10_2_0_pre6-build/BUILD/slc7_amd64_gcc700/external/xrootd/4.8.3-gnimlf/xrootd-4.8.3/src/XrdCl/XrdClJobManager.cc:33
#5  0x00002ac479211ea5 in start_thread () from /lib64/libpthread.so.0
#6  0x00002ac47952496d in clone () from /lib64/libc.so.6

Thread 5 (Thread 0x2ac4879c9700 (LWP 224)):
#0  0x00002ac47951ec89 in syscall () from /lib64/libc.so.6
#1  0x00002ac48716d79e in XrdSys::LinuxSemaphore::Wait (this=0x3a65530) at /build/cmsbld/auto-builds/CMSSW_10_2_0_pre6-slc7_amd64_gcc700/build/CMSSW_10_2_0_pre6-build/BUILD/slc7_amd64_gcc700/external/xrootd/4.8.3-gnimlf/xrootd-4.8.3/src/./XrdSys/XrdSysLinuxSemaphore.hh:161
#2  XrdCl::SyncQueue<XrdCl::JobManager::JobHelper>::Get (this=0x3a587e8) at /build/cmsbld/auto-builds/CMSSW_10_2_0_pre6-slc7_amd64_gcc700/build/CMSSW_10_2_0_pre6-build/BUILD/slc7_amd64_gcc700/external/xrootd/4.8.3-gnimlf/xrootd-4.8.3/src/./XrdCl/XrdClSyncQueue.hh:67
#3  XrdCl::JobManager::RunJobs (this=0x3a587d0) at /build/cmsbld/auto-builds/CMSSW_10_2_0_pre6-slc7_amd64_gcc700/build/CMSSW_10_2_0_pre6-build/BUILD/slc7_amd64_gcc700/external/xrootd/4.8.3-gnimlf/xrootd-4.8.3/src/XrdCl/XrdClJobManager.cc:146
#4  0x00002ac48716d989 in RunRunnerThread (arg=<optimized out>) at /build/cmsbld/auto-builds/CMSSW_10_2_0_pre6-slc7_amd64_gcc700/build/CMSSW_10_2_0_pre6-build/BUILD/slc7_amd64_gcc700/external/xrootd/4.8.3-gnimlf/xrootd-4.8.3/src/XrdCl/XrdClJobManager.cc:33
#5  0x00002ac479211ea5 in start_thread () from /lib64/libpthread.so.0
#6  0x00002ac47952496d in clone () from /lib64/libc.so.6

Thread 4 (Thread 0x2ac4877c8700 (LWP 223)):
#0  0x00002ac47951ec89 in syscall () from /lib64/libc.so.6
#1  0x00002ac48716d79e in XrdSys::LinuxSemaphore::Wait (this=0x3a65530) at /build/cmsbld/auto-builds/CMSSW_10_2_0_pre6-slc7_amd64_gcc700/build/CMSSW_10_2_0_pre6-build/BUILD/slc7_amd64_gcc700/external/xrootd/4.8.3-gnimlf/xrootd-4.8.3/src/./XrdSys/XrdSysLinuxSemaphore.hh:161
#2  XrdCl::SyncQueue<XrdCl::JobManager::JobHelper>::Get (this=0x3a587e8) at /build/cmsbld/auto-builds/CMSSW_10_2_0_pre6-slc7_amd64_gcc700/build/CMSSW_10_2_0_pre6-build/BUILD/slc7_amd64_gcc700/external/xrootd/4.8.3-gnimlf/xrootd-4.8.3/src/./XrdCl/XrdClSyncQueue.hh:67
#3  XrdCl::JobManager::RunJobs (this=0x3a587d0) at /build/cmsbld/auto-builds/CMSSW_10_2_0_pre6-slc7_amd64_gcc700/build/CMSSW_10_2_0_pre6-build/BUILD/slc7_amd64_gcc700/external/xrootd/4.8.3-gnimlf/xrootd-4.8.3/src/XrdCl/XrdClJobManager.cc:146
#4  0x00002ac48716d989 in RunRunnerThread (arg=<optimized out>) at /build/cmsbld/auto-builds/CMSSW_10_2_0_pre6-slc7_amd64_gcc700/build/CMSSW_10_2_0_pre6-build/BUILD/slc7_amd64_gcc700/external/xrootd/4.8.3-gnimlf/xrootd-4.8.3/src/XrdCl/XrdClJobManager.cc:33
#5  0x00002ac479211ea5 in start_thread () from /lib64/libpthread.so.0
#6  0x00002ac47952496d in clone () from /lib64/libc.so.6

Thread 3 (Thread 0x2ac4875c7700 (LWP 222)):
#0  0x00002ac479218e9d in nanosleep () from /lib64/libpthread.so.0
#1  0x00002ac486fa5ded in XrdSysTimer::Wait (mills=<optimized out>) at /build/cmsbld/auto-builds/CMSSW_10_2_0_pre6-slc7_amd64_gcc700/build/CMSSW_10_2_0_pre6-build/BUILD/slc7_amd64_gcc700/external/xrootd/4.8.3-gnimlf/xrootd-4.8.3/src/XrdSys/XrdSysTimer.cc:239
#2  0x00002ac487111118 in XrdCl::TaskManager::RunTasks (this=0x3a8eb50) at /build/cmsbld/auto-builds/CMSSW_10_2_0_pre6-slc7_amd64_gcc700/build/CMSSW_10_2_0_pre6-build/BUILD/slc7_amd64_gcc700/external/xrootd/4.8.3-gnimlf/xrootd-4.8.3/src/XrdCl/XrdClTaskManager.cc:244
#3  0x00002ac487111269 in RunRunnerThread (arg=<optimized out>) at /build/cmsbld/auto-builds/CMSSW_10_2_0_pre6-slc7_amd64_gcc700/build/CMSSW_10_2_0_pre6-build/BUILD/slc7_amd64_gcc700/external/xrootd/4.8.3-gnimlf/xrootd-4.8.3/src/XrdCl/XrdClTaskManager.cc:37
#4  0x00002ac479211ea5 in start_thread () from /lib64/libpthread.so.0
#5  0x00002ac47952496d in clone () from /lib64/libc.so.6

Thread 2 (Thread 0x2ac4873c6700 (LWP 221)):
#0  0x00002ac479524f43 in epoll_wait () from /lib64/libc.so.6
#1  0x00002ac486faac17 in XrdSys::IOEvents::PollE::Begin (this=0x3a64a50, syncsem=<optimized out>, retcode=<optimized out>, eTxt=<optimized out>) at /build/cmsbld/auto-builds/CMSSW_10_2_0_pre6-slc7_amd64_gcc700/build/CMSSW_10_2_0_pre6-build/BUILD/slc7_amd64_gcc700/external/xrootd/4.8.3-gnimlf/xrootd-4.8.3/src/./XrdSys/XrdSysIOEventsPollE.icc:213
#2  0x00002ac486fa74f5 in XrdSys::IOEvents::BootStrap::Start (parg=0x7ffdc5dfc8d0) at /build/cmsbld/auto-builds/CMSSW_10_2_0_pre6-slc7_amd64_gcc700/build/CMSSW_10_2_0_pre6-build/BUILD/slc7_amd64_gcc700/external/xrootd/4.8.3-gnimlf/xrootd-4.8.3/src/XrdSys/XrdSysIOEvents.cc:131
#3  0x00002ac486fa55e8 in XrdSysThread_Xeq (myargs=0x3aa58b0) at /build/cmsbld/auto-builds/CMSSW_10_2_0_pre6-slc7_amd64_gcc700/build/CMSSW_10_2_0_pre6-build/BUILD/slc7_amd64_gcc700/external/xrootd/4.8.3-gnimlf/xrootd-4.8.3/src/XrdSys/XrdSysPthread.cc:86
#4  0x00002ac479211ea5 in start_thread () from /lib64/libpthread.so.0
#5  0x00002ac47952496d in clone () from /lib64/libc.so.6

Thread 1 (Thread 0x2ac47b3b7c40 (LWP 197)):
#0  0x00002ac4794eb4b9 in waitpid () from /lib64/libc.so.6
#1  0x00002ac479468f62 in do_system () from /lib64/libc.so.6
#2  0x00002ac479469311 in system () from /lib64/libc.so.6
#3  0x00002ac4779a4a8b in TUnixSystem::StackTrace() () from /cvmfs/cms.cern.ch/slc7_amd64_gcc700/cms/cmssw/CMSSW_10_2_14/external/slc7_amd64_gcc700/lib/libCore.so
#4  0x00002ac4779a70cc in TUnixSystem::DispatchSignals(ESignals) () from /cvmfs/cms.cern.ch/slc7_amd64_gcc700/cms/cmssw/CMSSW_10_2_14/external/slc7_amd64_gcc700/lib/libCore.so
#5  <signal handler called>
#6  PUReweight::PUReweight (this=0x371e0e0, nFiles=<optimized out>, fileNames=<optimized out>, PUfilename=...) at src/PUReweight.cpp:32
#7  0x00000000004230a3 in makeRecoNtuple::makeRecoNtuple (this=0x7ffdc5dfdec0, ac=<optimized out>, av=0x7ffdc5dfec48) at makeRecoNtuple.C:338
#8  0x0000000000428105 in main (ac=<optimized out>, av=<optimized out>) at makeRecoNtuple.C:1338
===========================================================


The lines below might hint at the cause of the crash.
You may get help by asking at the ROOT forum http://root.cern.ch/forum.
Only if you are really convinced it is a bug in ROOT then please submit a
report at http://root.cern.ch/bugs. Please post the ENTIRE stack trace
from above as an attachment in addition to anything else
that might help us fixing this issue.
===========================================================
#6  PUReweight::PUReweight (this=0x371e0e0, nFiles=<optimized out>, fileNames=<optimized out>, PUfilename=...) at src/PUReweight.cpp:32
#7  0x00000000004230a3 in makeRecoNtuple::makeRecoNtuple (this=0x7ffdc5dfdec0, ac=<optimized out>, av=0x7ffdc5dfec48) at makeRecoNtuple.C:338
#8  0x0000000000428105 in main (ac=<optimized out>, av=<optimized out>) at makeRecoNtuple.C:1338
===========================================================


[547B/547B][100%][==================================================][547B/s]  [547B/547B][100%][==================================================][547B/s]  
