WARNING: In non-interactive mode release checks e.g. deprecated releases, production architectures are disabled.
Error in <TNetXNGFile::Open>: [ERROR] Server responded with an error: [3010] Unable to open /cms/store/user/idas/Output/cms-hcs-run2/Skim_NanoAOD/2018/DYjetsM10to50_Skim_NanoAOD_3of6.root; permission denied


 *** Break *** segmentation violation



===========================================================
There was a crash.
This is the entire stack trace of all threads:
===========================================================

Thread 6 (Thread 0x2b5445f8c700 (LWP 225)):
#0  0x00002b54378ded19 in syscall () from /lib64/libc.so.6
#1  0x00002b544552f79e in XrdSys::LinuxSemaphore::Wait (this=0x4f1f9c0) at /build/cmsbld/auto-builds/CMSSW_10_2_0_pre6-slc7_amd64_gcc700/build/CMSSW_10_2_0_pre6-build/BUILD/slc7_amd64_gcc700/external/xrootd/4.8.3-gnimlf/xrootd-4.8.3/src/./XrdSys/XrdSysLinuxSemaphore.hh:161
#2  XrdCl::SyncQueue<XrdCl::JobManager::JobHelper>::Get (this=0x4f2cd68) at /build/cmsbld/auto-builds/CMSSW_10_2_0_pre6-slc7_amd64_gcc700/build/CMSSW_10_2_0_pre6-build/BUILD/slc7_amd64_gcc700/external/xrootd/4.8.3-gnimlf/xrootd-4.8.3/src/./XrdCl/XrdClSyncQueue.hh:67
#3  XrdCl::JobManager::RunJobs (this=0x4f2cd50) at /build/cmsbld/auto-builds/CMSSW_10_2_0_pre6-slc7_amd64_gcc700/build/CMSSW_10_2_0_pre6-build/BUILD/slc7_amd64_gcc700/external/xrootd/4.8.3-gnimlf/xrootd-4.8.3/src/XrdCl/XrdClJobManager.cc:146
#4  0x00002b544552f989 in RunRunnerThread (arg=<optimized out>) at /build/cmsbld/auto-builds/CMSSW_10_2_0_pre6-slc7_amd64_gcc700/build/CMSSW_10_2_0_pre6-build/BUILD/slc7_amd64_gcc700/external/xrootd/4.8.3-gnimlf/xrootd-4.8.3/src/XrdCl/XrdClJobManager.cc:33
#5  0x00002b54375d1ea5 in start_thread () from /lib64/libpthread.so.0
#6  0x00002b54378e49fd in clone () from /lib64/libc.so.6

Thread 5 (Thread 0x2b5445d8b700 (LWP 224)):
#0  0x00002b54378ded19 in syscall () from /lib64/libc.so.6
#1  0x00002b544552f79e in XrdSys::LinuxSemaphore::Wait (this=0x4f1f9c0) at /build/cmsbld/auto-builds/CMSSW_10_2_0_pre6-slc7_amd64_gcc700/build/CMSSW_10_2_0_pre6-build/BUILD/slc7_amd64_gcc700/external/xrootd/4.8.3-gnimlf/xrootd-4.8.3/src/./XrdSys/XrdSysLinuxSemaphore.hh:161
#2  XrdCl::SyncQueue<XrdCl::JobManager::JobHelper>::Get (this=0x4f2cd68) at /build/cmsbld/auto-builds/CMSSW_10_2_0_pre6-slc7_amd64_gcc700/build/CMSSW_10_2_0_pre6-build/BUILD/slc7_amd64_gcc700/external/xrootd/4.8.3-gnimlf/xrootd-4.8.3/src/./XrdCl/XrdClSyncQueue.hh:67
#3  XrdCl::JobManager::RunJobs (this=0x4f2cd50) at /build/cmsbld/auto-builds/CMSSW_10_2_0_pre6-slc7_amd64_gcc700/build/CMSSW_10_2_0_pre6-build/BUILD/slc7_amd64_gcc700/external/xrootd/4.8.3-gnimlf/xrootd-4.8.3/src/XrdCl/XrdClJobManager.cc:146
#4  0x00002b544552f989 in RunRunnerThread (arg=<optimized out>) at /build/cmsbld/auto-builds/CMSSW_10_2_0_pre6-slc7_amd64_gcc700/build/CMSSW_10_2_0_pre6-build/BUILD/slc7_amd64_gcc700/external/xrootd/4.8.3-gnimlf/xrootd-4.8.3/src/XrdCl/XrdClJobManager.cc:33
#5  0x00002b54375d1ea5 in start_thread () from /lib64/libpthread.so.0
#6  0x00002b54378e49fd in clone () from /lib64/libc.so.6

Thread 4 (Thread 0x2b5445b8a700 (LWP 223)):
#0  0x00002b54378ded19 in syscall () from /lib64/libc.so.6
#1  0x00002b544552f79e in XrdSys::LinuxSemaphore::Wait (this=0x4f1f9c0) at /build/cmsbld/auto-builds/CMSSW_10_2_0_pre6-slc7_amd64_gcc700/build/CMSSW_10_2_0_pre6-build/BUILD/slc7_amd64_gcc700/external/xrootd/4.8.3-gnimlf/xrootd-4.8.3/src/./XrdSys/XrdSysLinuxSemaphore.hh:161
#2  XrdCl::SyncQueue<XrdCl::JobManager::JobHelper>::Get (this=0x4f2cd68) at /build/cmsbld/auto-builds/CMSSW_10_2_0_pre6-slc7_amd64_gcc700/build/CMSSW_10_2_0_pre6-build/BUILD/slc7_amd64_gcc700/external/xrootd/4.8.3-gnimlf/xrootd-4.8.3/src/./XrdCl/XrdClSyncQueue.hh:67
#3  XrdCl::JobManager::RunJobs (this=0x4f2cd50) at /build/cmsbld/auto-builds/CMSSW_10_2_0_pre6-slc7_amd64_gcc700/build/CMSSW_10_2_0_pre6-build/BUILD/slc7_amd64_gcc700/external/xrootd/4.8.3-gnimlf/xrootd-4.8.3/src/XrdCl/XrdClJobManager.cc:146
#4  0x00002b544552f989 in RunRunnerThread (arg=<optimized out>) at /build/cmsbld/auto-builds/CMSSW_10_2_0_pre6-slc7_amd64_gcc700/build/CMSSW_10_2_0_pre6-build/BUILD/slc7_amd64_gcc700/external/xrootd/4.8.3-gnimlf/xrootd-4.8.3/src/XrdCl/XrdClJobManager.cc:33
#5  0x00002b54375d1ea5 in start_thread () from /lib64/libpthread.so.0
#6  0x00002b54378e49fd in clone () from /lib64/libc.so.6

Thread 3 (Thread 0x2b5445989700 (LWP 222)):
#0  0x00002b54375d8e9d in nanosleep () from /lib64/libpthread.so.0
#1  0x00002b5445367ded in XrdSysTimer::Wait (mills=<optimized out>) at /build/cmsbld/auto-builds/CMSSW_10_2_0_pre6-slc7_amd64_gcc700/build/CMSSW_10_2_0_pre6-build/BUILD/slc7_amd64_gcc700/external/xrootd/4.8.3-gnimlf/xrootd-4.8.3/src/XrdSys/XrdSysTimer.cc:239
#2  0x00002b54454d3118 in XrdCl::TaskManager::RunTasks (this=0x4f50a90) at /build/cmsbld/auto-builds/CMSSW_10_2_0_pre6-slc7_amd64_gcc700/build/CMSSW_10_2_0_pre6-build/BUILD/slc7_amd64_gcc700/external/xrootd/4.8.3-gnimlf/xrootd-4.8.3/src/XrdCl/XrdClTaskManager.cc:244
#3  0x00002b54454d3269 in RunRunnerThread (arg=<optimized out>) at /build/cmsbld/auto-builds/CMSSW_10_2_0_pre6-slc7_amd64_gcc700/build/CMSSW_10_2_0_pre6-build/BUILD/slc7_amd64_gcc700/external/xrootd/4.8.3-gnimlf/xrootd-4.8.3/src/XrdCl/XrdClTaskManager.cc:37
#4  0x00002b54375d1ea5 in start_thread () from /lib64/libpthread.so.0
#5  0x00002b54378e49fd in clone () from /lib64/libc.so.6

Thread 2 (Thread 0x2b5445788700 (LWP 221)):
#0  0x00002b54378e4fd3 in epoll_wait () from /lib64/libc.so.6
#1  0x00002b544536cc17 in XrdSys::IOEvents::PollE::Begin (this=0x4f28010, syncsem=<optimized out>, retcode=<optimized out>, eTxt=<optimized out>) at /build/cmsbld/auto-builds/CMSSW_10_2_0_pre6-slc7_amd64_gcc700/build/CMSSW_10_2_0_pre6-build/BUILD/slc7_amd64_gcc700/external/xrootd/4.8.3-gnimlf/xrootd-4.8.3/src/./XrdSys/XrdSysIOEventsPollE.icc:213
#2  0x00002b54453694f5 in XrdSys::IOEvents::BootStrap::Start (parg=0x7fff5b290700) at /build/cmsbld/auto-builds/CMSSW_10_2_0_pre6-slc7_amd64_gcc700/build/CMSSW_10_2_0_pre6-build/BUILD/slc7_amd64_gcc700/external/xrootd/4.8.3-gnimlf/xrootd-4.8.3/src/XrdSys/XrdSysIOEvents.cc:131
#3  0x00002b54453675e8 in XrdSysThread_Xeq (myargs=0x4f499d0) at /build/cmsbld/auto-builds/CMSSW_10_2_0_pre6-slc7_amd64_gcc700/build/CMSSW_10_2_0_pre6-build/BUILD/slc7_amd64_gcc700/external/xrootd/4.8.3-gnimlf/xrootd-4.8.3/src/XrdSys/XrdSysPthread.cc:86
#4  0x00002b54375d1ea5 in start_thread () from /lib64/libpthread.so.0
#5  0x00002b54378e49fd in clone () from /lib64/libc.so.6

Thread 1 (Thread 0x2b5439777c40 (LWP 197)):
#0  0x00002b54378ab549 in waitpid () from /lib64/libc.so.6
#1  0x00002b5437828fb2 in do_system () from /lib64/libc.so.6
#2  0x00002b5437829361 in system () from /lib64/libc.so.6
#3  0x00002b5435d64a8b in TUnixSystem::StackTrace() () from /cvmfs/cms.cern.ch/slc7_amd64_gcc700/cms/cmssw/CMSSW_10_2_14/external/slc7_amd64_gcc700/lib/libCore.so
#4  0x00002b5435d670cc in TUnixSystem::DispatchSignals(ESignals) () from /cvmfs/cms.cern.ch/slc7_amd64_gcc700/cms/cmssw/CMSSW_10_2_14/external/slc7_amd64_gcc700/lib/libCore.so
#5  <signal handler called>
#6  PUReweight::PUReweight (this=0x4bf1be0, nFiles=<optimized out>, fileNames=<optimized out>, PUfilename=...) at src/PUReweight.cpp:32
#7  0x00000000004230a3 in makeRecoNtuple::makeRecoNtuple (this=0x7fff5b291cf0, ac=<optimized out>, av=0x7fff5b292a78) at makeRecoNtuple.C:338
#8  0x0000000000428105 in main (ac=<optimized out>, av=<optimized out>) at makeRecoNtuple.C:1338
===========================================================


The lines below might hint at the cause of the crash.
You may get help by asking at the ROOT forum http://root.cern.ch/forum.
Only if you are really convinced it is a bug in ROOT then please submit a
report at http://root.cern.ch/bugs. Please post the ENTIRE stack trace
from above as an attachment in addition to anything else
that might help us fixing this issue.
===========================================================
#6  PUReweight::PUReweight (this=0x4bf1be0, nFiles=<optimized out>, fileNames=<optimized out>, PUfilename=...) at src/PUReweight.cpp:32
#7  0x00000000004230a3 in makeRecoNtuple::makeRecoNtuple (this=0x7fff5b291cf0, ac=<optimized out>, av=0x7fff5b292a78) at makeRecoNtuple.C:338
#8  0x0000000000428105 in main (ac=<optimized out>, av=<optimized out>) at makeRecoNtuple.C:1338
===========================================================


[527B/527B][100%][==================================================][527B/s]  [527B/527B][100%][==================================================][527B/s]  
