WARNING: In non-interactive mode release checks e.g. deprecated releases, production architectures are disabled.
Error in <TNetXNGFile::Open>: [ERROR] Server responded with an error: [3010] Unable to open /cms/store/user/idas/Output/cms-hcs-run2/Skim_NanoAOD/2017/TTbarPowheg_Semilept_Skim_NanoAOD_7of25.root; permission denied


 *** Break *** segmentation violation



===========================================================
There was a crash.
This is the entire stack trace of all threads:
===========================================================

Thread 6 (Thread 0x2ac51342a700 (LWP 225)):
#0  0x00002ac5041a9d19 in syscall () from /lib64/libc.so.6
#1  0x00002ac5129cd79e in XrdSys::LinuxSemaphore::Wait (this=0x6a59cc0) at /build/cmsbld/auto-builds/CMSSW_10_2_0_pre6-slc7_amd64_gcc700/build/CMSSW_10_2_0_pre6-build/BUILD/slc7_amd64_gcc700/external/xrootd/4.8.3-gnimlf/xrootd-4.8.3/src/./XrdSys/XrdSysLinuxSemaphore.hh:161
#2  XrdCl::SyncQueue<XrdCl::JobManager::JobHelper>::Get (this=0x6a3dc98) at /build/cmsbld/auto-builds/CMSSW_10_2_0_pre6-slc7_amd64_gcc700/build/CMSSW_10_2_0_pre6-build/BUILD/slc7_amd64_gcc700/external/xrootd/4.8.3-gnimlf/xrootd-4.8.3/src/./XrdCl/XrdClSyncQueue.hh:67
#3  XrdCl::JobManager::RunJobs (this=0x6a3dc80) at /build/cmsbld/auto-builds/CMSSW_10_2_0_pre6-slc7_amd64_gcc700/build/CMSSW_10_2_0_pre6-build/BUILD/slc7_amd64_gcc700/external/xrootd/4.8.3-gnimlf/xrootd-4.8.3/src/XrdCl/XrdClJobManager.cc:146
#4  0x00002ac5129cd989 in RunRunnerThread (arg=<optimized out>) at /build/cmsbld/auto-builds/CMSSW_10_2_0_pre6-slc7_amd64_gcc700/build/CMSSW_10_2_0_pre6-build/BUILD/slc7_amd64_gcc700/external/xrootd/4.8.3-gnimlf/xrootd-4.8.3/src/XrdCl/XrdClJobManager.cc:33
#5  0x00002ac503e9cea5 in start_thread () from /lib64/libpthread.so.0
#6  0x00002ac5041af9fd in clone () from /lib64/libc.so.6

Thread 5 (Thread 0x2ac513229700 (LWP 224)):
#0  0x00002ac5041a9d19 in syscall () from /lib64/libc.so.6
#1  0x00002ac5129cd79e in XrdSys::LinuxSemaphore::Wait (this=0x6a59cc0) at /build/cmsbld/auto-builds/CMSSW_10_2_0_pre6-slc7_amd64_gcc700/build/CMSSW_10_2_0_pre6-build/BUILD/slc7_amd64_gcc700/external/xrootd/4.8.3-gnimlf/xrootd-4.8.3/src/./XrdSys/XrdSysLinuxSemaphore.hh:161
#2  XrdCl::SyncQueue<XrdCl::JobManager::JobHelper>::Get (this=0x6a3dc98) at /build/cmsbld/auto-builds/CMSSW_10_2_0_pre6-slc7_amd64_gcc700/build/CMSSW_10_2_0_pre6-build/BUILD/slc7_amd64_gcc700/external/xrootd/4.8.3-gnimlf/xrootd-4.8.3/src/./XrdCl/XrdClSyncQueue.hh:67
#3  XrdCl::JobManager::RunJobs (this=0x6a3dc80) at /build/cmsbld/auto-builds/CMSSW_10_2_0_pre6-slc7_amd64_gcc700/build/CMSSW_10_2_0_pre6-build/BUILD/slc7_amd64_gcc700/external/xrootd/4.8.3-gnimlf/xrootd-4.8.3/src/XrdCl/XrdClJobManager.cc:146
#4  0x00002ac5129cd989 in RunRunnerThread (arg=<optimized out>) at /build/cmsbld/auto-builds/CMSSW_10_2_0_pre6-slc7_amd64_gcc700/build/CMSSW_10_2_0_pre6-build/BUILD/slc7_amd64_gcc700/external/xrootd/4.8.3-gnimlf/xrootd-4.8.3/src/XrdCl/XrdClJobManager.cc:33
#5  0x00002ac503e9cea5 in start_thread () from /lib64/libpthread.so.0
#6  0x00002ac5041af9fd in clone () from /lib64/libc.so.6

Thread 4 (Thread 0x2ac513028700 (LWP 223)):
#0  0x00002ac5041a9d19 in syscall () from /lib64/libc.so.6
#1  0x00002ac5129cd79e in XrdSys::LinuxSemaphore::Wait (this=0x6a59cc0) at /build/cmsbld/auto-builds/CMSSW_10_2_0_pre6-slc7_amd64_gcc700/build/CMSSW_10_2_0_pre6-build/BUILD/slc7_amd64_gcc700/external/xrootd/4.8.3-gnimlf/xrootd-4.8.3/src/./XrdSys/XrdSysLinuxSemaphore.hh:161
#2  XrdCl::SyncQueue<XrdCl::JobManager::JobHelper>::Get (this=0x6a3dc98) at /build/cmsbld/auto-builds/CMSSW_10_2_0_pre6-slc7_amd64_gcc700/build/CMSSW_10_2_0_pre6-build/BUILD/slc7_amd64_gcc700/external/xrootd/4.8.3-gnimlf/xrootd-4.8.3/src/./XrdCl/XrdClSyncQueue.hh:67
#3  XrdCl::JobManager::RunJobs (this=0x6a3dc80) at /build/cmsbld/auto-builds/CMSSW_10_2_0_pre6-slc7_amd64_gcc700/build/CMSSW_10_2_0_pre6-build/BUILD/slc7_amd64_gcc700/external/xrootd/4.8.3-gnimlf/xrootd-4.8.3/src/XrdCl/XrdClJobManager.cc:146
#4  0x00002ac5129cd989 in RunRunnerThread (arg=<optimized out>) at /build/cmsbld/auto-builds/CMSSW_10_2_0_pre6-slc7_amd64_gcc700/build/CMSSW_10_2_0_pre6-build/BUILD/slc7_amd64_gcc700/external/xrootd/4.8.3-gnimlf/xrootd-4.8.3/src/XrdCl/XrdClJobManager.cc:33
#5  0x00002ac503e9cea5 in start_thread () from /lib64/libpthread.so.0
#6  0x00002ac5041af9fd in clone () from /lib64/libc.so.6

Thread 3 (Thread 0x2ac512e27700 (LWP 222)):
#0  0x00002ac503ea3e9d in nanosleep () from /lib64/libpthread.so.0
#1  0x00002ac512805ded in XrdSysTimer::Wait (mills=<optimized out>) at /build/cmsbld/auto-builds/CMSSW_10_2_0_pre6-slc7_amd64_gcc700/build/CMSSW_10_2_0_pre6-build/BUILD/slc7_amd64_gcc700/external/xrootd/4.8.3-gnimlf/xrootd-4.8.3/src/XrdSys/XrdSysTimer.cc:239
#2  0x00002ac512971118 in XrdCl::TaskManager::RunTasks (this=0x6a47490) at /build/cmsbld/auto-builds/CMSSW_10_2_0_pre6-slc7_amd64_gcc700/build/CMSSW_10_2_0_pre6-build/BUILD/slc7_amd64_gcc700/external/xrootd/4.8.3-gnimlf/xrootd-4.8.3/src/XrdCl/XrdClTaskManager.cc:244
#3  0x00002ac512971269 in RunRunnerThread (arg=<optimized out>) at /build/cmsbld/auto-builds/CMSSW_10_2_0_pre6-slc7_amd64_gcc700/build/CMSSW_10_2_0_pre6-build/BUILD/slc7_amd64_gcc700/external/xrootd/4.8.3-gnimlf/xrootd-4.8.3/src/XrdCl/XrdClTaskManager.cc:37
#4  0x00002ac503e9cea5 in start_thread () from /lib64/libpthread.so.0
#5  0x00002ac5041af9fd in clone () from /lib64/libc.so.6

Thread 2 (Thread 0x2ac512c26700 (LWP 221)):
#0  0x00002ac5041affd3 in epoll_wait () from /lib64/libc.so.6
#1  0x00002ac51280ac17 in XrdSys::IOEvents::PollE::Begin (this=0x6a4baa0, syncsem=<optimized out>, retcode=<optimized out>, eTxt=<optimized out>) at /build/cmsbld/auto-builds/CMSSW_10_2_0_pre6-slc7_amd64_gcc700/build/CMSSW_10_2_0_pre6-build/BUILD/slc7_amd64_gcc700/external/xrootd/4.8.3-gnimlf/xrootd-4.8.3/src/./XrdSys/XrdSysIOEventsPollE.icc:213
#2  0x00002ac5128074f5 in XrdSys::IOEvents::BootStrap::Start (parg=0x7ffd4a371010) at /build/cmsbld/auto-builds/CMSSW_10_2_0_pre6-slc7_amd64_gcc700/build/CMSSW_10_2_0_pre6-build/BUILD/slc7_amd64_gcc700/external/xrootd/4.8.3-gnimlf/xrootd-4.8.3/src/XrdSys/XrdSysIOEvents.cc:131
#3  0x00002ac5128055e8 in XrdSysThread_Xeq (myargs=0x6a3dd50) at /build/cmsbld/auto-builds/CMSSW_10_2_0_pre6-slc7_amd64_gcc700/build/CMSSW_10_2_0_pre6-build/BUILD/slc7_amd64_gcc700/external/xrootd/4.8.3-gnimlf/xrootd-4.8.3/src/XrdSys/XrdSysPthread.cc:86
#4  0x00002ac503e9cea5 in start_thread () from /lib64/libpthread.so.0
#5  0x00002ac5041af9fd in clone () from /lib64/libc.so.6

Thread 1 (Thread 0x2ac506042c40 (LWP 197)):
#0  0x00002ac504176549 in waitpid () from /lib64/libc.so.6
#1  0x00002ac5040f3fb2 in do_system () from /lib64/libc.so.6
#2  0x00002ac5040f4361 in system () from /lib64/libc.so.6
#3  0x00002ac50262fa8b in TUnixSystem::StackTrace() () from /cvmfs/cms.cern.ch/slc7_amd64_gcc700/cms/cmssw/CMSSW_10_2_14/external/slc7_amd64_gcc700/lib/libCore.so
#4  0x00002ac5026320cc in TUnixSystem::DispatchSignals(ESignals) () from /cvmfs/cms.cern.ch/slc7_amd64_gcc700/cms/cmssw/CMSSW_10_2_14/external/slc7_amd64_gcc700/lib/libCore.so
#5  <signal handler called>
#6  PUReweight::PUReweight (this=0x4167fc0, nFiles=<optimized out>, fileNames=<optimized out>, PUfilename=...) at src/PUReweight.cpp:32
#7  0x00000000004230a3 in makeRecoNtuple::makeRecoNtuple (this=0x7ffd4a372600, ac=<optimized out>, av=0x7ffd4a373388) at makeRecoNtuple.C:338
#8  0x0000000000428105 in main (ac=<optimized out>, av=<optimized out>) at makeRecoNtuple.C:1338
===========================================================


The lines below might hint at the cause of the crash.
You may get help by asking at the ROOT forum http://root.cern.ch/forum.
Only if you are really convinced it is a bug in ROOT then please submit a
report at http://root.cern.ch/bugs. Please post the ENTIRE stack trace
from above as an attachment in addition to anything else
that might help us fixing this issue.
===========================================================
#6  PUReweight::PUReweight (this=0x4167fc0, nFiles=<optimized out>, fileNames=<optimized out>, PUfilename=...) at src/PUReweight.cpp:32
#7  0x00000000004230a3 in makeRecoNtuple::makeRecoNtuple (this=0x7ffd4a372600, ac=<optimized out>, av=0x7ffd4a373388) at makeRecoNtuple.C:338
#8  0x0000000000428105 in main (ac=<optimized out>, av=<optimized out>) at makeRecoNtuple.C:1338
===========================================================


[563B/563B][100%][==================================================][563B/s]  [563B/563B][100%][==================================================][563B/s]  
