WARNING: In non-interactive mode release checks e.g. deprecated releases, production architectures are disabled.
Error in <TNetXNGFile::Open>: [ERROR] Server responded with an error: [3010] Unable to open /cms/store/user/idas/Output/cms-hcs-run2/Skim_NanoAOD/2017/TTbarPowheg_Semilept_Skim_NanoAOD_7of25.root; permission denied


 *** Break *** segmentation violation



===========================================================
There was a crash.
This is the entire stack trace of all threads:
===========================================================

Thread 6 (Thread 0x2b14b47b1700 (LWP 225)):
#0  0x00002b14a5530d19 in syscall () from /lib64/libc.so.6
#1  0x00002b14b3d5479e in XrdSys::LinuxSemaphore::Wait (this=0x7593530) at /build/cmsbld/auto-builds/CMSSW_10_2_0_pre6-slc7_amd64_gcc700/build/CMSSW_10_2_0_pre6-build/BUILD/slc7_amd64_gcc700/external/xrootd/4.8.3-gnimlf/xrootd-4.8.3/src/./XrdSys/XrdSysLinuxSemaphore.hh:161
#2  XrdCl::SyncQueue<XrdCl::JobManager::JobHelper>::Get (this=0x75cc2c8) at /build/cmsbld/auto-builds/CMSSW_10_2_0_pre6-slc7_amd64_gcc700/build/CMSSW_10_2_0_pre6-build/BUILD/slc7_amd64_gcc700/external/xrootd/4.8.3-gnimlf/xrootd-4.8.3/src/./XrdCl/XrdClSyncQueue.hh:67
#3  XrdCl::JobManager::RunJobs (this=0x75cc2b0) at /build/cmsbld/auto-builds/CMSSW_10_2_0_pre6-slc7_amd64_gcc700/build/CMSSW_10_2_0_pre6-build/BUILD/slc7_amd64_gcc700/external/xrootd/4.8.3-gnimlf/xrootd-4.8.3/src/XrdCl/XrdClJobManager.cc:146
#4  0x00002b14b3d54989 in RunRunnerThread (arg=<optimized out>) at /build/cmsbld/auto-builds/CMSSW_10_2_0_pre6-slc7_amd64_gcc700/build/CMSSW_10_2_0_pre6-build/BUILD/slc7_amd64_gcc700/external/xrootd/4.8.3-gnimlf/xrootd-4.8.3/src/XrdCl/XrdClJobManager.cc:33
#5  0x00002b14a5223ea5 in start_thread () from /lib64/libpthread.so.0
#6  0x00002b14a55369fd in clone () from /lib64/libc.so.6

Thread 5 (Thread 0x2b14b45b0700 (LWP 224)):
#0  0x00002b14a5530d19 in syscall () from /lib64/libc.so.6
#1  0x00002b14b3d5479e in XrdSys::LinuxSemaphore::Wait (this=0x7593530) at /build/cmsbld/auto-builds/CMSSW_10_2_0_pre6-slc7_amd64_gcc700/build/CMSSW_10_2_0_pre6-build/BUILD/slc7_amd64_gcc700/external/xrootd/4.8.3-gnimlf/xrootd-4.8.3/src/./XrdSys/XrdSysLinuxSemaphore.hh:161
#2  XrdCl::SyncQueue<XrdCl::JobManager::JobHelper>::Get (this=0x75cc2c8) at /build/cmsbld/auto-builds/CMSSW_10_2_0_pre6-slc7_amd64_gcc700/build/CMSSW_10_2_0_pre6-build/BUILD/slc7_amd64_gcc700/external/xrootd/4.8.3-gnimlf/xrootd-4.8.3/src/./XrdCl/XrdClSyncQueue.hh:67
#3  XrdCl::JobManager::RunJobs (this=0x75cc2b0) at /build/cmsbld/auto-builds/CMSSW_10_2_0_pre6-slc7_amd64_gcc700/build/CMSSW_10_2_0_pre6-build/BUILD/slc7_amd64_gcc700/external/xrootd/4.8.3-gnimlf/xrootd-4.8.3/src/XrdCl/XrdClJobManager.cc:146
#4  0x00002b14b3d54989 in RunRunnerThread (arg=<optimized out>) at /build/cmsbld/auto-builds/CMSSW_10_2_0_pre6-slc7_amd64_gcc700/build/CMSSW_10_2_0_pre6-build/BUILD/slc7_amd64_gcc700/external/xrootd/4.8.3-gnimlf/xrootd-4.8.3/src/XrdCl/XrdClJobManager.cc:33
#5  0x00002b14a5223ea5 in start_thread () from /lib64/libpthread.so.0
#6  0x00002b14a55369fd in clone () from /lib64/libc.so.6

Thread 4 (Thread 0x2b14b43af700 (LWP 223)):
#0  0x00002b14a5530d19 in syscall () from /lib64/libc.so.6
#1  0x00002b14b3d5479e in XrdSys::LinuxSemaphore::Wait (this=0x7593530) at /build/cmsbld/auto-builds/CMSSW_10_2_0_pre6-slc7_amd64_gcc700/build/CMSSW_10_2_0_pre6-build/BUILD/slc7_amd64_gcc700/external/xrootd/4.8.3-gnimlf/xrootd-4.8.3/src/./XrdSys/XrdSysLinuxSemaphore.hh:161
#2  XrdCl::SyncQueue<XrdCl::JobManager::JobHelper>::Get (this=0x75cc2c8) at /build/cmsbld/auto-builds/CMSSW_10_2_0_pre6-slc7_amd64_gcc700/build/CMSSW_10_2_0_pre6-build/BUILD/slc7_amd64_gcc700/external/xrootd/4.8.3-gnimlf/xrootd-4.8.3/src/./XrdCl/XrdClSyncQueue.hh:67
#3  XrdCl::JobManager::RunJobs (this=0x75cc2b0) at /build/cmsbld/auto-builds/CMSSW_10_2_0_pre6-slc7_amd64_gcc700/build/CMSSW_10_2_0_pre6-build/BUILD/slc7_amd64_gcc700/external/xrootd/4.8.3-gnimlf/xrootd-4.8.3/src/XrdCl/XrdClJobManager.cc:146
#4  0x00002b14b3d54989 in RunRunnerThread (arg=<optimized out>) at /build/cmsbld/auto-builds/CMSSW_10_2_0_pre6-slc7_amd64_gcc700/build/CMSSW_10_2_0_pre6-build/BUILD/slc7_amd64_gcc700/external/xrootd/4.8.3-gnimlf/xrootd-4.8.3/src/XrdCl/XrdClJobManager.cc:33
#5  0x00002b14a5223ea5 in start_thread () from /lib64/libpthread.so.0
#6  0x00002b14a55369fd in clone () from /lib64/libc.so.6

Thread 3 (Thread 0x2b14b41ae700 (LWP 222)):
#0  0x00002b14a522ae9d in nanosleep () from /lib64/libpthread.so.0
#1  0x00002b14b3b8cded in XrdSysTimer::Wait (mills=<optimized out>) at /build/cmsbld/auto-builds/CMSSW_10_2_0_pre6-slc7_amd64_gcc700/build/CMSSW_10_2_0_pre6-build/BUILD/slc7_amd64_gcc700/external/xrootd/4.8.3-gnimlf/xrootd-4.8.3/src/XrdSys/XrdSysTimer.cc:239
#2  0x00002b14b3cf8118 in XrdCl::TaskManager::RunTasks (this=0x7586750) at /build/cmsbld/auto-builds/CMSSW_10_2_0_pre6-slc7_amd64_gcc700/build/CMSSW_10_2_0_pre6-build/BUILD/slc7_amd64_gcc700/external/xrootd/4.8.3-gnimlf/xrootd-4.8.3/src/XrdCl/XrdClTaskManager.cc:244
#3  0x00002b14b3cf8269 in RunRunnerThread (arg=<optimized out>) at /build/cmsbld/auto-builds/CMSSW_10_2_0_pre6-slc7_amd64_gcc700/build/CMSSW_10_2_0_pre6-build/BUILD/slc7_amd64_gcc700/external/xrootd/4.8.3-gnimlf/xrootd-4.8.3/src/XrdCl/XrdClTaskManager.cc:37
#4  0x00002b14a5223ea5 in start_thread () from /lib64/libpthread.so.0
#5  0x00002b14a55369fd in clone () from /lib64/libc.so.6

Thread 2 (Thread 0x2b14b3fad700 (LWP 221)):
#0  0x00002b14a5536fd3 in epoll_wait () from /lib64/libc.so.6
#1  0x00002b14b3b91c17 in XrdSys::IOEvents::PollE::Begin (this=0x758f1a0, syncsem=<optimized out>, retcode=<optimized out>, eTxt=<optimized out>) at /build/cmsbld/auto-builds/CMSSW_10_2_0_pre6-slc7_amd64_gcc700/build/CMSSW_10_2_0_pre6-build/BUILD/slc7_amd64_gcc700/external/xrootd/4.8.3-gnimlf/xrootd-4.8.3/src/./XrdSys/XrdSysIOEventsPollE.icc:213
#2  0x00002b14b3b8e4f5 in XrdSys::IOEvents::BootStrap::Start (parg=0x7ffff8f32d00) at /build/cmsbld/auto-builds/CMSSW_10_2_0_pre6-slc7_amd64_gcc700/build/CMSSW_10_2_0_pre6-build/BUILD/slc7_amd64_gcc700/external/xrootd/4.8.3-gnimlf/xrootd-4.8.3/src/XrdSys/XrdSysIOEvents.cc:131
#3  0x00002b14b3b8c5e8 in XrdSysThread_Xeq (myargs=0x759ebb0) at /build/cmsbld/auto-builds/CMSSW_10_2_0_pre6-slc7_amd64_gcc700/build/CMSSW_10_2_0_pre6-build/BUILD/slc7_amd64_gcc700/external/xrootd/4.8.3-gnimlf/xrootd-4.8.3/src/XrdSys/XrdSysPthread.cc:86
#4  0x00002b14a5223ea5 in start_thread () from /lib64/libpthread.so.0
#5  0x00002b14a55369fd in clone () from /lib64/libc.so.6

Thread 1 (Thread 0x2b14a73c9c40 (LWP 197)):
#0  0x00002b14a54fd549 in waitpid () from /lib64/libc.so.6
#1  0x00002b14a547afb2 in do_system () from /lib64/libc.so.6
#2  0x00002b14a547b361 in system () from /lib64/libc.so.6
#3  0x00002b14a39b6a8b in TUnixSystem::StackTrace() () from /cvmfs/cms.cern.ch/slc7_amd64_gcc700/cms/cmssw/CMSSW_10_2_14/external/slc7_amd64_gcc700/lib/libCore.so
#4  0x00002b14a39b90cc in TUnixSystem::DispatchSignals(ESignals) () from /cvmfs/cms.cern.ch/slc7_amd64_gcc700/cms/cmssw/CMSSW_10_2_14/external/slc7_amd64_gcc700/lib/libCore.so
#5  <signal handler called>
#6  PUReweight::PUReweight (this=0x72799c0, nFiles=<optimized out>, fileNames=<optimized out>, PUfilename=...) at src/PUReweight.cpp:32
#7  0x00000000004230a3 in makeRecoNtuple::makeRecoNtuple (this=0x7ffff8f342f0, ac=<optimized out>, av=0x7ffff8f35078) at makeRecoNtuple.C:338
#8  0x0000000000428105 in main (ac=<optimized out>, av=<optimized out>) at makeRecoNtuple.C:1338
===========================================================


The lines below might hint at the cause of the crash.
You may get help by asking at the ROOT forum http://root.cern.ch/forum.
Only if you are really convinced it is a bug in ROOT then please submit a
report at http://root.cern.ch/bugs. Please post the ENTIRE stack trace
from above as an attachment in addition to anything else
that might help us fixing this issue.
===========================================================
#6  PUReweight::PUReweight (this=0x72799c0, nFiles=<optimized out>, fileNames=<optimized out>, PUfilename=...) at src/PUReweight.cpp:32
#7  0x00000000004230a3 in makeRecoNtuple::makeRecoNtuple (this=0x7ffff8f342f0, ac=<optimized out>, av=0x7ffff8f35078) at makeRecoNtuple.C:338
#8  0x0000000000428105 in main (ac=<optimized out>, av=<optimized out>) at makeRecoNtuple.C:1338
===========================================================


[559B/559B][100%][==================================================][559B/s]  [559B/559B][100%][==================================================][559B/s]  
