Start Running Histogramming at Thu Feb 25 08:37:23 CET 2021
Worker node hostname b7g28n0711.cern.ch
Running In Batch
/pool/condor/dir_32233
WARNING: Release CMSSW_10_2_14 is not available for architecture slc7_amd64_gcc820.
         Developer's area is created for available architecture slc7_amd64_gcc700.
RecoNtuple_Skim/interface/
RecoNtuple_Skim/interface/eleSF_reader.h
RecoNtuple_Skim/interface/Utils.h
RecoNtuple_Skim/interface/BTagCalibrationStandalone.h
RecoNtuple_Skim/interface/EventPick.h
RecoNtuple_Skim/interface/EventTree.h
RecoNtuple_Skim/interface/FactorizedJetCorrector.h
RecoNtuple_Skim/interface/JECvariation.h
RecoNtuple_Skim/interface/JERUtilities.h
RecoNtuple_Skim/interface/JERUtilities.h.gch
RecoNtuple_Skim/interface/JetCorrectionUncertainty.h
RecoNtuple_Skim/interface/JetCorrectorParameters.h
RecoNtuple_Skim/interface/JetResolution.h
RecoNtuple_Skim/interface/JetResolutionObject.h
RecoNtuple_Skim/interface/METzCalculator.h
RecoNtuple_Skim/interface/PUReweight.h
RecoNtuple_Skim/interface/ScaleFactorFunction.h
RecoNtuple_Skim/interface/Selector.h
RecoNtuple_Skim/interface/SimpleJetCorrectionUncertainty.h
RecoNtuple_Skim/interface/SimpleJetCorrector.h
RecoNtuple_Skim/interface/TopEventCombinatorics.h
RecoNtuple_Skim/interface/UncertaintySourcesList.h
RecoNtuple_Skim/interface/elemuSF.h
RecoNtuple_Skim/interface/elemuSF_2016.h
RecoNtuple_Skim/interface/elemuSF_2017.h
RecoNtuple_Skim/interface/elemuSF_2018.h
RecoNtuple_Skim/interface/makeRecoNtuple.h
RecoNtuple_Skim/interface/muSF_reader.h
RecoNtuple_Skim/interface/ScaleFactorFunction.h~
RecoNtuple_Skim/sample/
RecoNtuple_Skim/sample/Skim_NanoAOD_FileLists_cff.sh
RecoNtuple_Skim/sample/produceFileLists.py
RecoNtuple_Skim/sample/#produceFileLists.py#
RecoNtuple_Skim/src/
RecoNtuple_Skim/src/makeSkim.cpp
RecoNtuple_Skim/src/EventPick.o
RecoNtuple_Skim/src/BTagCalibrationStandalone.cpp
RecoNtuple_Skim/src/BTagCalibrationStandalone.o
RecoNtuple_Skim/src/ErrorTypes.cpp
RecoNtuple_Skim/src/ErrorTypes.hpp
RecoNtuple_Skim/src/EventPick.cpp
RecoNtuple_Skim/src/EventTree.o
RecoNtuple_Skim/src/EventPick_gen.cpp
RecoNtuple_Skim/src/EventTree.cpp
RecoNtuple_Skim/src/JECvariation.o
RecoNtuple_Skim/src/FactorizedJetCorrector.cpp
RecoNtuple_Skim/src/FactorizedJetCorrector.o
RecoNtuple_Skim/src/JECUncertainty.cpp
RecoNtuple_Skim/src/JECUncertainty.hpp
RecoNtuple_Skim/src/JECvariation.cpp
RecoNtuple_Skim/src/JetResolution.o
RecoNtuple_Skim/src/JetCorrectionUncertainty.cpp
RecoNtuple_Skim/src/JetCorrectionUncertainty.o
RecoNtuple_Skim/src/JetCorrectorParameters.cpp
RecoNtuple_Skim/src/JetCorrectorParameters.o
RecoNtuple_Skim/src/JetDefs.hpp
RecoNtuple_Skim/src/JetResolution.cc
RecoNtuple_Skim/src/Selector.o
RecoNtuple_Skim/src/JetResolutionObject.cc
RecoNtuple_Skim/src/JetResolutionObject.o
RecoNtuple_Skim/src/METzCalculator.cpp
RecoNtuple_Skim/src/Makefile
RecoNtuple_Skim/src/PUReweight.cpp
RecoNtuple_Skim/src/Selector.cpp
RecoNtuple_Skim/src/Utils.o
RecoNtuple_Skim/src/Selector_gen.cpp
RecoNtuple_Skim/src/SimpleJetCorrectionUncertainty.cpp
RecoNtuple_Skim/src/SimpleJetCorrectionUncertainty.o
RecoNtuple_Skim/src/SimpleJetCorrector.cpp
RecoNtuple_Skim/src/SimpleJetCorrector.o
RecoNtuple_Skim/src/TopEventCombinatorics.cpp
RecoNtuple_Skim/src/Utilities.cc
RecoNtuple_Skim/src/Utils.cc
RecoNtuple_Skim/src/testLepSF.cpp
RecoNtuple_Skim/weight/
RecoNtuple_Skim/weight/BtagSF/
RecoNtuple_Skim/weight/BtagSF/DeepCSV_102XSF_V1.csv
RecoNtuple_Skim/weight/BtagSF/DeepCSV_2016LegacySF_V1.csv
RecoNtuple_Skim/weight/BtagSF/DeepCSV_94XSF_V3_B_F.csv
RecoNtuple_Skim/weight/BtagSF/DeepCSV_Moriond17_B_H.csv
RecoNtuple_Skim/weight/BtagSF/btag_efficiencies_2016.root
RecoNtuple_Skim/weight/BtagSF/btag_efficiencies_2017.root
RecoNtuple_Skim/weight/BtagSF/btag_efficiencies_2018.root
RecoNtuple_Skim/weight/JetSF/
RecoNtuple_Skim/weight/JetSF/JER/
RecoNtuple_Skim/weight/JetSF/JER/Autumn18_V7b_MC_PtResolution_AK4PFchs.txt
RecoNtuple_Skim/weight/JetSF/JER/Autumn18_V7b_MC_SF_AK4PFchs.txt
RecoNtuple_Skim/weight/JetSF/JER/Fall17_V3_MC_PtResolution_AK4PFchs.txt
RecoNtuple_Skim/weight/JetSF/JER/Fall17_V3_MC_SF_AK4PFchs.txt
RecoNtuple_Skim/weight/JetSF/JER/Summer16_25nsV1_MC_PtResolution_AK4PFchs.txt
RecoNtuple_Skim/weight/JetSF/JER/Summer16_25nsV1_MC_SF_AK4PFchs.txt
RecoNtuple_Skim/weight/JetSF/Autumn18_V19_MC_L2L3Residual_AK4PFchs.txt
RecoNtuple_Skim/weight/JetSF/Autumn18_V19_MC_L1FastJet_AK4PFchs.txt
RecoNtuple_Skim/weight/JetSF/Autumn18_V19_MC_L1RC_AK4PFchs.txt
RecoNtuple_Skim/weight/JetSF/Autumn18_V19_MC_UncertaintySources_AK4PFchs.txt
RecoNtuple_Skim/weight/JetSF/Autumn18_V19_MC_L2Relative_AK4PFchs.txt
RecoNtuple_Skim/weight/JetSF/Autumn18_V19_MC_L2Residual_AK4PFchs.txt
RecoNtuple_Skim/weight/JetSF/Autumn18_V19_MC_L3Absolute_AK4PFchs.txt
RecoNtuple_Skim/weight/JetSF/Autumn18_V19_MC_Uncertainty_AK4PFchs.txt
RecoNtuple_Skim/weight/JetSF/Fall17_17Nov2017_V32_MC_L1FastJet_AK4PFchs.txt
RecoNtuple_Skim/weight/JetSF/Fall17_17Nov2017_V32_MC_L1RC_AK4PFchs.txt
RecoNtuple_Skim/weight/JetSF/Fall17_17Nov2017_V32_MC_L2L3Residual_AK4PFchs.txt
RecoNtuple_Skim/weight/JetSF/Fall17_17Nov2017_V32_MC_L2Relative_AK4PFchs.txt
RecoNtuple_Skim/weight/JetSF/Fall17_17Nov2017_V32_MC_L2Residual_AK4PFchs.txt
RecoNtuple_Skim/weight/JetSF/Fall17_17Nov2017_V32_MC_L3Absolute_AK4PFchs.txt
RecoNtuple_Skim/weight/JetSF/Fall17_17Nov2017_V32_MC_UncertaintySources_AK4PFchs.txt
RecoNtuple_Skim/weight/JetSF/Fall17_17Nov2017_V32_MC_Uncertainty_AK4PFchs.txt
RecoNtuple_Skim/weight/JetSF/Summer16_07Aug2017_V11_MC_L1FastJet_AK4PFchs.txt
RecoNtuple_Skim/weight/JetSF/Summer16_07Aug2017_V11_MC_L1RC_AK4PFchs.txt
RecoNtuple_Skim/weight/JetSF/Summer16_07Aug2017_V11_MC_L2L3Residual_AK4PFchs.txt
RecoNtuple_Skim/weight/JetSF/Summer16_07Aug2017_V11_MC_L2Relative_AK4PFchs.txt
RecoNtuple_Skim/weight/JetSF/Summer16_07Aug2017_V11_MC_L2Residual_AK4PFchs.txt
RecoNtuple_Skim/weight/JetSF/Summer16_07Aug2017_V11_MC_L3Absolute_AK4PFchs.txt
RecoNtuple_Skim/weight/JetSF/Summer16_07Aug2017_V11_MC_UncertaintySources_AK4PFchs.txt
RecoNtuple_Skim/weight/JetSF/Summer16_07Aug2017_V11_MC_Uncertainty_AK4PFchs.txt
RecoNtuple_Skim/weight/MuEleSF/
RecoNtuple_Skim/weight/MuEleSF/ele2016/
RecoNtuple_Skim/weight/MuEleSF/ele2016/2016LegacyReReco_ElectronTight_Fall17V2.root
RecoNtuple_Skim/weight/MuEleSF/ele2016/EGM2D_BtoH_GT20GeV_RecoSF_Legacy2016.root
RecoNtuple_Skim/weight/MuEleSF/ele2016/sf_ele_2016_trig_v5.root
RecoNtuple_Skim/weight/MuEleSF/ele2017/
RecoNtuple_Skim/weight/MuEleSF/ele2017/egammaEffi.txt_EGM2D_runBCDEF_passingRECO.root
RecoNtuple_Skim/weight/MuEleSF/ele2017/2017_ElectronTight.root
RecoNtuple_Skim/weight/MuEleSF/ele2017/sf_ele_2017_trig_v5.root
RecoNtuple_Skim/weight/MuEleSF/ele2018/
RecoNtuple_Skim/weight/MuEleSF/ele2018/2018_ElectronTight.root
RecoNtuple_Skim/weight/MuEleSF/ele2018/egammaEffi.txt_EGM2D_updatedAll.root
RecoNtuple_Skim/weight/MuEleSF/ele2018/sf_ele_2018_trig_v5.root
RecoNtuple_Skim/weight/MuEleSF/mu2016/
RecoNtuple_Skim/weight/MuEleSF/mu2016/EfficienciesStudies_2016_legacy_rereco_jsonfiles_RunBCDEF_SF_ID.json
RecoNtuple_Skim/weight/MuEleSF/mu2016/EfficienciesStudies_2016_legacy_rereco_jsonfiles_RunBCDEF_SF_ISO.json
RecoNtuple_Skim/weight/MuEleSF/mu2016/EfficienciesStudies_2016_legacy_rereco_jsonfiles_RunGH_SF_ID.json
RecoNtuple_Skim/weight/MuEleSF/mu2016/EfficienciesStudies_2016_legacy_rereco_jsonfiles_RunGH_SF_ISO.json
RecoNtuple_Skim/weight/MuEleSF/mu2016/EfficienciesStudies_2016_legacy_rereco_rootfiles_RunBCDEF_SF_ID.root
RecoNtuple_Skim/weight/MuEleSF/mu2016/EfficienciesStudies_2016_legacy_rereco_rootfiles_RunBCDEF_SF_ISO.root
RecoNtuple_Skim/weight/MuEleSF/mu2016/EfficienciesStudies_2016_legacy_rereco_rootfiles_RunGH_SF_ID.root
RecoNtuple_Skim/weight/MuEleSF/mu2016/EfficienciesStudies_2016_legacy_rereco_rootfiles_RunGH_SF_ISO.root
RecoNtuple_Skim/weight/MuEleSF/mu2016/EfficienciesStudies_2016_trigger_EfficienciesAndSF_RunBtoF.json
RecoNtuple_Skim/weight/MuEleSF/mu2016/EfficienciesStudies_2016_trigger_EfficienciesAndSF_RunBtoF.root
RecoNtuple_Skim/weight/MuEleSF/mu2016/EfficienciesStudies_2016_trigger_EfficienciesAndSF_RunGtoH.json
RecoNtuple_Skim/weight/MuEleSF/mu2016/EfficienciesStudies_2016_trigger_EfficienciesAndSF_RunGtoH.root
RecoNtuple_Skim/weight/MuEleSF/mu2017/
RecoNtuple_Skim/weight/MuEleSF/mu2017/EfficienciesAndSF_RunBtoF_Nov17Nov2017.root
RecoNtuple_Skim/weight/MuEleSF/mu2017/RunBCDEF_SF_ID.json
RecoNtuple_Skim/weight/MuEleSF/mu2017/RunBCDEF_SF_ID.root
RecoNtuple_Skim/weight/MuEleSF/mu2017/RunBCDEF_SF_ISO.json
RecoNtuple_Skim/weight/MuEleSF/mu2017/RunBCDEF_SF_ISO.root
RecoNtuple_Skim/weight/MuEleSF/mu2017/theJSONfile_RunBtoF_Nov17Nov2017.json
RecoNtuple_Skim/weight/MuEleSF/mu2018/
RecoNtuple_Skim/weight/MuEleSF/mu2018/EfficienciesStudies_2018_trigger_theJSONfile_2018Data_AfterMuonHLTUpdate.json
RecoNtuple_Skim/weight/MuEleSF/mu2018/EfficienciesStudies_2018_jsonfiles_RunABCD_SF_ID.json
RecoNtuple_Skim/weight/MuEleSF/mu2018/EfficienciesStudies_2018_jsonfiles_RunABCD_SF_ISO.json
RecoNtuple_Skim/weight/MuEleSF/mu2018/EfficienciesStudies_2018_rootfiles_RunABCD_SF_ID.root
RecoNtuple_Skim/weight/MuEleSF/mu2018/EfficienciesStudies_2018_rootfiles_RunABCD_SF_ISO.root
RecoNtuple_Skim/weight/MuEleSF/mu2018/EfficienciesStudies_2018_trigger_EfficienciesAndSF_2018Data_AfterMuonHLTUpdate.root
RecoNtuple_Skim/weight/MuEleSF/mu2018/EfficienciesStudies_2018_trigger_EfficienciesAndSF_2018Data_BeforeMuonHLTUpdate.root
RecoNtuple_Skim/weight/MuEleSF/mu2018/EfficienciesStudies_2018_trigger_theJSONfile_2018Data_BeforeMuonHLTUpdate.json
RecoNtuple_Skim/weight/PileupSF/
RecoNtuple_Skim/weight/PileupSF/Data_2016BCDGH_Pileup.root
RecoNtuple_Skim/weight/PileupSF/Data_2016BCDGH_Pileup_scaledDown.root
RecoNtuple_Skim/weight/PileupSF/Data_2016BCDGH_Pileup_scaledUp.root
RecoNtuple_Skim/weight/PileupSF/Data_2017BCDEF_Pileup.root
RecoNtuple_Skim/weight/PileupSF/Data_2017BCDEF_Pileup_scaledDown.root
RecoNtuple_Skim/weight/PileupSF/Data_2017BCDEF_Pileup_scaledUp.root
RecoNtuple_Skim/weight/PileupSF/Data_2018ABCD_Pileup.root
RecoNtuple_Skim/weight/PileupSF/Data_2018ABCD_Pileup_scaledDown.root
RecoNtuple_Skim/weight/PileupSF/Data_2018ABCD_Pileup_scaledUp.root
RecoNtuple_Skim/makeRecoNtuple
RecoNtuple_Skim/Makefile
RecoNtuple_Skim/MakefileNew
RecoNtuple_Skim/README.md
RecoNtuple_Skim/makeRecoNtuple.C
All arguements: 2017 TTZtoLL 2 3
Number of arguements: 4
/pool/condor/dir_32233
./makeRecoNtuple cutflow 2017 TTZtoLL  2of3 . root://se01.indiacms.res.in//cms/store/user/idas/Output/cms-hcs-run2/Skim_NanoAOD/2017/TTZtoLL_Skim_NanoAOD_1of3.root root://se01.indiacms.res.in//cms/store/user/idas/Output/cms-hcs-run2/Skim_NanoAOD/2017/TTZtoLL_Skim_NanoAOD_2of3.root root://se01.indiacms.res.in//cms/store/user/idas/Output/cms-hcs-run2/Skim_NanoAOD/2017/TTZtoLL_Skim_NanoAOD_3of3.root
2 of 3
TTZtoLL
pos : 18446744073709551615
sampleType : TTZtoLL,  systematicType : 
Dilepton Sample :0
. TTZtoLL 
. TTZtoLL 
./TTZtoLL_RecoNtuple_Skim_2of3.root
HERE
DONE
isMC: 1
Using event weight 0.00420425
XS = 0.2728
lumi = 41529.5
nEvents_MC = 2.69471e+06
4470662
processing entry 1500000 out of 4470662 : 65.323 seconds since last progress
processing entry 1600000 out of 4470662 : 29.1626 seconds since last progress
processing entry 1700000 out of 4470662 : 32.6616 seconds since last progress
processing entry 1800000 out of 4470662 : 38.0401 seconds since last progress
processing entry 1900000 out of 4470662 : 30.7639 seconds since last progress
processing entry 2000000 out of 4470662 : 31.1321 seconds since last progress
processing entry 2100000 out of 4470662 : 55.9738 seconds since last progress
processing entry 2200000 out of 4470662 : 42.2951 seconds since last progress
processing entry 2300000 out of 4470662 : 51.5375 seconds since last progress
processing entry 2400000 out of 4470662 : 34.4792 seconds since last progress
processing entry 2500000 out of 4470662 : 37.5564 seconds since last progress
processing entry 2600000 out of 4470662 : 52.6814 seconds since last progress
processing entry 2700000 out of 4470662 : 40.4304 seconds since last progress
processing entry 2800000 out of 4470662 : 41.3291 seconds since last progress
processing entry 2900000 out of 4470662 : 47.9131 seconds since last progress
e+jets cutflow
Cut-Flow for the event selector: 
Input Events :                1.49022e+06
Passing Trigger               727186
Has Good Vtx               726084
Events with 1 electron     474540
Events with no loose electrons 346154
Events with no muons 265605
Events with >= 1 jets        264631
Events with >= 2 jets        256686
Events with >= 3 jets     228154
Events with >= 4 jets 172479
Events with >= 1 bjets 147890
Events with >= 2 bjets       0
Events passing MET cut       147890

mu+jets cutflow
Cut-Flow for the event selector: 
Input Events :                1.49022e+06
Passing Trigger               854290
Has Good Vtx               853064
Events with 1 muon     560760
Events with no loose muons 459164
Events with no electrons 356281
Events with >= 1 jets        354889
Events with >= 2 jets        343407
Events with >= 3 jets     303275
Events with >= 4 jets 226277
Events with >= 1 bjets 194874
Events with >= 2 bjets       0
Events passing MET cut       194874

e+jets cutflow Weighted
Cut-Flow for the event selector: 
Input Events :                1.49022e+06
Passing Trigger               727186
Has Good Vtx               726084
Events with 1 electron     474540
Events with no loose electrons 346154
Events with no muons 265605
Events with >= 1 jets        264631
Events with >= 2 jets        256686
Events with >= 3 jets     228154
Events with >= 4 jets 172479
Events with >= 1 bjets 147890
Events with >= 2 bjets       0
Events passing MET cut       147890

mu+jets cutflow Weighted
Cut-Flow for the event selector: 
Input Events :                1.49022e+06
Passing Trigger               854290
Has Good Vtx               853064
Events with 1 muon     560760
Events with no loose muons 459164
Events with no electrons 356281
Events with >= 1 jets        354889
Events with >= 2 jets        343407
Events with >= 3 jets     303275
Events with >= 4 jets 226277
Events with >= 1 bjets 194874
Events with >= 2 bjets       0
Events passing MET cut       194874

delete csv
Done Histogramming at Thu Feb 25 08:48:32 CET 2021
Cleanup
Done Thu Feb 25 08:48:32 CET 2021
