Have POIs: ['BR']
Have parameters: 44
 <<< Combine >>> 
>>> random number generator seed is 123456
   Options for Robust Minimizer :: 
        Tolerance  0.1
        Strategy   0
        Type,Algo  Minuit2,Migrad
>>> method used is MultiDimFit
 <<< Combine >>> 
>>> random number generator seed is 123456
   Options for Robust Minimizer :: 
        Tolerance  0.1
        Strategy   0
        Type,Algo  Minuit2,Migrad
>>> method used is MultiDimFit
 <<< Combine >>> 
 <<< Combine >>> 
>>> random number generator seed is 123456
   Options for Robust Minimizer :: 
        Tolerance  0.1
        Strategy   0
        Type,Algo  Minuit2,Migrad
>>> method used is MultiDimFit
>>> random number generator seed is 123456
   Options for Robust Minimizer :: 
        Tolerance  0.1
        Strategy   0
        Type,Algo  Minuit2,Migrad
>>> method used is MultiDimFit
 <<< Combine >>> 
>>> random number generator seed is 123456
   Options for Robust Minimizer :: 
        Tolerance  0.1
        Strategy   0
        Type,Algo  Minuit2,Migrad
>>> method used is MultiDimFit
 <<< Combine >>> 
>>> random number generator seed is 123456
   Options for Robust Minimizer :: 
        Tolerance  0.1
        Strategy   0
        Type,Algo  Minuit2,Migrad
>>> method used is MultiDimFit
 <<< Combine >>> 
>>> random number generator seed is 123456
   Options for Robust Minimizer :: 
        Tolerance  0.1
        Strategy   0
        Type,Algo  Minuit2,Migrad
>>> method used is MultiDimFit
 <<< Combine >>> 
>>> random number generator seed is 123456
   Options for Robust Minimizer :: 
        Tolerance  0.1
        Strategy   0
        Type,Algo  Minuit2,Migrad
>>> method used is MultiDimFit
 <<< Combine >>> 
 <<< Combine >>> 
>>> random number generator seed is 123456
   Options for Robust Minimizer :: 
        Tolerance  0.1
        Strategy   0
        Type,Algo  Minuit2,Migrad
>>> method used is MultiDimFit
 <<< Combine >>> 
>>> random number generator seed is 123456
   Options for Robust Minimizer :: 
        Tolerance  0.1
        Strategy   0
        Type,Algo  Minuit2,Migrad
>>> method used is MultiDimFit
 <<< Combine >>> 
>>> random number generator seed is 123456
   Options for Robust Minimizer :: 
 <<< Combine >>> 
>>> random number generator seed is 123456
   Options for Robust Minimizer :: 
        Tolerance  0.1
        Strategy   0
        Type,Algo  Minuit2,Migrad
>>> method used is MultiDimFit
 <<< Combine >>> 
 <<< Combine >>> 
>>> random number generator seed is 123456
   Options for Robust Minimizer :: 
        Tolerance  0.1
        Strategy   0
        Type,Algo  Minuit2,Migrad
>>> method used is MultiDimFit
 <<< Combine >>> 
>>> random number generator seed is 123456
   Options for Robust Minimizer :: 
        Tolerance  0.1
        Strategy   0
        Type,Algo  Minuit2,Migrad
>>> method used is MultiDimFit
>>> random number generator seed is 123456
   Options for Robust Minimizer :: 
        Tolerance  0.1
        Strategy   0
        Type,Algo  Minuit2,Migrad
>>> method used is MultiDimFit
 <<< Combine >>> 
 <<< Combine >>> 
 <<< Combine >>> 
 <<< Combine >>> 
 <<< Combine >>> 
>>> random number generator seed is 123456
   Options for Robust Minimizer :: 
        Tolerance  0.1
        Strategy   0
        Type,Algo  Minuit2,Migrad
>>> method used is MultiDimFit
>>> random number generator seed is 123456
   Options for Robust Minimizer :: 
        Tolerance  0.1
        Strategy   0
        Type,Algo  Minuit2,Migrad
>>> method used is MultiDimFit
        Tolerance  0.1
        Strategy   0
        Type,Algo  Minuit2,Migrad
>>> method used is MultiDimFit
 <<< Combine >>> 
>>> random number generator seed is 123456
 <<< Combine >>> 
 <<< Combine >>> 
>>> random number generator seed is 123456
   Options for Robust Minimizer :: 
        Tolerance  0.1
        Strategy   0
        Type,Algo  Minuit2,Migrad
>>> method used is MultiDimFit
>>> random number generator seed is 123456
   Options for Robust Minimizer :: 
        Tolerance  0.1
        Strategy   0
        Type,Algo  Minuit2,Migrad
>>> method used is MultiDimFit
 <<< Combine >>> 
>>> random number generator seed is 123456
 <<< Combine >>> 
 <<< Combine >>> 
>>> random number generator seed is 123456
   Options for Robust Minimizer :: 
        Tolerance  0.1
        Strategy   0
        Type,Algo  Minuit2,Migrad
>>> method used is MultiDimFit
>>> random number generator seed is 123456
   Options for Robust Minimizer :: 
        Tolerance  0.1
        Strategy   0
        Type,Algo  Minuit2,Migrad
>>> method used is MultiDimFit
 <<< Combine >>> 
>>> random number generator seed is 123456
 <<< Combine >>> 
   Options for Robust Minimizer :: 
        Tolerance  0.1
        Strategy   0
        Type,Algo  Minuit2,Migrad
>>> method used is MultiDimFit
>>> random number generator seed is 123456
   Options for Robust Minimizer :: 
 <<< Combine >>> 
>>> random number generator seed is 123456
>>> random number generator seed is 123456
   Options for Robust Minimizer :: 
        Tolerance  0.1
        Strategy   0
        Type,Algo  Minuit2,Migrad
>>> method used is MultiDimFit
>>> random number generator seed is 123456
   Options for Robust Minimizer :: 
        Tolerance  0.1
        Strategy   0
        Type,Algo  Minuit2,Migrad
>>> method used is MultiDimFit
 <<< Combine >>> 
 <<< Combine >>> 
>>> random number generator seed is 123456
>>> random number generator seed is 123456
 <<< Combine >>> 
>>> random number generator seed is 123456
   Options for Robust Minimizer :: 
        Tolerance  0.1
        Strategy   0
        Type,Algo  Minuit2,Migrad
>>> method used is MultiDimFit
 <<< Combine >>> 
 <<< Combine >>> 
>>> random number generator seed is 123456
 <<< Combine >>> 
   Options for Robust Minimizer :: 
>>> random number generator seed is 123456
   Options for Robust Minimizer :: 
        Tolerance  0.1
        Strategy   0
        Type,Algo  Minuit2,Migrad
>>> method used is MultiDimFit
 <<< Combine >>> 
>>> random number generator seed is 123456
 <<< Combine >>> 
>>> random number generator seed is 123456
   Options for Robust Minimizer :: 
        Tolerance  0.1
        Strategy   0
        Type,Algo  Minuit2,Migrad
>>> method used is MultiDimFit
   Options for Robust Minimizer :: 
        Tolerance  0.1
        Strategy   0
        Type,Algo  Minuit2,Migrad
>>> method used is MultiDimFit
>>> random number generator seed is 123456
   Options for Robust Minimizer :: 
        Tolerance  0.1
        Strategy   0
        Type,Algo  Minuit2,Migrad
>>> method used is MultiDimFit
 <<< Combine >>> 
   Options for Robust Minimizer :: 
        Tolerance  0.1
        Strategy   0
        Type,Algo  Minuit2,Migrad
>>> method used is MultiDimFit
>>> random number generator seed is 123456
   Options for Robust Minimizer :: 
        Tolerance  0.1
        Strategy   0
        Type,Algo  Minuit2,Migrad
>>> method used is MultiDimFit
        Tolerance  0.1
        Strategy   0
        Type,Algo  Minuit2,Migrad
>>> method used is MultiDimFit
   Options for Robust Minimizer :: 
        Tolerance  0.1
        Strategy   0
        Type,Algo  Minuit2,Migrad
>>> method used is MultiDimFit
 <<< Combine >>> 
>>> random number generator seed is 123456
   Options for Robust Minimizer :: 
        Tolerance  0.1
        Strategy   0
        Type,Algo  Minuit2,Migrad
>>> method used is MultiDimFit
 <<< Combine >>> 
>>> random number generator seed is 123456
   Options for Robust Minimizer :: 
        Tolerance  0.1
        Strategy   0
        Type,Algo  Minuit2,Migrad
>>> method used is MultiDimFit
   Options for Robust Minimizer :: 
        Tolerance  0.1
        Strategy   0
        Type,Algo  Minuit2,Migrad
>>> method used is MultiDimFit
   Options for Robust Minimizer :: 
        Tolerance  0.1
        Strategy   0
        Type,Algo  Minuit2,Migrad
>>> method used is MultiDimFit
 <<< Combine >>> 
>>> random number generator seed is 123456
   Options for Robust Minimizer :: 
        Tolerance  0.1
        Strategy   0
        Type,Algo  Minuit2,Migrad
>>> method used is MultiDimFit
 <<< Combine >>> 
>>> random number generator seed is 123456
   Options for Robust Minimizer :: 
        Tolerance  0.1
        Strategy   0
        Type,Algo  Minuit2,Migrad
>>> method used is MultiDimFit
        Tolerance  0.1
 <<< Combine >>> 
        Strategy   0
        Type,Algo  Minuit2,Migrad
>>> method used is MultiDimFit
>>> random number generator seed is 123456
   Options for Robust Minimizer :: 
        Tolerance  0.1
        Strategy   0
        Type,Algo  Minuit2,Migrad
>>> method used is MultiDimFit
   Options for Robust Minimizer :: 
        Tolerance  0.1
        Strategy   0
        Type,Algo  Minuit2,Migrad
>>> method used is MultiDimFit
>>> random number generator seed is 123456
   Options for Robust Minimizer :: 
        Tolerance  0.1
        Strategy   0
        Type,Algo  Minuit2,Migrad
>>> method used is MultiDimFit
>>> random number generator seed is 123456
   Options for Robust Minimizer :: 
        Tolerance  0.1
        Strategy   0
        Type,Algo  Minuit2,Migrad
>>> method used is MultiDimFit
Set Range of Parameter BR To : (-1,1)
Set Range of Parameter BR To : (-1,1)
SimNLL created with 1 channels, 0 generic constraints, 44 fast gaussian constraints, 0 fast poisson constraints, 0 fast group constraints, 
Set Range of Parameter BR To : (-1,1)
Set Range of Parameter BR To : (-1,1)
SimNLL created with 1 channels, 0 generic constraints, 44 fast gaussian constraints, 0 fast poisson constraints, 0 fast group constraints, 
Set Range of Parameter BR To : (-1,1)
Set Range of Parameter BR To : (-1,1)
Set Range of Parameter BR To : (-1,1)
Set Range of Parameter BR To : (-1,1)
Set Range of Parameter BR To : (-1,1)
Set Range of Parameter BR To : (-1,1)
Set Range of Parameter BR To : (-1,1)
Set Range of Parameter BR To : (-1,1)
Set Range of Parameter BR To : (-1,1)
Set Range of Parameter BR To : (-1,1)
Set Range of Parameter BR To : (-1,1)
Set Range of Parameter BR To : (-1,1)
Set Range of Parameter BR To : (-1,1)
Set Range of Parameter BR To : (-1,1)
Set Range of Parameter BR To : (-1,1)
Set Range of Parameter BR To : (-1,1)
Set Range of Parameter BR To : (-1,1)
SimNLL created with 1 channels, 0 generic constraints, 44 fast gaussian constraints, 0 fast poisson constraints, 0 fast group constraints, 
SimNLL created with 1 channels, 0 generic constraints, 44 fast gaussian constraints, 0 fast poisson constraints, 0 fast group constraints, 
Set Range of Parameter BR To : (-1,1)
Set Range of Parameter BR To : (-1,1)
Set Range of Parameter BR To : (-1,1)
Set Range of Parameter BR To : (-1,1)
SimNLL created with 1 channels, 0 generic constraints, 44 fast gaussian constraints, 0 fast poisson constraints, 0 fast group constraints, 
Set Range of Parameter BR To : (-1,1)
Set Range of Parameter BR To : (-1,1)
SimNLL created with 1 channels, 0 generic constraints, 44 fast gaussian constraints, 0 fast poisson constraints, 0 fast group constraints, 
SimNLL created with 1 channels, 0 generic constraints, 44 fast gaussian constraints, 0 fast poisson constraints, 0 fast group constraints, 
Set Range of Parameter BR To : (-1,1)
Set Range of Parameter BR To : (-1,1)
SimNLL created with 1 channels, 0 generic constraints, 44 fast gaussian constraints, 0 fast poisson constraints, 0 fast group constraints, 
SimNLL created with 1 channels, 0 generic constraints, 44 fast gaussian constraints, 0 fast poisson constraints, 0 fast group constraints, 
Set Range of Parameter BR To : (-1,1)
Set Range of Parameter BR To : (-1,1)
Set Range of Parameter BR To : (-1,1)
Set Range of Parameter BR To : (-1,1)
Set Range of Parameter BR To : (-1,1)
SimNLL created with 1 channels, 0 generic constraints, 44 fast gaussian constraints, 0 fast poisson constraints, 0 fast group constraints, 
SimNLL created with 1 channels, 0 generic constraints, 44 fast gaussian constraints, 0 fast poisson constraints, 0 fast group constraints, 
SimNLL created with 1 channels, 0 generic constraints, 44 fast gaussian constraints, 0 fast poisson constraints, 0 fast group constraints, 
Set Range of Parameter BR To : (-1,1)
SimNLL created with 1 channels, 0 generic constraints, 44 fast gaussian constraints, 0 fast poisson constraints, 0 fast group constraints, 
SimNLL created with 1 channels, 0 generic constraints, 44 fast gaussian constraints, 0 fast poisson constraints, 0 fast group constraints, 
SimNLL created with 1 channels, 0 generic constraints, 44 fast gaussian constraints, 0 fast poisson constraints, 0 fast group constraints, 
SimNLL created with 1 channels, 0 generic constraints, 44 fast gaussian constraints, 0 fast poisson constraints, 0 fast group constraints, 
SimNLL created with 1 channels, 0 generic constraints, 44 fast gaussian constraints, 0 fast poisson constraints, 0 fast group constraints, 
SimNLL created with 1 channels, 0 generic constraints, 44 fast gaussian constraints, 0 fast poisson constraints, 0 fast group constraints, 
SimNLL created with 1 channels, 0 generic constraints, 44 fast gaussian constraints, 0 fast poisson constraints, 0 fast group constraints, 
SimNLL created with 1 channels, 0 generic constraints, 44 fast gaussian constraints, 0 fast poisson constraints, 0 fast group constraints, 
SimNLL created with 1 channels, 0 generic constraints, 44 fast gaussian constraints, 0 fast poisson constraints, 0 fast group constraints, 
Set Range of Parameter BR To : (-1,1)
SimNLL created with 1 channels, 0 generic constraints, 44 fast gaussian constraints, 0 fast poisson constraints, 0 fast group constraints, 
Set Range of Parameter BR To : (-1,1)
SimNLL created with 1 channels, 0 generic constraints, 44 fast gaussian constraints, 0 fast poisson constraints, 0 fast group constraints, 
SimNLL created with 1 channels, 0 generic constraints, 44 fast gaussian constraints, 0 fast poisson constraints, 0 fast group constraints, 
SimNLL created with 1 channels, 0 generic constraints, 44 fast gaussian constraints, 0 fast poisson constraints, 0 fast group constraints, 
SimNLL created with 1 channels, 0 generic constraints, 44 fast gaussian constraints, 0 fast poisson constraints, 0 fast group constraints, 
Set Range of Parameter BR To : (-1,1)
SimNLL created with 1 channels, 0 generic constraints, 44 fast gaussian constraints, 0 fast poisson constraints, 0 fast group constraints, 
Set Range of Parameter BR To : (-1,1)
SimNLL created with 1 channels, 0 generic constraints, 44 fast gaussian constraints, 0 fast poisson constraints, 0 fast group constraints, 
SimNLL created with 1 channels, 0 generic constraints, 44 fast gaussian constraints, 0 fast poisson constraints, 0 fast group constraints, 
Set Range of Parameter BR To : (-1,1)
Set Range of Parameter BR To : (-1,1)
SimNLL created with 1 channels, 0 generic constraints, 44 fast gaussian constraints, 0 fast poisson constraints, 0 fast group constraints, 
SimNLL created with 1 channels, 0 generic constraints, 44 fast gaussian constraints, 0 fast poisson constraints, 0 fast group constraints, 
SimNLL created with 1 channels, 0 generic constraints, 44 fast gaussian constraints, 0 fast poisson constraints, 0 fast group constraints, 
Set Range of Parameter BR To : (-1,1)
SimNLL created with 1 channels, 0 generic constraints, 44 fast gaussian constraints, 0 fast poisson constraints, 0 fast group constraints, 
SimNLL created with 1 channels, 0 generic constraints, 44 fast gaussian constraints, 0 fast poisson constraints, 0 fast group constraints, 
SimNLL created with 1 channels, 0 generic constraints, 44 fast gaussian constraints, 0 fast poisson constraints, 0 fast group constraints, 
Set Range of Parameter BR To : (-1,1)
Set Range of Parameter BR To : (-1,1)
SimNLL created with 1 channels, 0 generic constraints, 44 fast gaussian constraints, 0 fast poisson constraints, 0 fast group constraints, 
SimNLL created with 1 channels, 0 generic constraints, 44 fast gaussian constraints, 0 fast poisson constraints, 0 fast group constraints, 
SimNLL created with 1 channels, 0 generic constraints, 44 fast gaussian constraints, 0 fast poisson constraints, 0 fast group constraints, 
SimNLL created with 1 channels, 0 generic constraints, 44 fast gaussian constraints, 0 fast poisson constraints, 0 fast group constraints, 
SimNLL created with 1 channels, 0 generic constraints, 44 fast gaussian constraints, 0 fast poisson constraints, 0 fast group constraints, 
SimNLL created with 1 channels, 0 generic constraints, 44 fast gaussian constraints, 0 fast poisson constraints, 0 fast group constraints, 
SimNLL created with 1 channels, 0 generic constraints, 44 fast gaussian constraints, 0 fast poisson constraints, 0 fast group constraints, 
SimNLL created with 1 channels, 0 generic constraints, 44 fast gaussian constraints, 0 fast poisson constraints, 0 fast group constraints, 
SimNLL created with 1 channels, 0 generic constraints, 44 fast gaussian constraints, 0 fast poisson constraints, 0 fast group constraints, 

 --- MultiDimFit ---
Parameter impacts: 
  Parameter      :   Best-fit               BR           
  CMS_eff_bcInc2 :   +0.000  -0.978/+0.978
 --- MultiDimFit ---
Parameter impacts: 

 --- MultiDimFit ---
Parameter impacts: 
  +0.003/-0.001
Done in 0.00 min (cpu), 0.04 min (real)
  Parameter              :   Best-fit               BR           
  prop_binhcs_13TeV_bin9 :   -0.000  -0.826/+0.828
 --- MultiDimFit ---
Parameter impacts: 

 --- MultiDimFit ---
Parameter impacts: 

 --- MultiDimFit ---
Parameter impacts: 
  Parameter     :   Best-fit               BR           
  CMS_norm_zjet :   +0.000  -0.994/+0.994
 --- MultiDimFit ---
Parameter impacts: 

 --- MultiDimFit ---
Parameter impacts: 
  Parameter              :   Best-fit               BR           
  prop_binhcs_13TeV_bin2 :   -0.000  -0.920/+0.923
 --- MultiDimFit ---
Parameter impacts: 
  Parameter              :   Best-fit               BR           
  prop_binhcs_13TeV_bin6 :   -0.000  -0.782/+0.786
 --- MultiDimFit ---

 --- MultiDimFit ---
Parameter impacts: 
Parameter impacts: 
  Parameter     :   Best-fit               BR           
  CMS_norm_stop :   +0.000  -0.984/+0.982  +0.002/-0.002
Done in 0.00 min (cpu), 0.05 min (real)

 --- MultiDimFit ---
Parameter impacts: 

 --- MultiDimFit ---
Parameter impacts: 

 --- MultiDimFit ---
Parameter impacts: 

 --- MultiDimFit ---
Parameter impacts: 

 --- MultiDimFit ---
Parameter impacts: 
  Parameter               :   Best-fit               BR           
  prop_binhcs_13TeV_bin19 :   -0.000  -0.835/+0.837  +0.000/-0.001
Done in 0.00 min (cpu), 0.04 min (real)

 --- MultiDimFit ---
Parameter impacts: 
  Parameter               :   Best-fit               BR           
  prop_binhcs_13TeV_bin10 :   -0.000  -0.796/+0.800
 --- MultiDimFit ---
Parameter impacts: 

 --- MultiDimFit ---
Parameter impacts: 
  Parameter              :   Best-fit               BR           
  prop_binhcs_13TeV_bin7 :   -0.000  -0.856/+0.857  Parameter              :   Best-fit               BR           
  prop_binhcs_13TeV_bin4 :   -0.000  -0.811/+0.813
 --- MultiDimFit ---
  Parameter               :   Best-fit               BR           
  prop_binhcs_13TeV_bin31 :   -0.000  -0.911/+0.913
 --- MultiDimFit ---
Parameter impacts: 
  -0.000/-0.000
Done in 0.00 min (cpu), 0.04 min (real)

 --- MultiDimFit ---
Parameter impacts: 
  Parameter               :   Best-fit               BR           
  prop_binhcs_13TeV_bin15 :   -0.000  -0.901/+0.902Parameter impacts: 

 --- MultiDimFit ---
Parameter impacts: 

 --- MultiDimFit ---
Parameter impacts: 
  Parameter               :   Best-fit               BR           
  prop_binhcs_13TeV_bin24 :   -0.000  -0.851/+0.854
 --- MultiDimFit ---
Parameter impacts: 
  Parameter               :   Best-fit               BR           
  prop_binhcs_13TeV_bin11 :   -0.000  -0.854/+0.856
 --- MultiDimFit ---
Parameter impacts: 

 --- MultiDimFit ---
Parameter impacts: 
  Parameter               :   Best-fit               BR           
  prop_binhcs_13TeV_bin28 :   -0.000  -0.875/+0.877  Parameter :   Best-fit               BR           
  CMS_eff_m :   +0.000  -0.992/+0.992  -0.003/+0.003
Done in 0.00 min (cpu), 0.04 min (real)

 --- MultiDimFit ---
Parameter impacts: 
  Parameter               :   Best-fit               BR           
  prop_binhcs_13TeV_bin21 :   -0.000  -0.822/+0.825
 --- MultiDimFit ---
Parameter impacts: 
  Parameter               :   Best-fit               BR           
  prop_binhcs_13TeV_bin29 :   -0.000  -0.871/+0.873  Parameter   :   Best-fit               BR           
  CMS_norm_vv :   +0.000  -0.994/+0.994  Parameter               :   Best-fit               BR           
  prop_binhcs_13TeV_bin22 :   -0.000  -0.858/+0.860  Parameter               :   Best-fit               BR           
  prop_binhcs_13TeV_bin23 :   -0.000  -0.858/+0.859  Parameter    :   Best-fit               BR           
  CMS_norm_qcd :   +0.000  -0.992/+0.991  Parameter  :   Best-fit               BR           
  CMS_pileup :   +0.000  -0.992/+0.992  +0.000/+0.000
Done in 0.00 min (cpu), 0.04 min (real)

 --- MultiDimFit ---
Parameter impacts: 

 --- MultiDimFit ---
Parameter impacts: 

 --- MultiDimFit ---
Parameter impacts: 
  Parameter :   Best-fit               BR           
  CMS_res_j :   -0.000  -0.985/+0.985  Parameter               :   Best-fit               BR           
  prop_binhcs_13TeV_bin25 :   -0.000  -0.810/+0.812  Parameter               :   Best-fit               BR           
  prop_binhcs_13TeV_bin14 :   -0.000  -0.882/+0.883  Parameter               :   Best-fit               BR           
  prop_binhcs_13TeV_bin30 :   -0.000  -0.906/+0.907  -0.000/+0.000
Done in 0.00 min (cpu), 0.04 min (real)

 --- MultiDimFit ---
Parameter impacts: 
  Parameter              :   Best-fit               BR           
  prop_binhcs_13TeV_bin5 :   -0.000  -0.807/+0.811  Parameter               :   Best-fit               BR           
  prop_binhcs_13TeV_bin12 :   -0.000  -0.808/+0.810
 --- MultiDimFit ---
Parameter impacts: 
  Parameter              :   Best-fit               BR           
  prop_binhcs_13TeV_bin8 :   -0.000  -0.808/+0.811  Parameter               :   Best-fit               BR           
  prop_binhcs_13TeV_bin32 :   -0.000  -0.921/+0.926  -0.000/+0.000
Done in 0.00 min (cpu), 0.04 min (real)
  +0.002/-0.002
Done in 0.00 min (cpu), 0.05 min (real)

 --- MultiDimFit ---
Parameter impacts: 
  Parameter              :   Best-fit               BR           
  prop_binhcs_13TeV_bin3 :   -0.000  -0.899/+0.901
 --- MultiDimFit ---
Parameter impacts: 
  +0.001/-0.001
Done in 0.00 min (cpu), 0.05 min (real)
  -0.000/+0.001
Done in 0.00 min (cpu), 0.05 min (real)
  +0.000/-0.000
Done in 0.00 min (cpu), 0.04 min (real)
  +0.001/-0.001
Done in 0.00 min (cpu), 0.05 min (real)

 --- MultiDimFit ---
Parameter impacts: 
  +0.001/-0.001
Done in 0.00 min (cpu), 0.05 min (real)
  +0.001/-0.001
Done in 0.00 min (cpu), 0.05 min (real)

 --- MultiDimFit ---
Parameter impacts: 
  +0.001/-0.001
Done in 0.00 min (cpu), 0.05 min (real)

 --- MultiDimFit ---
  +0.001/-0.000
Done in 0.00 min (cpu), 0.05 min (real)
  -0.001/+0.001
Done in 0.00 min (cpu), 0.05 min (real)

 --- MultiDimFit ---
Parameter impacts: 
  +0.001/-0.001
Done in 0.00 min (cpu), 0.05 min (real)

 --- MultiDimFit ---
Parameter impacts: 
Parameter impacts: 
  -0.000/+0.000
Done in 0.00 min (cpu), 0.04 min (real)

 --- MultiDimFit ---
Parameter impacts: 
  +0.002/-0.001
Done in 0.00 min (cpu), 0.05 min (real)
  Parameter     :   Best-fit               BR           
  CMS_norm_wjet :   +0.000  -0.982/+0.981  Parameter               :   Best-fit               BR           
  prop_binhcs_13TeV_bin13 :   -0.000  -0.858/+0.860  +0.001/-0.001
Done in 0.00 min (cpu), 0.05 min (real)
  +0.001/-0.001
Done in 0.00 min (cpu), 0.05 min (real)
  Parameter               :   Best-fit               BR           
  prop_binhcs_13TeV_bin17 :   -0.000  -0.929/+0.930  +0.001/-0.001
Done in 0.00 min (cpu), 0.05 min (real)
  Parameter               :   Best-fit               BR           
  prop_binhcs_13TeV_bin20 :   -0.000  -0.870/+0.871  +0.000/-0.000
Done in 0.00 min (cpu), 0.05 min (real)
  Parameter      :   Best-fit               BR           
  CMS_eff_bcInc1 :   +0.000  -0.967/+0.966  -0.009/+0.009
Done in 0.00 min (cpu), 0.05 min (real)
  Parameter               :   Best-fit               BR           
  prop_binhcs_13TeV_bin26 :   -0.000  -0.805/+0.808  +0.001/-0.001
Done in 0.00 min (cpu), 0.05 min (real)
  +0.001/-0.001
Done in 0.00 min (cpu), 0.05 min (real)
  Parameter               :   Best-fit               BR           
  prop_binhcs_13TeV_bin27 :   -0.000  -0.795/+0.802  Parameter   :   Best-fit               BR           
  CMS_scale_j :   +0.000  -0.820/+0.812  -0.009/+0.009
Done in 0.00 min (cpu), 0.05 min (real)
  +0.000/-0.000
Done in 0.00 min (cpu), 0.05 min (real)
  +0.001/-0.000
Done in 0.00 min (cpu), 0.05 min (real)
  +0.001/-0.002
Done in 0.00 min (cpu), 0.05 min (real)
  +0.002/-0.002
Done in 0.00 min (cpu), 0.05 min (real)

 --- MultiDimFit ---
  +0.001/-0.001
Done in 0.00 min (cpu), 0.06 min (real)
Parameter impacts: 
  Parameter  :   Best-fit               BR           
  lumi_13TeV :   +0.000  -0.971/+0.971  -0.009/+0.009
Done in 0.01 min (cpu), 0.05 min (real)
  Parameter               :   Best-fit               BR           
  prop_binhcs_13TeV_bin18 :   -0.000  -0.883/+0.884  -0.003/+0.003
Done in 0.00 min (cpu), 0.05 min (real)
  +0.002/-0.002
Done in 0.00 min (cpu), 0.05 min (real)
  +0.001/-0.001
Done in 0.00 min (cpu), 0.05 min (real)
  Parameter   :   Best-fit               BR           
  CMS_norm_tt :   +0.000  -0.970/+0.969  -0.029/+0.028
Done in 0.01 min (cpu), 0.06 min (real)

 --- MultiDimFit ---
Parameter impacts: 
  -0.000/+0.000
Done in 0.00 min (cpu), 0.05 min (real)
  +0.003/-0.003
Done in 0.00 min (cpu), 0.05 min (real)
  Parameter               :   Best-fit               BR           
  prop_binhcs_13TeV_bin16 :   -0.001  -0.902/+0.903  +0.002/-0.002
Done in 0.00 min (cpu), 0.05 min (real)
  -0.002/+0.002
Done in 0.00 min (cpu), 0.05 min (real)
  -0.003/+0.004
Done in 0.00 min (cpu), 0.05 min (real)
>> combine -M MultiDimFit -n _paramFit_Test_CMS_eff_bcInc2 --algo impact --redefineSignalPOIs BR -P CMS_eff_bcInc2 --floatOtherPOIs 1 --saveInactivePOI 1 --robustFit 1 -t -1 --setParameterRanges BR=-1,1 -m 80 -d t2w_combine_datacard_hcs_13TeV_mu_Cat1_Inc_WH80.root
>> combine -M MultiDimFit -n _paramFit_Test_CMS_norm_stop --algo impact --redefineSignalPOIs BR -P CMS_norm_stop --floatOtherPOIs 1 --saveInactivePOI 1 --robustFit 1 -t -1 --setParameterRanges BR=-1,1 -m 80 -d t2w_combine_datacard_hcs_13TeV_mu_Cat1_Inc_WH80.root
>> combine -M MultiDimFit -n _paramFit_Test_prop_binhcs_13TeV_bin9 --algo impact --redefineSignalPOIs BR -P prop_binhcs_13TeV_bin9 --floatOtherPOIs 1 --saveInactivePOI 1 --robustFit 1 -t -1 --setParameterRanges BR=-1,1 -m 80 -d t2w_combine_datacard_hcs_13TeV_mu_Cat1_Inc_WH80.root
>> combine -M MultiDimFit -n _paramFit_Test_CMS_norm_zjet --algo impact --redefineSignalPOIs BR -P CMS_norm_zjet --floatOtherPOIs 1 --saveInactivePOI 1 --robustFit 1 -t -1 --setParameterRanges BR=-1,1 -m 80 -d t2w_combine_datacard_hcs_13TeV_mu_Cat1_Inc_WH80.root
