Start Running Histogramming at Tue Feb 23 16:49:31 CET 2021
Worker node hostname b7g28n0107.cern.ch
Running In Batch
/pool/condor/dir_7279
WARNING: Release CMSSW_10_2_14 is not available for architecture slc7_amd64_gcc820.
         Developer's area is created for available architecture slc7_amd64_gcc700.
RecoNtuple_Skim/interface/
RecoNtuple_Skim/interface/eleSF_reader.h
RecoNtuple_Skim/interface/Utils.h
RecoNtuple_Skim/interface/BTagCalibrationStandalone.h
RecoNtuple_Skim/interface/EventPick.h
RecoNtuple_Skim/interface/EventTree.h
RecoNtuple_Skim/interface/FactorizedJetCorrector.h
RecoNtuple_Skim/interface/JECvariation.h
RecoNtuple_Skim/interface/JERUtilities.h
RecoNtuple_Skim/interface/JERUtilities.h.gch
RecoNtuple_Skim/interface/JetCorrectionUncertainty.h
RecoNtuple_Skim/interface/JetCorrectorParameters.h
RecoNtuple_Skim/interface/JetResolution.h
RecoNtuple_Skim/interface/JetResolutionObject.h
RecoNtuple_Skim/interface/METzCalculator.h
RecoNtuple_Skim/interface/PUReweight.h
RecoNtuple_Skim/interface/ScaleFactorFunction.h
RecoNtuple_Skim/interface/Selector.h
RecoNtuple_Skim/interface/SimpleJetCorrectionUncertainty.h
RecoNtuple_Skim/interface/SimpleJetCorrector.h
RecoNtuple_Skim/interface/TopEventCombinatorics.h
RecoNtuple_Skim/interface/UncertaintySourcesList.h
RecoNtuple_Skim/interface/elemuSF.h
RecoNtuple_Skim/interface/elemuSF_2016.h
RecoNtuple_Skim/interface/elemuSF_2017.h
RecoNtuple_Skim/interface/elemuSF_2018.h
RecoNtuple_Skim/interface/makeRecoNtuple.h
RecoNtuple_Skim/interface/muSF_reader.h
RecoNtuple_Skim/interface/ScaleFactorFunction.h~
RecoNtuple_Skim/sample/
RecoNtuple_Skim/sample/Skim_NanoAOD_FileLists_cff.sh
RecoNtuple_Skim/sample/produceFileLists.py
RecoNtuple_Skim/src/
RecoNtuple_Skim/src/makeSkim.cpp
RecoNtuple_Skim/src/EventPick.o
RecoNtuple_Skim/src/BTagCalibrationStandalone.cpp
RecoNtuple_Skim/src/BTagCalibrationStandalone.o
RecoNtuple_Skim/src/ErrorTypes.cpp
RecoNtuple_Skim/src/ErrorTypes.hpp
RecoNtuple_Skim/src/EventPick.cpp
RecoNtuple_Skim/src/EventTree.o
RecoNtuple_Skim/src/EventPick_gen.cpp
RecoNtuple_Skim/src/EventTree.cpp
RecoNtuple_Skim/src/JECvariation.o
RecoNtuple_Skim/src/FactorizedJetCorrector.cpp
RecoNtuple_Skim/src/FactorizedJetCorrector.o
RecoNtuple_Skim/src/JECUncertainty.cpp
RecoNtuple_Skim/src/JECUncertainty.hpp
RecoNtuple_Skim/src/JECvariation.cpp
RecoNtuple_Skim/src/JetResolution.o
RecoNtuple_Skim/src/JetCorrectionUncertainty.cpp
RecoNtuple_Skim/src/JetCorrectionUncertainty.o
RecoNtuple_Skim/src/JetCorrectorParameters.cpp
RecoNtuple_Skim/src/JetCorrectorParameters.o
RecoNtuple_Skim/src/JetDefs.hpp
RecoNtuple_Skim/src/JetResolution.cc
RecoNtuple_Skim/src/Selector.o
RecoNtuple_Skim/src/JetResolutionObject.cc
RecoNtuple_Skim/src/JetResolutionObject.o
RecoNtuple_Skim/src/METzCalculator.cpp
RecoNtuple_Skim/src/Makefile
RecoNtuple_Skim/src/PUReweight.cpp
RecoNtuple_Skim/src/Selector.cpp
RecoNtuple_Skim/src/Utils.o
RecoNtuple_Skim/src/Selector_gen.cpp
RecoNtuple_Skim/src/SimpleJetCorrectionUncertainty.cpp
RecoNtuple_Skim/src/SimpleJetCorrectionUncertainty.o
RecoNtuple_Skim/src/SimpleJetCorrector.cpp
RecoNtuple_Skim/src/SimpleJetCorrector.o
RecoNtuple_Skim/src/TopEventCombinatorics.cpp
RecoNtuple_Skim/src/Utilities.cc
RecoNtuple_Skim/src/Utils.cc
RecoNtuple_Skim/src/testLepSF.cpp
RecoNtuple_Skim/weight/
RecoNtuple_Skim/weight/BtagSF/
RecoNtuple_Skim/weight/BtagSF/DeepCSV_102XSF_V1.csv
RecoNtuple_Skim/weight/BtagSF/DeepCSV_2016LegacySF_V1.csv
RecoNtuple_Skim/weight/BtagSF/DeepCSV_94XSF_V3_B_F.csv
RecoNtuple_Skim/weight/BtagSF/DeepCSV_Moriond17_B_H.csv
RecoNtuple_Skim/weight/BtagSF/btag_efficiencies_2016.root
RecoNtuple_Skim/weight/BtagSF/btag_efficiencies_2017.root
RecoNtuple_Skim/weight/BtagSF/btag_efficiencies_2018.root
RecoNtuple_Skim/weight/JetSF/
RecoNtuple_Skim/weight/JetSF/JER/
RecoNtuple_Skim/weight/JetSF/JER/Autumn18_V7b_MC_PtResolution_AK4PFchs.txt
RecoNtuple_Skim/weight/JetSF/JER/Autumn18_V7b_MC_SF_AK4PFchs.txt
RecoNtuple_Skim/weight/JetSF/JER/Fall17_V3_MC_PtResolution_AK4PFchs.txt
RecoNtuple_Skim/weight/JetSF/JER/Fall17_V3_MC_SF_AK4PFchs.txt
RecoNtuple_Skim/weight/JetSF/JER/Summer16_25nsV1_MC_PtResolution_AK4PFchs.txt
RecoNtuple_Skim/weight/JetSF/JER/Summer16_25nsV1_MC_SF_AK4PFchs.txt
RecoNtuple_Skim/weight/JetSF/Autumn18_V19_MC_L2L3Residual_AK4PFchs.txt
RecoNtuple_Skim/weight/JetSF/Autumn18_V19_MC_L1FastJet_AK4PFchs.txt
RecoNtuple_Skim/weight/JetSF/Autumn18_V19_MC_L1RC_AK4PFchs.txt
RecoNtuple_Skim/weight/JetSF/Autumn18_V19_MC_UncertaintySources_AK4PFchs.txt
RecoNtuple_Skim/weight/JetSF/Autumn18_V19_MC_L2Relative_AK4PFchs.txt
RecoNtuple_Skim/weight/JetSF/Autumn18_V19_MC_L2Residual_AK4PFchs.txt
RecoNtuple_Skim/weight/JetSF/Autumn18_V19_MC_L3Absolute_AK4PFchs.txt
RecoNtuple_Skim/weight/JetSF/Autumn18_V19_MC_Uncertainty_AK4PFchs.txt
RecoNtuple_Skim/weight/JetSF/Fall17_17Nov2017_V32_MC_L1FastJet_AK4PFchs.txt
RecoNtuple_Skim/weight/JetSF/Fall17_17Nov2017_V32_MC_L1RC_AK4PFchs.txt
RecoNtuple_Skim/weight/JetSF/Fall17_17Nov2017_V32_MC_L2L3Residual_AK4PFchs.txt
RecoNtuple_Skim/weight/JetSF/Fall17_17Nov2017_V32_MC_L2Relative_AK4PFchs.txt
RecoNtuple_Skim/weight/JetSF/Fall17_17Nov2017_V32_MC_L2Residual_AK4PFchs.txt
RecoNtuple_Skim/weight/JetSF/Fall17_17Nov2017_V32_MC_L3Absolute_AK4PFchs.txt
RecoNtuple_Skim/weight/JetSF/Fall17_17Nov2017_V32_MC_UncertaintySources_AK4PFchs.txt
RecoNtuple_Skim/weight/JetSF/Fall17_17Nov2017_V32_MC_Uncertainty_AK4PFchs.txt
RecoNtuple_Skim/weight/JetSF/Summer16_07Aug2017_V11_MC_L1FastJet_AK4PFchs.txt
RecoNtuple_Skim/weight/JetSF/Summer16_07Aug2017_V11_MC_L1RC_AK4PFchs.txt
RecoNtuple_Skim/weight/JetSF/Summer16_07Aug2017_V11_MC_L2L3Residual_AK4PFchs.txt
RecoNtuple_Skim/weight/JetSF/Summer16_07Aug2017_V11_MC_L2Relative_AK4PFchs.txt
RecoNtuple_Skim/weight/JetSF/Summer16_07Aug2017_V11_MC_L2Residual_AK4PFchs.txt
RecoNtuple_Skim/weight/JetSF/Summer16_07Aug2017_V11_MC_L3Absolute_AK4PFchs.txt
RecoNtuple_Skim/weight/JetSF/Summer16_07Aug2017_V11_MC_UncertaintySources_AK4PFchs.txt
RecoNtuple_Skim/weight/JetSF/Summer16_07Aug2017_V11_MC_Uncertainty_AK4PFchs.txt
RecoNtuple_Skim/weight/MuEleSF/
RecoNtuple_Skim/weight/MuEleSF/ele2016/
RecoNtuple_Skim/weight/MuEleSF/ele2016/2016LegacyReReco_ElectronTight_Fall17V2.root
RecoNtuple_Skim/weight/MuEleSF/ele2016/EGM2D_BtoH_GT20GeV_RecoSF_Legacy2016.root
RecoNtuple_Skim/weight/MuEleSF/ele2016/sf_ele_2016_trig_v5.root
RecoNtuple_Skim/weight/MuEleSF/ele2017/
RecoNtuple_Skim/weight/MuEleSF/ele2017/egammaEffi.txt_EGM2D_runBCDEF_passingRECO.root
RecoNtuple_Skim/weight/MuEleSF/ele2017/2017_ElectronTight.root
RecoNtuple_Skim/weight/MuEleSF/ele2017/sf_ele_2017_trig_v5.root
RecoNtuple_Skim/weight/MuEleSF/ele2018/
RecoNtuple_Skim/weight/MuEleSF/ele2018/2018_ElectronTight.root
RecoNtuple_Skim/weight/MuEleSF/ele2018/egammaEffi.txt_EGM2D_updatedAll.root
RecoNtuple_Skim/weight/MuEleSF/ele2018/sf_ele_2018_trig_v5.root
RecoNtuple_Skim/weight/MuEleSF/mu2016/
RecoNtuple_Skim/weight/MuEleSF/mu2016/EfficienciesStudies_2016_legacy_rereco_jsonfiles_RunBCDEF_SF_ID.json
RecoNtuple_Skim/weight/MuEleSF/mu2016/EfficienciesStudies_2016_legacy_rereco_jsonfiles_RunBCDEF_SF_ISO.json
RecoNtuple_Skim/weight/MuEleSF/mu2016/EfficienciesStudies_2016_legacy_rereco_jsonfiles_RunGH_SF_ID.json
RecoNtuple_Skim/weight/MuEleSF/mu2016/EfficienciesStudies_2016_legacy_rereco_jsonfiles_RunGH_SF_ISO.json
RecoNtuple_Skim/weight/MuEleSF/mu2016/EfficienciesStudies_2016_legacy_rereco_rootfiles_RunBCDEF_SF_ID.root
RecoNtuple_Skim/weight/MuEleSF/mu2016/EfficienciesStudies_2016_legacy_rereco_rootfiles_RunBCDEF_SF_ISO.root
RecoNtuple_Skim/weight/MuEleSF/mu2016/EfficienciesStudies_2016_legacy_rereco_rootfiles_RunGH_SF_ID.root
RecoNtuple_Skim/weight/MuEleSF/mu2016/EfficienciesStudies_2016_legacy_rereco_rootfiles_RunGH_SF_ISO.root
RecoNtuple_Skim/weight/MuEleSF/mu2016/EfficienciesStudies_2016_trigger_EfficienciesAndSF_RunBtoF.json
RecoNtuple_Skim/weight/MuEleSF/mu2016/EfficienciesStudies_2016_trigger_EfficienciesAndSF_RunBtoF.root
RecoNtuple_Skim/weight/MuEleSF/mu2016/EfficienciesStudies_2016_trigger_EfficienciesAndSF_RunGtoH.json
RecoNtuple_Skim/weight/MuEleSF/mu2016/EfficienciesStudies_2016_trigger_EfficienciesAndSF_RunGtoH.root
RecoNtuple_Skim/weight/MuEleSF/mu2017/
RecoNtuple_Skim/weight/MuEleSF/mu2017/EfficienciesAndSF_RunBtoF_Nov17Nov2017.root
RecoNtuple_Skim/weight/MuEleSF/mu2017/RunBCDEF_SF_ID.json
RecoNtuple_Skim/weight/MuEleSF/mu2017/RunBCDEF_SF_ID.root
RecoNtuple_Skim/weight/MuEleSF/mu2017/RunBCDEF_SF_ISO.json
RecoNtuple_Skim/weight/MuEleSF/mu2017/RunBCDEF_SF_ISO.root
RecoNtuple_Skim/weight/MuEleSF/mu2017/theJSONfile_RunBtoF_Nov17Nov2017.json
RecoNtuple_Skim/weight/MuEleSF/mu2018/
RecoNtuple_Skim/weight/MuEleSF/mu2018/EfficienciesStudies_2018_trigger_theJSONfile_2018Data_AfterMuonHLTUpdate.json
RecoNtuple_Skim/weight/MuEleSF/mu2018/EfficienciesStudies_2018_jsonfiles_RunABCD_SF_ID.json
RecoNtuple_Skim/weight/MuEleSF/mu2018/EfficienciesStudies_2018_jsonfiles_RunABCD_SF_ISO.json
RecoNtuple_Skim/weight/MuEleSF/mu2018/EfficienciesStudies_2018_rootfiles_RunABCD_SF_ID.root
RecoNtuple_Skim/weight/MuEleSF/mu2018/EfficienciesStudies_2018_rootfiles_RunABCD_SF_ISO.root
RecoNtuple_Skim/weight/MuEleSF/mu2018/EfficienciesStudies_2018_trigger_EfficienciesAndSF_2018Data_AfterMuonHLTUpdate.root
RecoNtuple_Skim/weight/MuEleSF/mu2018/EfficienciesStudies_2018_trigger_EfficienciesAndSF_2018Data_BeforeMuonHLTUpdate.root
RecoNtuple_Skim/weight/MuEleSF/mu2018/EfficienciesStudies_2018_trigger_theJSONfile_2018Data_BeforeMuonHLTUpdate.json
RecoNtuple_Skim/weight/PileupSF/
RecoNtuple_Skim/weight/PileupSF/Data_2016BCDGH_Pileup.root
RecoNtuple_Skim/weight/PileupSF/Data_2016BCDGH_Pileup_scaledDown.root
RecoNtuple_Skim/weight/PileupSF/Data_2016BCDGH_Pileup_scaledUp.root
RecoNtuple_Skim/weight/PileupSF/Data_2017BCDEF_Pileup.root
RecoNtuple_Skim/weight/PileupSF/Data_2017BCDEF_Pileup_scaledDown.root
RecoNtuple_Skim/weight/PileupSF/Data_2017BCDEF_Pileup_scaledUp.root
RecoNtuple_Skim/weight/PileupSF/Data_2018ABCD_Pileup.root
RecoNtuple_Skim/weight/PileupSF/Data_2018ABCD_Pileup_scaledDown.root
RecoNtuple_Skim/weight/PileupSF/Data_2018ABCD_Pileup_scaledUp.root
RecoNtuple_Skim/makeRecoNtuple
RecoNtuple_Skim/Makefile
RecoNtuple_Skim/MakefileNew
RecoNtuple_Skim/README.md
RecoNtuple_Skim/makeRecoNtuple.C
All arguements: 2018 Data_SingleMu_d 18 44
Number of arguements: 4
/pool/condor/dir_7279
./makeRecoNtuple cutflow 2018 Data_SingleMu_d  18of44 . root://se01.indiacms.res.in//cms/store/user/idas/Output/cms-hcs-run2/Skim_NanoAOD/2018/Data_SingleMu_d_Skim_NanoAOD_10of44.root root://se01.indiacms.res.in//cms/store/user/idas/Output/cms-hcs-run2/Skim_NanoAOD/2018/Data_SingleMu_d_Skim_NanoAOD_11of44.root root://se01.indiacms.res.in//cms/store/user/idas/Output/cms-hcs-run2/Skim_NanoAOD/2018/Data_SingleMu_d_Skim_NanoAOD_12of44.root root://se01.indiacms.res.in//cms/store/user/idas/Output/cms-hcs-run2/Skim_NanoAOD/2018/Data_SingleMu_d_Skim_NanoAOD_13of44.root root://se01.indiacms.res.in//cms/store/user/idas/Output/cms-hcs-run2/Skim_NanoAOD/2018/Data_SingleMu_d_Skim_NanoAOD_14of44.root root://se01.indiacms.res.in//cms/store/user/idas/Output/cms-hcs-run2/Skim_NanoAOD/2018/Data_SingleMu_d_Skim_NanoAOD_15of44.root root://se01.indiacms.res.in//cms/store/user/idas/Output/cms-hcs-run2/Skim_NanoAOD/2018/Data_SingleMu_d_Skim_NanoAOD_16of44.root root://se01.indiacms.res.in//cms/store/user/idas/Output/cms-hcs-run2/Skim_NanoAOD/2018/Data_SingleMu_d_Skim_NanoAOD_17of44.root root://se01.indiacms.res.in//cms/store/user/idas/Output/cms-hcs-run2/Skim_NanoAOD/2018/Data_SingleMu_d_Skim_NanoAOD_18of44.root root://se01.indiacms.res.in//cms/store/user/idas/Output/cms-hcs-run2/Skim_NanoAOD/2018/Data_SingleMu_d_Skim_NanoAOD_19of44.root root://se01.indiacms.res.in//cms/store/user/idas/Output/cms-hcs-run2/Skim_NanoAOD/2018/Data_SingleMu_d_Skim_NanoAOD_1of44.root root://se01.indiacms.res.in//cms/store/user/idas/Output/cms-hcs-run2/Skim_NanoAOD/2018/Data_SingleMu_d_Skim_NanoAOD_20of44.root root://se01.indiacms.res.in//cms/store/user/idas/Output/cms-hcs-run2/Skim_NanoAOD/2018/Data_SingleMu_d_Skim_NanoAOD_21of44.root root://se01.indiacms.res.in//cms/store/user/idas/Output/cms-hcs-run2/Skim_NanoAOD/2018/Data_SingleMu_d_Skim_NanoAOD_22of44.root root://se01.indiacms.res.in//cms/store/user/idas/Output/cms-hcs-run2/Skim_NanoAOD/2018/Data_SingleMu_d_Skim_NanoAOD_23of44.root root://se01.indiacms.res.in//cms/store/user/idas/Output/cms-hcs-run2/Skim_NanoAOD/2018/Data_SingleMu_d_Skim_NanoAOD_24of44.root root://se01.indiacms.res.in//cms/store/user/idas/Output/cms-hcs-run2/Skim_NanoAOD/2018/Data_SingleMu_d_Skim_NanoAOD_25of44.root root://se01.indiacms.res.in//cms/store/user/idas/Output/cms-hcs-run2/Skim_NanoAOD/2018/Data_SingleMu_d_Skim_NanoAOD_26of44.root root://se01.indiacms.res.in//cms/store/user/idas/Output/cms-hcs-run2/Skim_NanoAOD/2018/Data_SingleMu_d_Skim_NanoAOD_27of44.root root://se01.indiacms.res.in//cms/store/user/idas/Output/cms-hcs-run2/Skim_NanoAOD/2018/Data_SingleMu_d_Skim_NanoAOD_28of44.root root://se01.indiacms.res.in//cms/store/user/idas/Output/cms-hcs-run2/Skim_NanoAOD/2018/Data_SingleMu_d_Skim_NanoAOD_29of44.root root://se01.indiacms.res.in//cms/store/user/idas/Output/cms-hcs-run2/Skim_NanoAOD/2018/Data_SingleMu_d_Skim_NanoAOD_2of44.root root://se01.indiacms.res.in//cms/store/user/idas/Output/cms-hcs-run2/Skim_NanoAOD/2018/Data_SingleMu_d_Skim_NanoAOD_30of44.root root://se01.indiacms.res.in//cms/store/user/idas/Output/cms-hcs-run2/Skim_NanoAOD/2018/Data_SingleMu_d_Skim_NanoAOD_31of44.root root://se01.indiacms.res.in//cms/store/user/idas/Output/cms-hcs-run2/Skim_NanoAOD/2018/Data_SingleMu_d_Skim_NanoAOD_32of44.root root://se01.indiacms.res.in//cms/store/user/idas/Output/cms-hcs-run2/Skim_NanoAOD/2018/Data_SingleMu_d_Skim_NanoAOD_33of44.root root://se01.indiacms.res.in//cms/store/user/idas/Output/cms-hcs-run2/Skim_NanoAOD/2018/Data_SingleMu_d_Skim_NanoAOD_34of44.root root://se01.indiacms.res.in//cms/store/user/idas/Output/cms-hcs-run2/Skim_NanoAOD/2018/Data_SingleMu_d_Skim_NanoAOD_35of44.root root://se01.indiacms.res.in//cms/store/user/idas/Output/cms-hcs-run2/Skim_NanoAOD/2018/Data_SingleMu_d_Skim_NanoAOD_36of44.root root://se01.indiacms.res.in//cms/store/user/idas/Output/cms-hcs-run2/Skim_NanoAOD/2018/Data_SingleMu_d_Skim_NanoAOD_37of44.root root://se01.indiacms.res.in//cms/store/user/idas/Output/cms-hcs-run2/Skim_NanoAOD/2018/Data_SingleMu_d_Skim_NanoAOD_38of44.root root://se01.indiacms.res.in//cms/store/user/idas/Output/cms-hcs-run2/Skim_NanoAOD/2018/Data_SingleMu_d_Skim_NanoAOD_39of44.root root://se01.indiacms.res.in//cms/store/user/idas/Output/cms-hcs-run2/Skim_NanoAOD/2018/Data_SingleMu_d_Skim_NanoAOD_3of44.root root://se01.indiacms.res.in//cms/store/user/idas/Output/cms-hcs-run2/Skim_NanoAOD/2018/Data_SingleMu_d_Skim_NanoAOD_40of44.root root://se01.indiacms.res.in//cms/store/user/idas/Output/cms-hcs-run2/Skim_NanoAOD/2018/Data_SingleMu_d_Skim_NanoAOD_41of44.root root://se01.indiacms.res.in//cms/store/user/idas/Output/cms-hcs-run2/Skim_NanoAOD/2018/Data_SingleMu_d_Skim_NanoAOD_42of44.root root://se01.indiacms.res.in//cms/store/user/idas/Output/cms-hcs-run2/Skim_NanoAOD/2018/Data_SingleMu_d_Skim_NanoAOD_43of44.root root://se01.indiacms.res.in//cms/store/user/idas/Output/cms-hcs-run2/Skim_NanoAOD/2018/Data_SingleMu_d_Skim_NanoAOD_44of44.root root://se01.indiacms.res.in//cms/store/user/idas/Output/cms-hcs-run2/Skim_NanoAOD/2018/Data_SingleMu_d_Skim_NanoAOD_4of44.root root://se01.indiacms.res.in//cms/store/user/idas/Output/cms-hcs-run2/Skim_NanoAOD/2018/Data_SingleMu_d_Skim_NanoAOD_5of44.root root://se01.indiacms.res.in//cms/store/user/idas/Output/cms-hcs-run2/Skim_NanoAOD/2018/Data_SingleMu_d_Skim_NanoAOD_6of44.root root://se01.indiacms.res.in//cms/store/user/idas/Output/cms-hcs-run2/Skim_NanoAOD/2018/Data_SingleMu_d_Skim_NanoAOD_7of44.root root://se01.indiacms.res.in//cms/store/user/idas/Output/cms-hcs-run2/Skim_NanoAOD/2018/Data_SingleMu_d_Skim_NanoAOD_8of44.root root://se01.indiacms.res.in//cms/store/user/idas/Output/cms-hcs-run2/Skim_NanoAOD/2018/Data_SingleMu_d_Skim_NanoAOD_9of44.root
18 of 44
Data_SingleMu_d
pos : 18446744073709551615
sampleType : Data_SingleMu_d,  systematicType : 
Dilepton Sample :0
. Data_SingleMu_d 
. Data_SingleMu_d 
./Data_SingleMu_d_RecoNtuple_Skim_18of44.root
HERE
DONE
isMC: 0
Using event weight 1
XS = 8600.36
lumi = 59740.6
nEvents_MC = 5.1379e+08
426606483
processing entry 165000000 out of 426606483 : 343.864 seconds since last progress
processing entry 166000000 out of 426606483 : 33.6382 seconds since last progress
processing entry 167000000 out of 426606483 : 46.0595 seconds since last progress
processing entry 168000000 out of 426606483 : 38.7115 seconds since last progress
processing entry 169000000 out of 426606483 : 42.3511 seconds since last progress
processing entry 170000000 out of 426606483 : 34.4622 seconds since last progress
processing entry 171000000 out of 426606483 : 33.326 seconds since last progress
processing entry 172000000 out of 426606483 : 40.2829 seconds since last progress
processing entry 173000000 out of 426606483 : 33.3194 seconds since last progress
processing entry 174000000 out of 426606483 : 42.3367 seconds since last progress
e+jets cutflow
Cut-Flow for the event selector: 
Input Events :                9.68186e+06
Passing Trigger               10276
Has Good Vtx               10252
Events with 1 electron     6903
Events with no loose electrons 6750
Events with no muons 2141
Events with >= 1 jets        2112
Events with >= 2 jets        1851
Events with >= 3 jets     1375
Events with >= 4 jets 866
Events with >= 1 bjets 707
Events with >= 2 bjets       0
Events passing MET cut       707

mu+jets cutflow
Cut-Flow for the event selector: 
Input Events :                9.68186e+06
Passing Trigger               9.6778e+06
Has Good Vtx               9.61729e+06
Events with 1 muon     5.51015e+06
Events with no loose muons 5.31738e+06
Events with no electrons 5.30567e+06
Events with >= 1 jets        1.39481e+06
Events with >= 2 jets        372768
Events with >= 3 jets     115981
Events with >= 4 jets 40974
Events with >= 1 bjets 24380
Events with >= 2 bjets       0
Events passing MET cut       24380

e+jets cutflow Weighted
Cut-Flow for the event selector: 
Input Events :                9.68186e+06
Passing Trigger               10276
Has Good Vtx               10252
Events with 1 electron     6903
Events with no loose electrons 6750
Events with no muons 2141
Events with >= 1 jets        2112
Events with >= 2 jets        1851
Events with >= 3 jets     1375
Events with >= 4 jets 866
Events with >= 1 bjets 707
Events with >= 2 bjets       0
Events passing MET cut       707

mu+jets cutflow Weighted
Cut-Flow for the event selector: 
Input Events :                9.68186e+06
Passing Trigger               9.6778e+06
Has Good Vtx               9.61729e+06
Events with 1 muon     5.51015e+06
Events with no loose muons 5.31738e+06
Events with no electrons 5.30567e+06
Events with >= 1 jets        1.39481e+06
Events with >= 2 jets        372768
Events with >= 3 jets     115981
Events with >= 4 jets 40974
Events with >= 1 bjets 24380
Events with >= 2 bjets       0
Events passing MET cut       24380

delete csv
Done Histogramming at Tue Feb 23 17:01:37 CET 2021
Cleanup
Done Tue Feb 23 17:01:40 CET 2021
