Start Running Histogramming at Tue Feb 23 16:22:45 CET 2021
Worker node hostname b7g27n0150.cern.ch
Running In Batch
/pool/condor/dir_16983
WARNING: Release CMSSW_10_2_14 is not available for architecture slc7_amd64_gcc820.
         Developer's area is created for available architecture slc7_amd64_gcc700.
RecoNtuple_Skim/interface/
RecoNtuple_Skim/interface/eleSF_reader.h
RecoNtuple_Skim/interface/Utils.h
RecoNtuple_Skim/interface/BTagCalibrationStandalone.h
RecoNtuple_Skim/interface/EventPick.h
RecoNtuple_Skim/interface/EventTree.h
RecoNtuple_Skim/interface/FactorizedJetCorrector.h
RecoNtuple_Skim/interface/JECvariation.h
RecoNtuple_Skim/interface/JERUtilities.h
RecoNtuple_Skim/interface/JERUtilities.h.gch
RecoNtuple_Skim/interface/JetCorrectionUncertainty.h
RecoNtuple_Skim/interface/JetCorrectorParameters.h
RecoNtuple_Skim/interface/JetResolution.h
RecoNtuple_Skim/interface/JetResolutionObject.h
RecoNtuple_Skim/interface/METzCalculator.h
RecoNtuple_Skim/interface/PUReweight.h
RecoNtuple_Skim/interface/ScaleFactorFunction.h
RecoNtuple_Skim/interface/Selector.h
RecoNtuple_Skim/interface/SimpleJetCorrectionUncertainty.h
RecoNtuple_Skim/interface/SimpleJetCorrector.h
RecoNtuple_Skim/interface/TopEventCombinatorics.h
RecoNtuple_Skim/interface/UncertaintySourcesList.h
RecoNtuple_Skim/interface/elemuSF.h
RecoNtuple_Skim/interface/elemuSF_2016.h
RecoNtuple_Skim/interface/elemuSF_2017.h
RecoNtuple_Skim/interface/elemuSF_2018.h
RecoNtuple_Skim/interface/makeRecoNtuple.h
RecoNtuple_Skim/interface/muSF_reader.h
RecoNtuple_Skim/interface/ScaleFactorFunction.h~
RecoNtuple_Skim/sample/
RecoNtuple_Skim/sample/Skim_NanoAOD_FileLists_cff.sh
RecoNtuple_Skim/sample/produceFileLists.py
RecoNtuple_Skim/src/
RecoNtuple_Skim/src/makeSkim.cpp
RecoNtuple_Skim/src/EventPick.o
RecoNtuple_Skim/src/BTagCalibrationStandalone.cpp
RecoNtuple_Skim/src/BTagCalibrationStandalone.o
RecoNtuple_Skim/src/ErrorTypes.cpp
RecoNtuple_Skim/src/ErrorTypes.hpp
RecoNtuple_Skim/src/EventPick.cpp
RecoNtuple_Skim/src/EventTree.o
RecoNtuple_Skim/src/EventPick_gen.cpp
RecoNtuple_Skim/src/EventTree.cpp
RecoNtuple_Skim/src/JECvariation.o
RecoNtuple_Skim/src/FactorizedJetCorrector.cpp
RecoNtuple_Skim/src/FactorizedJetCorrector.o
RecoNtuple_Skim/src/JECUncertainty.cpp
RecoNtuple_Skim/src/JECUncertainty.hpp
RecoNtuple_Skim/src/JECvariation.cpp
RecoNtuple_Skim/src/JetResolution.o
RecoNtuple_Skim/src/JetCorrectionUncertainty.cpp
RecoNtuple_Skim/src/JetCorrectionUncertainty.o
RecoNtuple_Skim/src/JetCorrectorParameters.cpp
RecoNtuple_Skim/src/JetCorrectorParameters.o
RecoNtuple_Skim/src/JetDefs.hpp
RecoNtuple_Skim/src/JetResolution.cc
RecoNtuple_Skim/src/Selector.o
RecoNtuple_Skim/src/JetResolutionObject.cc
RecoNtuple_Skim/src/JetResolutionObject.o
RecoNtuple_Skim/src/METzCalculator.cpp
RecoNtuple_Skim/src/Makefile
RecoNtuple_Skim/src/PUReweight.cpp
RecoNtuple_Skim/src/Selector.cpp
RecoNtuple_Skim/src/Utils.o
RecoNtuple_Skim/src/Selector_gen.cpp
RecoNtuple_Skim/src/SimpleJetCorrectionUncertainty.cpp
RecoNtuple_Skim/src/SimpleJetCorrectionUncertainty.o
RecoNtuple_Skim/src/SimpleJetCorrector.cpp
RecoNtuple_Skim/src/SimpleJetCorrector.o
RecoNtuple_Skim/src/TopEventCombinatorics.cpp
RecoNtuple_Skim/src/Utilities.cc
RecoNtuple_Skim/src/Utils.cc
RecoNtuple_Skim/src/testLepSF.cpp
RecoNtuple_Skim/weight/
RecoNtuple_Skim/weight/BtagSF/
RecoNtuple_Skim/weight/BtagSF/DeepCSV_102XSF_V1.csv
RecoNtuple_Skim/weight/BtagSF/DeepCSV_2016LegacySF_V1.csv
RecoNtuple_Skim/weight/BtagSF/DeepCSV_94XSF_V3_B_F.csv
RecoNtuple_Skim/weight/BtagSF/DeepCSV_Moriond17_B_H.csv
RecoNtuple_Skim/weight/BtagSF/btag_efficiencies_2016.root
RecoNtuple_Skim/weight/BtagSF/btag_efficiencies_2017.root
RecoNtuple_Skim/weight/BtagSF/btag_efficiencies_2018.root
RecoNtuple_Skim/weight/JetSF/
RecoNtuple_Skim/weight/JetSF/JER/
RecoNtuple_Skim/weight/JetSF/JER/Autumn18_V7b_MC_PtResolution_AK4PFchs.txt
RecoNtuple_Skim/weight/JetSF/JER/Autumn18_V7b_MC_SF_AK4PFchs.txt
RecoNtuple_Skim/weight/JetSF/JER/Fall17_V3_MC_PtResolution_AK4PFchs.txt
RecoNtuple_Skim/weight/JetSF/JER/Fall17_V3_MC_SF_AK4PFchs.txt
RecoNtuple_Skim/weight/JetSF/JER/Summer16_25nsV1_MC_PtResolution_AK4PFchs.txt
RecoNtuple_Skim/weight/JetSF/JER/Summer16_25nsV1_MC_SF_AK4PFchs.txt
RecoNtuple_Skim/weight/JetSF/Autumn18_V19_MC_L2L3Residual_AK4PFchs.txt
RecoNtuple_Skim/weight/JetSF/Autumn18_V19_MC_L1FastJet_AK4PFchs.txt
RecoNtuple_Skim/weight/JetSF/Autumn18_V19_MC_L1RC_AK4PFchs.txt
RecoNtuple_Skim/weight/JetSF/Autumn18_V19_MC_UncertaintySources_AK4PFchs.txt
RecoNtuple_Skim/weight/JetSF/Autumn18_V19_MC_L2Relative_AK4PFchs.txt
RecoNtuple_Skim/weight/JetSF/Autumn18_V19_MC_L2Residual_AK4PFchs.txt
RecoNtuple_Skim/weight/JetSF/Autumn18_V19_MC_L3Absolute_AK4PFchs.txt
RecoNtuple_Skim/weight/JetSF/Autumn18_V19_MC_Uncertainty_AK4PFchs.txt
RecoNtuple_Skim/weight/JetSF/Fall17_17Nov2017_V32_MC_L1FastJet_AK4PFchs.txt
RecoNtuple_Skim/weight/JetSF/Fall17_17Nov2017_V32_MC_L1RC_AK4PFchs.txt
RecoNtuple_Skim/weight/JetSF/Fall17_17Nov2017_V32_MC_L2L3Residual_AK4PFchs.txt
RecoNtuple_Skim/weight/JetSF/Fall17_17Nov2017_V32_MC_L2Relative_AK4PFchs.txt
RecoNtuple_Skim/weight/JetSF/Fall17_17Nov2017_V32_MC_L2Residual_AK4PFchs.txt
RecoNtuple_Skim/weight/JetSF/Fall17_17Nov2017_V32_MC_L3Absolute_AK4PFchs.txt
RecoNtuple_Skim/weight/JetSF/Fall17_17Nov2017_V32_MC_UncertaintySources_AK4PFchs.txt
RecoNtuple_Skim/weight/JetSF/Fall17_17Nov2017_V32_MC_Uncertainty_AK4PFchs.txt
RecoNtuple_Skim/weight/JetSF/Summer16_07Aug2017_V11_MC_L1FastJet_AK4PFchs.txt
RecoNtuple_Skim/weight/JetSF/Summer16_07Aug2017_V11_MC_L1RC_AK4PFchs.txt
RecoNtuple_Skim/weight/JetSF/Summer16_07Aug2017_V11_MC_L2L3Residual_AK4PFchs.txt
RecoNtuple_Skim/weight/JetSF/Summer16_07Aug2017_V11_MC_L2Relative_AK4PFchs.txt
RecoNtuple_Skim/weight/JetSF/Summer16_07Aug2017_V11_MC_L2Residual_AK4PFchs.txt
RecoNtuple_Skim/weight/JetSF/Summer16_07Aug2017_V11_MC_L3Absolute_AK4PFchs.txt
RecoNtuple_Skim/weight/JetSF/Summer16_07Aug2017_V11_MC_UncertaintySources_AK4PFchs.txt
RecoNtuple_Skim/weight/JetSF/Summer16_07Aug2017_V11_MC_Uncertainty_AK4PFchs.txt
RecoNtuple_Skim/weight/MuEleSF/
RecoNtuple_Skim/weight/MuEleSF/ele2016/
RecoNtuple_Skim/weight/MuEleSF/ele2016/2016LegacyReReco_ElectronTight_Fall17V2.root
RecoNtuple_Skim/weight/MuEleSF/ele2016/EGM2D_BtoH_GT20GeV_RecoSF_Legacy2016.root
RecoNtuple_Skim/weight/MuEleSF/ele2016/sf_ele_2016_trig_v5.root
RecoNtuple_Skim/weight/MuEleSF/ele2017/
RecoNtuple_Skim/weight/MuEleSF/ele2017/egammaEffi.txt_EGM2D_runBCDEF_passingRECO.root
RecoNtuple_Skim/weight/MuEleSF/ele2017/2017_ElectronTight.root
RecoNtuple_Skim/weight/MuEleSF/ele2017/sf_ele_2017_trig_v5.root
RecoNtuple_Skim/weight/MuEleSF/ele2018/
RecoNtuple_Skim/weight/MuEleSF/ele2018/2018_ElectronTight.root
RecoNtuple_Skim/weight/MuEleSF/ele2018/egammaEffi.txt_EGM2D_updatedAll.root
RecoNtuple_Skim/weight/MuEleSF/ele2018/sf_ele_2018_trig_v5.root
RecoNtuple_Skim/weight/MuEleSF/mu2016/
RecoNtuple_Skim/weight/MuEleSF/mu2016/EfficienciesStudies_2016_legacy_rereco_jsonfiles_RunBCDEF_SF_ID.json
RecoNtuple_Skim/weight/MuEleSF/mu2016/EfficienciesStudies_2016_legacy_rereco_jsonfiles_RunBCDEF_SF_ISO.json
RecoNtuple_Skim/weight/MuEleSF/mu2016/EfficienciesStudies_2016_legacy_rereco_jsonfiles_RunGH_SF_ID.json
RecoNtuple_Skim/weight/MuEleSF/mu2016/EfficienciesStudies_2016_legacy_rereco_jsonfiles_RunGH_SF_ISO.json
RecoNtuple_Skim/weight/MuEleSF/mu2016/EfficienciesStudies_2016_legacy_rereco_rootfiles_RunBCDEF_SF_ID.root
RecoNtuple_Skim/weight/MuEleSF/mu2016/EfficienciesStudies_2016_legacy_rereco_rootfiles_RunBCDEF_SF_ISO.root
RecoNtuple_Skim/weight/MuEleSF/mu2016/EfficienciesStudies_2016_legacy_rereco_rootfiles_RunGH_SF_ID.root
RecoNtuple_Skim/weight/MuEleSF/mu2016/EfficienciesStudies_2016_legacy_rereco_rootfiles_RunGH_SF_ISO.root
RecoNtuple_Skim/weight/MuEleSF/mu2016/EfficienciesStudies_2016_trigger_EfficienciesAndSF_RunBtoF.json
RecoNtuple_Skim/weight/MuEleSF/mu2016/EfficienciesStudies_2016_trigger_EfficienciesAndSF_RunBtoF.root
RecoNtuple_Skim/weight/MuEleSF/mu2016/EfficienciesStudies_2016_trigger_EfficienciesAndSF_RunGtoH.json
RecoNtuple_Skim/weight/MuEleSF/mu2016/EfficienciesStudies_2016_trigger_EfficienciesAndSF_RunGtoH.root
RecoNtuple_Skim/weight/MuEleSF/mu2017/
RecoNtuple_Skim/weight/MuEleSF/mu2017/EfficienciesAndSF_RunBtoF_Nov17Nov2017.root
RecoNtuple_Skim/weight/MuEleSF/mu2017/RunBCDEF_SF_ID.json
RecoNtuple_Skim/weight/MuEleSF/mu2017/RunBCDEF_SF_ID.root
RecoNtuple_Skim/weight/MuEleSF/mu2017/RunBCDEF_SF_ISO.json
RecoNtuple_Skim/weight/MuEleSF/mu2017/RunBCDEF_SF_ISO.root
RecoNtuple_Skim/weight/MuEleSF/mu2017/theJSONfile_RunBtoF_Nov17Nov2017.json
RecoNtuple_Skim/weight/MuEleSF/mu2018/
RecoNtuple_Skim/weight/MuEleSF/mu2018/EfficienciesStudies_2018_trigger_theJSONfile_2018Data_AfterMuonHLTUpdate.json
RecoNtuple_Skim/weight/MuEleSF/mu2018/EfficienciesStudies_2018_jsonfiles_RunABCD_SF_ID.json
RecoNtuple_Skim/weight/MuEleSF/mu2018/EfficienciesStudies_2018_jsonfiles_RunABCD_SF_ISO.json
RecoNtuple_Skim/weight/MuEleSF/mu2018/EfficienciesStudies_2018_rootfiles_RunABCD_SF_ID.root
RecoNtuple_Skim/weight/MuEleSF/mu2018/EfficienciesStudies_2018_rootfiles_RunABCD_SF_ISO.root
RecoNtuple_Skim/weight/MuEleSF/mu2018/EfficienciesStudies_2018_trigger_EfficienciesAndSF_2018Data_AfterMuonHLTUpdate.root
RecoNtuple_Skim/weight/MuEleSF/mu2018/EfficienciesStudies_2018_trigger_EfficienciesAndSF_2018Data_BeforeMuonHLTUpdate.root
RecoNtuple_Skim/weight/MuEleSF/mu2018/EfficienciesStudies_2018_trigger_theJSONfile_2018Data_BeforeMuonHLTUpdate.json
RecoNtuple_Skim/weight/PileupSF/
RecoNtuple_Skim/weight/PileupSF/Data_2016BCDGH_Pileup.root
RecoNtuple_Skim/weight/PileupSF/Data_2016BCDGH_Pileup_scaledDown.root
RecoNtuple_Skim/weight/PileupSF/Data_2016BCDGH_Pileup_scaledUp.root
RecoNtuple_Skim/weight/PileupSF/Data_2017BCDEF_Pileup.root
RecoNtuple_Skim/weight/PileupSF/Data_2017BCDEF_Pileup_scaledDown.root
RecoNtuple_Skim/weight/PileupSF/Data_2017BCDEF_Pileup_scaledUp.root
RecoNtuple_Skim/weight/PileupSF/Data_2018ABCD_Pileup.root
RecoNtuple_Skim/weight/PileupSF/Data_2018ABCD_Pileup_scaledDown.root
RecoNtuple_Skim/weight/PileupSF/Data_2018ABCD_Pileup_scaledUp.root
RecoNtuple_Skim/makeRecoNtuple
RecoNtuple_Skim/Makefile
RecoNtuple_Skim/MakefileNew
RecoNtuple_Skim/README.md
RecoNtuple_Skim/makeRecoNtuple.C
All arguements: 2017 QCD_Pt170to300_Ele
Number of arguements: 2
/pool/condor/dir_16983
./makeRecoNtuple cutflow 2017 QCD_Pt170to300_Ele  . root://se01.indiacms.res.in//cms/store/user/idas/Output/cms-hcs-run2/Skim_NanoAOD/2017/QCD_Pt170to300_Ele_Skim_NanoAOD.root
-1 of -1
QCD_Pt170to300_Ele
pos : 18446744073709551615
sampleType : QCD_Pt170to300_Ele,  systematicType : 
Dilepton Sample :0
. QCD_Pt170to300_Ele 
. QCD_Pt170to300_Ele 
./QCD_Pt170to300_Ele_RecoNtuple_Skim.root
HERE
DONE
isMC: 1
Using event weight 227.523
XS = 18810
lumi = 41529.5
nEvents_MC = 3.43336e+06
4843
processing entry 0 out of 4843 : 38.0768 seconds since last progress
processing entry 100 out of 4843 : 0.0122244 seconds since last progress
processing entry 200 out of 4843 : 0.0125118 seconds since last progress
processing entry 300 out of 4843 : 0.0111176 seconds since last progress
processing entry 400 out of 4843 : 0.0106826 seconds since last progress
processing entry 500 out of 4843 : 0.0110972 seconds since last progress
processing entry 600 out of 4843 : 0.0109983 seconds since last progress
processing entry 700 out of 4843 : 0.0118928 seconds since last progress
processing entry 800 out of 4843 : 0.0111175 seconds since last progress
processing entry 900 out of 4843 : 0.00895649 seconds since last progress
processing entry 1000 out of 4843 : 0.01061 seconds since last progress
processing entry 1100 out of 4843 : 0.0106732 seconds since last progress
processing entry 1200 out of 4843 : 0.00837109 seconds since last progress
processing entry 1300 out of 4843 : 0.00901067 seconds since last progress
processing entry 1400 out of 4843 : 0.010093 seconds since last progress
processing entry 1500 out of 4843 : 0.00930667 seconds since last progress
processing entry 1600 out of 4843 : 0.0101348 seconds since last progress
processing entry 1700 out of 4843 : 0.527669 seconds since last progress
processing entry 1800 out of 4843 : 0.0224816 seconds since last progress
processing entry 1900 out of 4843 : 0.0140981 seconds since last progress
processing entry 2000 out of 4843 : 0.0109001 seconds since last progress
processing entry 2100 out of 4843 : 0.0108971 seconds since last progress
processing entry 2200 out of 4843 : 0.0109077 seconds since last progress
processing entry 2300 out of 4843 : 0.0112093 seconds since last progress
processing entry 2400 out of 4843 : 0.0104466 seconds since last progress
processing entry 2500 out of 4843 : 0.0106328 seconds since last progress
processing entry 2600 out of 4843 : 0.0111295 seconds since last progress
processing entry 2700 out of 4843 : 0.0111333 seconds since last progress
processing entry 2800 out of 4843 : 0.0114992 seconds since last progress
processing entry 2900 out of 4843 : 0.010376 seconds since last progress
processing entry 3000 out of 4843 : 0.0104378 seconds since last progress
processing entry 3100 out of 4843 : 0.010921 seconds since last progress
processing entry 3200 out of 4843 : 0.0112322 seconds since last progress
processing entry 3300 out of 4843 : 0.0545669 seconds since last progress
processing entry 3400 out of 4843 : 0.00784278 seconds since last progress
processing entry 3500 out of 4843 : 0.0103582 seconds since last progress
processing entry 3600 out of 4843 : 0.0113843 seconds since last progress
processing entry 3700 out of 4843 : 0.00749652 seconds since last progress
processing entry 3800 out of 4843 : 0.014077 seconds since last progress
processing entry 3900 out of 4843 : 0.00759652 seconds since last progress
processing entry 4000 out of 4843 : 0.00732766 seconds since last progress
processing entry 4100 out of 4843 : 0.00772842 seconds since last progress
processing entry 4200 out of 4843 : 0.00704899 seconds since last progress
processing entry 4300 out of 4843 : 0.00857281 seconds since last progress
processing entry 4400 out of 4843 : 0.009763 seconds since last progress
processing entry 4500 out of 4843 : 0.0109954 seconds since last progress
processing entry 4600 out of 4843 : 0.0110463 seconds since last progress
processing entry 4700 out of 4843 : 0.0109683 seconds since last progress
processing entry 4800 out of 4843 : 0.0113693 seconds since last progress
e+jets cutflow
Cut-Flow for the event selector: 
Input Events :                4843
Passing Trigger               3993
Has Good Vtx               3988
Events with 1 electron     1301
Events with no loose electrons 1292
Events with no muons 1290
Events with >= 1 jets        1266
Events with >= 2 jets        1007
Events with >= 3 jets     563
Events with >= 4 jets 218
Events with >= 1 bjets 26
Events with >= 2 bjets       0
Events passing MET cut       26

mu+jets cutflow
Cut-Flow for the event selector: 
Input Events :                4843
Passing Trigger               803
Has Good Vtx               796
Events with 1 muon     175
Events with no loose muons 160
Events with no electrons 160
Events with >= 1 jets        157
Events with >= 2 jets        117
Events with >= 3 jets     64
Events with >= 4 jets 27
Events with >= 1 bjets 13
Events with >= 2 bjets       0
Events passing MET cut       13

e+jets cutflow Weighted
Cut-Flow for the event selector: 
Input Events :                4843
Passing Trigger               3993
Has Good Vtx               3988
Events with 1 electron     1301
Events with no loose electrons 1292
Events with no muons 1290
Events with >= 1 jets        1266
Events with >= 2 jets        1007
Events with >= 3 jets     563
Events with >= 4 jets 218
Events with >= 1 bjets 26
Events with >= 2 bjets       0
Events passing MET cut       26

mu+jets cutflow Weighted
Cut-Flow for the event selector: 
Input Events :                4843
Passing Trigger               803
Has Good Vtx               796
Events with 1 muon     175
Events with no loose muons 160
Events with no electrons 160
Events with >= 1 jets        157
Events with >= 2 jets        117
Events with >= 3 jets     64
Events with >= 4 jets 27
Events with >= 1 bjets 13
Events with >= 2 bjets       0
Events passing MET cut       13

delete csv
Done Histogramming at Tue Feb 23 16:23:27 CET 2021
Cleanup
Done Tue Feb 23 16:23:30 CET 2021
