WARNING: In non-interactive mode release checks e.g. deprecated releases, production architectures are disabled.

 *** Break *** segmentation violation



===========================================================
There was a crash.
This is the entire stack trace of all threads:
===========================================================

Thread 6 (Thread 0x2b65a5888700 (LWP 225)):
#0  0x00002b6596609d19 in syscall () from /lib64/libc.so.6
#1  0x00002b65a4e2b79e in XrdSys::LinuxSemaphore::Wait (this=0x5b7ada0) at /build/cmsbld/auto-builds/CMSSW_10_2_0_pre6-slc7_amd64_gcc700/build/CMSSW_10_2_0_pre6-build/BUILD/slc7_amd64_gcc700/external/xrootd/4.8.3-gnimlf/xrootd-4.8.3/src/./XrdSys/XrdSysLinuxSemaphore.hh:161
#2  XrdCl::SyncQueue<XrdCl::JobManager::JobHelper>::Get (this=0x5b99a28) at /build/cmsbld/auto-builds/CMSSW_10_2_0_pre6-slc7_amd64_gcc700/build/CMSSW_10_2_0_pre6-build/BUILD/slc7_amd64_gcc700/external/xrootd/4.8.3-gnimlf/xrootd-4.8.3/src/./XrdCl/XrdClSyncQueue.hh:67
#3  XrdCl::JobManager::RunJobs (this=0x5b99a10) at /build/cmsbld/auto-builds/CMSSW_10_2_0_pre6-slc7_amd64_gcc700/build/CMSSW_10_2_0_pre6-build/BUILD/slc7_amd64_gcc700/external/xrootd/4.8.3-gnimlf/xrootd-4.8.3/src/XrdCl/XrdClJobManager.cc:146
#4  0x00002b65a4e2b989 in RunRunnerThread (arg=<optimized out>) at /build/cmsbld/auto-builds/CMSSW_10_2_0_pre6-slc7_amd64_gcc700/build/CMSSW_10_2_0_pre6-build/BUILD/slc7_amd64_gcc700/external/xrootd/4.8.3-gnimlf/xrootd-4.8.3/src/XrdCl/XrdClJobManager.cc:33
#5  0x00002b65962fcea5 in start_thread () from /lib64/libpthread.so.0
#6  0x00002b659660f9fd in clone () from /lib64/libc.so.6

Thread 5 (Thread 0x2b65a5687700 (LWP 224)):
#0  0x00002b6596609d19 in syscall () from /lib64/libc.so.6
#1  0x00002b65a4e2b79e in XrdSys::LinuxSemaphore::Wait (this=0x5b7ada0) at /build/cmsbld/auto-builds/CMSSW_10_2_0_pre6-slc7_amd64_gcc700/build/CMSSW_10_2_0_pre6-build/BUILD/slc7_amd64_gcc700/external/xrootd/4.8.3-gnimlf/xrootd-4.8.3/src/./XrdSys/XrdSysLinuxSemaphore.hh:161
#2  XrdCl::SyncQueue<XrdCl::JobManager::JobHelper>::Get (this=0x5b99a28) at /build/cmsbld/auto-builds/CMSSW_10_2_0_pre6-slc7_amd64_gcc700/build/CMSSW_10_2_0_pre6-build/BUILD/slc7_amd64_gcc700/external/xrootd/4.8.3-gnimlf/xrootd-4.8.3/src/./XrdCl/XrdClSyncQueue.hh:67
#3  XrdCl::JobManager::RunJobs (this=0x5b99a10) at /build/cmsbld/auto-builds/CMSSW_10_2_0_pre6-slc7_amd64_gcc700/build/CMSSW_10_2_0_pre6-build/BUILD/slc7_amd64_gcc700/external/xrootd/4.8.3-gnimlf/xrootd-4.8.3/src/XrdCl/XrdClJobManager.cc:146
#4  0x00002b65a4e2b989 in RunRunnerThread (arg=<optimized out>) at /build/cmsbld/auto-builds/CMSSW_10_2_0_pre6-slc7_amd64_gcc700/build/CMSSW_10_2_0_pre6-build/BUILD/slc7_amd64_gcc700/external/xrootd/4.8.3-gnimlf/xrootd-4.8.3/src/XrdCl/XrdClJobManager.cc:33
#5  0x00002b65962fcea5 in start_thread () from /lib64/libpthread.so.0
#6  0x00002b659660f9fd in clone () from /lib64/libc.so.6

Thread 4 (Thread 0x2b65a5486700 (LWP 223)):
#0  0x00002b6596609d19 in syscall () from /lib64/libc.so.6
#1  0x00002b65a4e2b79e in XrdSys::LinuxSemaphore::Wait (this=0x5b7ada0) at /build/cmsbld/auto-builds/CMSSW_10_2_0_pre6-slc7_amd64_gcc700/build/CMSSW_10_2_0_pre6-build/BUILD/slc7_amd64_gcc700/external/xrootd/4.8.3-gnimlf/xrootd-4.8.3/src/./XrdSys/XrdSysLinuxSemaphore.hh:161
#2  XrdCl::SyncQueue<XrdCl::JobManager::JobHelper>::Get (this=0x5b99a28) at /build/cmsbld/auto-builds/CMSSW_10_2_0_pre6-slc7_amd64_gcc700/build/CMSSW_10_2_0_pre6-build/BUILD/slc7_amd64_gcc700/external/xrootd/4.8.3-gnimlf/xrootd-4.8.3/src/./XrdCl/XrdClSyncQueue.hh:67
#3  XrdCl::JobManager::RunJobs (this=0x5b99a10) at /build/cmsbld/auto-builds/CMSSW_10_2_0_pre6-slc7_amd64_gcc700/build/CMSSW_10_2_0_pre6-build/BUILD/slc7_amd64_gcc700/external/xrootd/4.8.3-gnimlf/xrootd-4.8.3/src/XrdCl/XrdClJobManager.cc:146
#4  0x00002b65a4e2b989 in RunRunnerThread (arg=<optimized out>) at /build/cmsbld/auto-builds/CMSSW_10_2_0_pre6-slc7_amd64_gcc700/build/CMSSW_10_2_0_pre6-build/BUILD/slc7_amd64_gcc700/external/xrootd/4.8.3-gnimlf/xrootd-4.8.3/src/XrdCl/XrdClJobManager.cc:33
#5  0x00002b65962fcea5 in start_thread () from /lib64/libpthread.so.0
#6  0x00002b659660f9fd in clone () from /lib64/libc.so.6

Thread 3 (Thread 0x2b65a5285700 (LWP 222)):
#0  0x00002b6596303e9d in nanosleep () from /lib64/libpthread.so.0
#1  0x00002b65a4c63ded in XrdSysTimer::Wait (mills=<optimized out>) at /build/cmsbld/auto-builds/CMSSW_10_2_0_pre6-slc7_amd64_gcc700/build/CMSSW_10_2_0_pre6-build/BUILD/slc7_amd64_gcc700/external/xrootd/4.8.3-gnimlf/xrootd-4.8.3/src/XrdSys/XrdSysTimer.cc:239
#2  0x00002b65a4dcf118 in XrdCl::TaskManager::RunTasks (this=0x5b8b050) at /build/cmsbld/auto-builds/CMSSW_10_2_0_pre6-slc7_amd64_gcc700/build/CMSSW_10_2_0_pre6-build/BUILD/slc7_amd64_gcc700/external/xrootd/4.8.3-gnimlf/xrootd-4.8.3/src/XrdCl/XrdClTaskManager.cc:244
#3  0x00002b65a4dcf269 in RunRunnerThread (arg=<optimized out>) at /build/cmsbld/auto-builds/CMSSW_10_2_0_pre6-slc7_amd64_gcc700/build/CMSSW_10_2_0_pre6-build/BUILD/slc7_amd64_gcc700/external/xrootd/4.8.3-gnimlf/xrootd-4.8.3/src/XrdCl/XrdClTaskManager.cc:37
#4  0x00002b65962fcea5 in start_thread () from /lib64/libpthread.so.0
#5  0x00002b659660f9fd in clone () from /lib64/libc.so.6

Thread 2 (Thread 0x2b65a5084700 (LWP 221)):
#0  0x00002b659660ffd3 in epoll_wait () from /lib64/libc.so.6
#1  0x00002b65a4c68c17 in XrdSys::IOEvents::PollE::Begin (this=0x58c0c40, syncsem=<optimized out>, retcode=<optimized out>, eTxt=<optimized out>) at /build/cmsbld/auto-builds/CMSSW_10_2_0_pre6-slc7_amd64_gcc700/build/CMSSW_10_2_0_pre6-build/BUILD/slc7_amd64_gcc700/external/xrootd/4.8.3-gnimlf/xrootd-4.8.3/src/./XrdSys/XrdSysIOEventsPollE.icc:213
#2  0x00002b65a4c654f5 in XrdSys::IOEvents::BootStrap::Start (parg=0x7fff7b0912f0) at /build/cmsbld/auto-builds/CMSSW_10_2_0_pre6-slc7_amd64_gcc700/build/CMSSW_10_2_0_pre6-build/BUILD/slc7_amd64_gcc700/external/xrootd/4.8.3-gnimlf/xrootd-4.8.3/src/XrdSys/XrdSysIOEvents.cc:131
#3  0x00002b65a4c635e8 in XrdSysThread_Xeq (myargs=0x5b91470) at /build/cmsbld/auto-builds/CMSSW_10_2_0_pre6-slc7_amd64_gcc700/build/CMSSW_10_2_0_pre6-build/BUILD/slc7_amd64_gcc700/external/xrootd/4.8.3-gnimlf/xrootd-4.8.3/src/XrdSys/XrdSysPthread.cc:86
#4  0x00002b65962fcea5 in start_thread () from /lib64/libpthread.so.0
#5  0x00002b659660f9fd in clone () from /lib64/libc.so.6

Thread 1 (Thread 0x2b65984a2c40 (LWP 197)):
#0  0x00002b65965d6549 in waitpid () from /lib64/libc.so.6
#1  0x00002b6596553fb2 in do_system () from /lib64/libc.so.6
#2  0x00002b6596554361 in system () from /lib64/libc.so.6
#3  0x00002b6594a8fa8b in TUnixSystem::StackTrace() () from /cvmfs/cms.cern.ch/slc7_amd64_gcc700/cms/cmssw/CMSSW_10_2_14/external/slc7_amd64_gcc700/lib/libCore.so
#4  0x00002b6594a920cc in TUnixSystem::DispatchSignals(ESignals) () from /cvmfs/cms.cern.ch/slc7_amd64_gcc700/cms/cmssw/CMSSW_10_2_14/external/slc7_amd64_gcc700/lib/libCore.so
#5  <signal handler called>
#6  0x00002b6594c9579b in TBufferFile::ReadTString(TString&) () from /cvmfs/cms.cern.ch/slc7_amd64_gcc700/cms/cmssw/CMSSW_10_2_14/external/slc7_amd64_gcc700/lib/libRIO.so
#7  0x00002b6594cfbd4a in TKey::Streamer(TBuffer&) () from /cvmfs/cms.cern.ch/slc7_amd64_gcc700/cms/cmssw/CMSSW_10_2_14/external/slc7_amd64_gcc700/lib/libRIO.so
#8  0x00002b659557aec3 in TBasket::Streamer(TBuffer&) () from /cvmfs/cms.cern.ch/slc7_amd64_gcc700/cms/cmssw/CMSSW_10_2_14/external/slc7_amd64_gcc700/lib/libTree.so
#9  0x00002b6595579e24 in TBasket::ReadBasketBuffers(long long, int, TFile*) () from /cvmfs/cms.cern.ch/slc7_amd64_gcc700/cms/cmssw/CMSSW_10_2_14/external/slc7_amd64_gcc700/lib/libTree.so
#10 0x00002b659557e74b in TBranch::GetBasket(int) () from /cvmfs/cms.cern.ch/slc7_amd64_gcc700/cms/cmssw/CMSSW_10_2_14/external/slc7_amd64_gcc700/lib/libTree.so
#11 0x00002b659557edd5 in TBranch::GetEntry(long long, int) () from /cvmfs/cms.cern.ch/slc7_amd64_gcc700/cms/cmssw/CMSSW_10_2_14/external/slc7_amd64_gcc700/lib/libTree.so
#12 0x00002b65955dd801 in TTree::GetEntry(long long, int) () from /cvmfs/cms.cern.ch/slc7_amd64_gcc700/cms/cmssw/CMSSW_10_2_14/external/slc7_amd64_gcc700/lib/libTree.so
#13 0x000000000042cbb7 in EventTree::GetEntry (this=0x610c60, entry=entry
entry=11084725) at src/EventTree.cpp:477
#14 0x00000000004240d8 in makeRecoNtuple::makeRecoNtuple (this=0x7fff7b0928e0, ac=<optimized out>, av=<optimized out>) at makeRecoNtuple.C:503
#15 0x0000000000427d63 in main (ac=<optimized out>, av=<optimized out>) at makeRecoNtuple.C:1338
===========================================================


The lines below might hint at the cause of the crash.
You may get help by asking at the ROOT forum http://root.cern.ch/forum.
Only if you are really convinced it is a bug in ROOT then please submit a
report at http://root.cern.ch/bugs. Please post the ENTIRE stack trace
from above as an attachment in addition to anything else
that might help us fixing this issue.
===========================================================
#6  0x00002b6594c9579b in TBufferFile::ReadTString(TString&) () from /cvmfs/cms.cern.ch/slc7_amd64_gcc700/cms/cmssw/CMSSW_10_2_14/external/slc7_amd64_gcc700/lib/libRIO.so
#7  0x00002b6594cfbd4a in TKey::Streamer(TBuffer&) () from /cvmfs/cms.cern.ch/slc7_amd64_gcc700/cms/cmssw/CMSSW_10_2_14/external/slc7_amd64_gcc700/lib/libRIO.so
#8  0x00002b659557aec3 in TBasket::Streamer(TBuffer&) () from /cvmfs/cms.cern.ch/slc7_amd64_gcc700/cms/cmssw/CMSSW_10_2_14/external/slc7_amd64_gcc700/lib/libTree.so
#9  0x00002b6595579e24 in TBasket::ReadBasketBuffers(long long, int, TFile*) () from /cvmfs/cms.cern.ch/slc7_amd64_gcc700/cms/cmssw/CMSSW_10_2_14/external/slc7_amd64_gcc700/lib/libTree.so
#10 0x00002b659557e74b in TBranch::GetBasket(int) () from /cvmfs/cms.cern.ch/slc7_amd64_gcc700/cms/cmssw/CMSSW_10_2_14/external/slc7_amd64_gcc700/lib/libTree.so
#11 0x00002b659557edd5 in TBranch::GetEntry(long long, int) () from /cvmfs/cms.cern.ch/slc7_amd64_gcc700/cms/cmssw/CMSSW_10_2_14/external/slc7_amd64_gcc700/lib/libTree.so
#12 0x00002b65955dd801 in TTree::GetEntry(long long, int) () from /cvmfs/cms.cern.ch/slc7_amd64_gcc700/cms/cmssw/CMSSW_10_2_14/external/slc7_amd64_gcc700/lib/libTree.so
#13 0x000000000042cbb7 in EventTree::GetEntry (this=0x610c60, entry=entry
entry=11084725) at src/EventTree.cpp:477
#14 0x00000000004240d8 in makeRecoNtuple::makeRecoNtuple (this=0x7fff7b0928e0, ac=<optimized out>, av=<optimized out>) at makeRecoNtuple.C:503
#15 0x0000000000427d63 in main (ac=<optimized out>, av=<optimized out>) at makeRecoNtuple.C:1338
===========================================================


[531B/531B][100%][==================================================][265B/s]  [531B/531B][100%][==================================================][265B/s]  
