2 of 2
QCD_Pt800to1000_Mu_ext2
pos : 18446744073709551615
sampleType : QCD_Pt800to1000_Mu_ext2,  systematicType : 
Dilepton Sample :0
. QCD_Pt800to1000_Mu_ext2 
. QCD_Pt800to1000_Mu_ext2 
./QCD_Pt800to1000_Mu_ext2_RecoKinTuple_Skim_2of2.root
HERE
DONE
Error in <TTree::SetBranchStatus>: unknown branch -> nLHEScaleWeight
Error in <TTree::SetBranchStatus>: unknown branch -> LHEScaleWeight
Error in <TTree::SetBranchStatus>: unknown branch -> nLHEPdfWeight
Error in <TTree::SetBranchStatus>: unknown branch -> LHEPdfWeight
Error in <TTree::SetBranchStatus>: unknown branch -> nLHEScaleWeight
Error in <TTree::SetBranchStatus>: unknown branch -> LHEScaleWeight
Error in <TTree::SetBranchStatus>: unknown branch -> nLHEPdfWeight
Error in <TTree::SetBranchStatus>: unknown branch -> LHEPdfWeight
isMC: 1
Using event weight 0.0169673
XS = 4.7074
lumi = 35921.9
nEvents_MC = 9.96615e+06
Total Entries : 40927
processing entry 21000 out of 40927 : 41.0999 seconds since last progress
processing entry 22000 out of 40927 : 7.38271 seconds since last progress
processing entry 23000 out of 40927 : 7.28251 seconds since last progress
processing entry 24000 out of 40927 : 4.71966 seconds since last progress
processing entry 25000 out of 40927 : 2.99976 seconds since last progress
processing entry 26000 out of 40927 : 7.47262 seconds since last progress
processing entry 27000 out of 40927 : 2.41756 seconds since last progress
processing entry 28000 out of 40927 : 12.1787 seconds since last progress
processing entry 29000 out of 40927 : 6.67953 seconds since last progress
processing entry 30000 out of 40927 : 12.1566 seconds since last progress
processing entry 31000 out of 40927 : 10.4762 seconds since last progress
processing entry 32000 out of 40927 : 17.2376 seconds since last progress
processing entry 33000 out of 40927 : 8.03895 seconds since last progress
processing entry 34000 out of 40927 : 3.85784 seconds since last progress
processing entry 35000 out of 40927 : 10.447 seconds since last progress
processing entry 36000 out of 40927 : 2.89545 seconds since last progress
processing entry 37000 out of 40927 : 7.20288 seconds since last progress
processing entry 38000 out of 40927 : 8.98072 seconds since last progress
processing entry 39000 out of 40927 : 8.53997 seconds since last progress
processing entry 40000 out of 40927 : 3.10202 seconds since last progress
