1 of 3
QCD_Pt1000toInf_Mu_ext1
pos : 18446744073709551615
sampleType : QCD_Pt1000toInf_Mu_ext1,  systematicType : 
Dilepton Sample :0
. QCD_Pt1000toInf_Mu_ext1 
. QCD_Pt1000toInf_Mu_ext1 
./QCD_Pt1000toInf_Mu_ext1_RecoKinTuple_Skim_1of3.root
HERE
DONE
Error in <TTree::SetBranchStatus>: unknown branch -> nLHEScaleWeight
Error in <TTree::SetBranchStatus>: unknown branch -> LHEScaleWeight
Error in <TTree::SetBranchStatus>: unknown branch -> nLHEPdfWeight
Error in <TTree::SetBranchStatus>: unknown branch -> LHEPdfWeight
Error in <TTree::SetBranchStatus>: unknown branch -> nLHEScaleWeight
Error in <TTree::SetBranchStatus>: unknown branch -> LHEScaleWeight
Error in <TTree::SetBranchStatus>: unknown branch -> nLHEPdfWeight
Error in <TTree::SetBranchStatus>: unknown branch -> LHEPdfWeight
isMC: 1
Using event weight 0.0060427
XS = 1.6213
lumi = 35921.9
nEvents_MC = 9.6381e+06
Total Entries : 44807
processing entry 0 out of 44807 : 61.0079 seconds since last progress
Error in <TTree::SetBranchStatus>: unknown branch -> nLHEScaleWeight
Error in <TTree::SetBranchStatus>: unknown branch -> LHEScaleWeight
Error in <TTree::SetBranchStatus>: unknown branch -> nLHEPdfWeight
Error in <TTree::SetBranchStatus>: unknown branch -> LHEPdfWeight
processing entry 1000 out of 44807 : 8.28066 seconds since last progress
processing entry 2000 out of 44807 : 3.95104 seconds since last progress
processing entry 3000 out of 44807 : 4.07023 seconds since last progress
processing entry 4000 out of 44807 : 2.07427 seconds since last progress
processing entry 5000 out of 44807 : 50.2543 seconds since last progress
processing entry 6000 out of 44807 : 9.15965 seconds since last progress
processing entry 7000 out of 44807 : 12.5502 seconds since last progress
processing entry 8000 out of 44807 : 12.6137 seconds since last progress
processing entry 9000 out of 44807 : 6.66435 seconds since last progress
processing entry 10000 out of 44807 : 5.78036 seconds since last progress
Error in <TTree::SetBranchStatus>: unknown branch -> nLHEScaleWeight
Error in <TTree::SetBranchStatus>: unknown branch -> LHEScaleWeight
Error in <TTree::SetBranchStatus>: unknown branch -> nLHEPdfWeight
Error in <TTree::SetBranchStatus>: unknown branch -> LHEPdfWeight
processing entry 11000 out of 44807 : 5.7743 seconds since last progress
processing entry 12000 out of 44807 : 5.27757 seconds since last progress
processing entry 13000 out of 44807 : 9.96837 seconds since last progress
processing entry 14000 out of 44807 : 0.978311 seconds since last progress
