1 of 3
QCD_Pt20to30_Mu
pos : 18446744073709551615
sampleType : QCD_Pt20to30_Mu,  systematicType : 
Dilepton Sample :0
. QCD_Pt20to30_Mu 
. QCD_Pt20to30_Mu 
./QCD_Pt20to30_Mu_RecoKinTuple_Skim_1of3.root
HERE
DONE
Error in <TTree::SetBranchStatus>: unknown branch -> nLHEScaleWeight
Error in <TTree::SetBranchStatus>: unknown branch -> LHEScaleWeight
Error in <TTree::SetBranchStatus>: unknown branch -> nLHEPdfWeight
Error in <TTree::SetBranchStatus>: unknown branch -> LHEPdfWeight
Error in <TTree::SetBranchStatus>: unknown branch -> nLHEScaleWeight
Error in <TTree::SetBranchStatus>: unknown branch -> LHEScaleWeight
Error in <TTree::SetBranchStatus>: unknown branch -> nLHEPdfWeight
Error in <TTree::SetBranchStatus>: unknown branch -> LHEPdfWeight
isMC: 1
Using event weight 3335.59
XS = 2.9602e+06
lumi = 35921.9
nEvents_MC = 3.18791e+07
Total Entries : 8583
processing entry 0 out of 8583 : 39.6663 seconds since last progress
Error in <TTree::SetBranchStatus>: unknown branch -> nLHEScaleWeight
Error in <TTree::SetBranchStatus>: unknown branch -> LHEScaleWeight
Error in <TTree::SetBranchStatus>: unknown branch -> nLHEPdfWeight
Error in <TTree::SetBranchStatus>: unknown branch -> LHEPdfWeight
processing entry 500 out of 8583 : 2.49318 seconds since last progress
processing entry 1000 out of 8583 : 0.0162016 seconds since last progress
processing entry 1500 out of 8583 : 0.0178974 seconds since last progress
processing entry 2000 out of 8583 : 0.0451569 seconds since last progress
processing entry 2500 out of 8583 : 0.0188052 seconds since last progress
Error in <TTree::SetBranchStatus>: unknown branch -> nLHEScaleWeight
Error in <TTree::SetBranchStatus>: unknown branch -> LHEScaleWeight
Error in <TTree::SetBranchStatus>: unknown branch -> nLHEPdfWeight
Error in <TTree::SetBranchStatus>: unknown branch -> LHEPdfWeight
