-1 of -1
QCD_Pt15to20_Mu
pos : 18446744073709551615
sampleType : QCD_Pt15to20_Mu,  systematicType : 
Dilepton Sample :0
. QCD_Pt15to20_Mu 
. QCD_Pt15to20_Mu 
./QCD_Pt15to20_Mu_RecoKinTuple_Skim.root
HERE
DONE
Error in <TTree::SetBranchStatus>: unknown branch -> nLHEScaleWeight
Error in <TTree::SetBranchStatus>: unknown branch -> LHEScaleWeight
Error in <TTree::SetBranchStatus>: unknown branch -> nLHEPdfWeight
Error in <TTree::SetBranchStatus>: unknown branch -> LHEPdfWeight
isMC: 1
Using event weight 33131.6
XS = 3.81957e+06
lumi = 35921.9
nEvents_MC = 4.14125e+06
Total Entries : 202
processing entry 0 out of 202 : 26.0167 seconds since last progress
processing entry 10 out of 202 : 0.00121221 seconds since last progress
processing entry 20 out of 202 : 0.000438892 seconds since last progress
processing entry 30 out of 202 : 0.000361762 seconds since last progress
processing entry 40 out of 202 : 0.00054487 seconds since last progress
processing entry 50 out of 202 : 0.000352762 seconds since last progress
processing entry 60 out of 202 : 0.000414709 seconds since last progress
processing entry 70 out of 202 : 0.000398362 seconds since last progress
processing entry 80 out of 202 : 0.000443178 seconds since last progress
processing entry 90 out of 202 : 0.000420818 seconds since last progress
processing entry 100 out of 202 : 0.000345298 seconds since last progress
processing entry 110 out of 202 : 0.000392954 seconds since last progress
processing entry 120 out of 202 : 0.00035105 seconds since last progress
processing entry 130 out of 202 : 0.000394435 seconds since last progress
processing entry 140 out of 202 : 0.000316896 seconds since last progress
processing entry 150 out of 202 : 0.000301548 seconds since last progress
processing entry 160 out of 202 : 0.000371815 seconds since last progress
processing entry 170 out of 202 : 0.000349392 seconds since last progress
processing entry 180 out of 202 : 0.000427933 seconds since last progress
processing entry 190 out of 202 : 0.000334259 seconds since last progress
processing entry 200 out of 202 : 0.00056674 seconds since last progress
