2 of 4
QCD_Pt30to50_Mu
pos : 18446744073709551615
sampleType : QCD_Pt30to50_Mu,  systematicType : 
Dilepton Sample :0
. QCD_Pt30to50_Mu 
. QCD_Pt30to50_Mu 
./QCD_Pt30to50_Mu_RecoKinTuple_Skim_2of4.root
HERE
DONE
Error in <TTree::SetBranchStatus>: unknown branch -> nLHEScaleWeight
Error in <TTree::SetBranchStatus>: unknown branch -> LHEScaleWeight
Error in <TTree::SetBranchStatus>: unknown branch -> nLHEPdfWeight
Error in <TTree::SetBranchStatus>: unknown branch -> LHEPdfWeight
Error in <TTree::SetBranchStatus>: unknown branch -> nLHEScaleWeight
Error in <TTree::SetBranchStatus>: unknown branch -> LHEScaleWeight
Error in <TTree::SetBranchStatus>: unknown branch -> nLHEPdfWeight
Error in <TTree::SetBranchStatus>: unknown branch -> LHEPdfWeight
isMC: 1
Using event weight 1986.37
XS = 1.65247e+06
lumi = 35921.9
nEvents_MC = 2.98836e+07
Total Entries : 35613
Error in <TTree::SetBranchStatus>: unknown branch -> nLHEScaleWeight
Error in <TTree::SetBranchStatus>: unknown branch -> LHEScaleWeight
Error in <TTree::SetBranchStatus>: unknown branch -> nLHEPdfWeight
Error in <TTree::SetBranchStatus>: unknown branch -> LHEPdfWeight
processing entry 9000 out of 35613 : 52.0479 seconds since last progress
processing entry 10000 out of 35613 : 0.0386395 seconds since last progress
processing entry 11000 out of 35613 : 0.106913 seconds since last progress
processing entry 12000 out of 35613 : 0.0888128 seconds since last progress
processing entry 13000 out of 35613 : 0.0370656 seconds since last progress
processing entry 14000 out of 35613 : 0.112326 seconds since last progress
processing entry 15000 out of 35613 : 0.0960019 seconds since last progress
processing entry 16000 out of 35613 : 0.0819371 seconds since last progress
processing entry 17000 out of 35613 : 0.13056 seconds since last progress
Error in <TTree::SetBranchStatus>: unknown branch -> nLHEScaleWeight
Error in <TTree::SetBranchStatus>: unknown branch -> LHEScaleWeight
Error in <TTree::SetBranchStatus>: unknown branch -> nLHEPdfWeight
Error in <TTree::SetBranchStatus>: unknown branch -> LHEPdfWeight
