-1 of -1
QCD_Pt30to50_Ele_ext1
pos : 18446744073709551615
sampleType : QCD_Pt30to50_Ele_ext1,  systematicType : 
Dilepton Sample :0
. QCD_Pt30to50_Ele_ext1 
. QCD_Pt30to50_Ele_ext1 
./QCD_Pt30to50_Ele_ext1_RecoKinTuple_Skim.root
HERE
DONE
Error in <TTree::SetBranchStatus>: unknown branch -> nLHEScaleWeight
Error in <TTree::SetBranchStatus>: unknown branch -> LHEScaleWeight
Error in <TTree::SetBranchStatus>: unknown branch -> nLHEPdfWeight
Error in <TTree::SetBranchStatus>: unknown branch -> LHEPdfWeight
isMC: 1
Using event weight 52659.6
XS = 9.928e+06
lumi = 35921.9
nEvents_MC = 6.77241e+06
Total Entries : 2487
processing entry 0 out of 2487 : 39.3501 seconds since last progress
processing entry 100 out of 2487 : 0.00568128 seconds since last progress
processing entry 200 out of 2487 : 0.00768027 seconds since last progress
processing entry 300 out of 2487 : 0.00554505 seconds since last progress
processing entry 400 out of 2487 : 0.00545213 seconds since last progress
processing entry 500 out of 2487 : 0.00575759 seconds since last progress
processing entry 600 out of 2487 : 0.00510499 seconds since last progress
processing entry 700 out of 2487 : 0.00546954 seconds since last progress
processing entry 800 out of 2487 : 0.00542749 seconds since last progress
processing entry 900 out of 2487 : 0.00574126 seconds since last progress
processing entry 1000 out of 2487 : 0.00585478 seconds since last progress
processing entry 1100 out of 2487 : 0.00508727 seconds since last progress
processing entry 1200 out of 2487 : 0.00583889 seconds since last progress
processing entry 1300 out of 2487 : 0.00532129 seconds since last progress
processing entry 1400 out of 2487 : 0.00505884 seconds since last progress
processing entry 1500 out of 2487 : 0.00553629 seconds since last progress
processing entry 1600 out of 2487 : 0.00570983 seconds since last progress
processing entry 1700 out of 2487 : 0.0054549 seconds since last progress
processing entry 1800 out of 2487 : 0.00557245 seconds since last progress
processing entry 1900 out of 2487 : 0.00522811 seconds since last progress
processing entry 2000 out of 2487 : 0.00714627 seconds since last progress
processing entry 2100 out of 2487 : 0.00597121 seconds since last progress
processing entry 2200 out of 2487 : 0.00539977 seconds since last progress
processing entry 2300 out of 2487 : 0.00558228 seconds since last progress
processing entry 2400 out of 2487 : 0.00546 seconds since last progress
