1 of 6
QCD_Pt80to120_Ele_ext1
pos : 18446744073709551615
sampleType : QCD_Pt80to120_Ele_ext1,  systematicType : 
Dilepton Sample :0
. QCD_Pt80to120_Ele_ext1 
. QCD_Pt80to120_Ele_ext1 
./QCD_Pt80to120_Ele_ext1_RecoKinTuple_Skim_1of6.root
HERE
DONE
Error in <TTree::SetBranchStatus>: unknown branch -> nLHEScaleWeight
Error in <TTree::SetBranchStatus>: unknown branch -> LHEScaleWeight
Error in <TTree::SetBranchStatus>: unknown branch -> nLHEPdfWeight
Error in <TTree::SetBranchStatus>: unknown branch -> LHEPdfWeight
Error in <TTree::SetBranchStatus>: unknown branch -> nLHEScaleWeight
Error in <TTree::SetBranchStatus>: unknown branch -> LHEScaleWeight
Error in <TTree::SetBranchStatus>: unknown branch -> nLHEPdfWeight
Error in <TTree::SetBranchStatus>: unknown branch -> LHEPdfWeight
isMC: 1
Using event weight 300.21
XS = 350000
lumi = 35921.9
nEvents_MC = 4.18795e+07
Total Entries : 34948
processing entry 0 out of 34948 : 73.05 seconds since last progress
Error in <TTree::SetBranchStatus>: unknown branch -> nLHEScaleWeight
Error in <TTree::SetBranchStatus>: unknown branch -> LHEScaleWeight
Error in <TTree::SetBranchStatus>: unknown branch -> nLHEPdfWeight
Error in <TTree::SetBranchStatus>: unknown branch -> LHEPdfWeight
processing entry 1000 out of 34948 : 2.93459 seconds since last progress
processing entry 2000 out of 34948 : 0.0683912 seconds since last progress
processing entry 3000 out of 34948 : 0.120237 seconds since last progress
processing entry 4000 out of 34948 : 0.067963 seconds since last progress
Error in <TTree::SetBranchStatus>: unknown branch -> nLHEScaleWeight
Error in <TTree::SetBranchStatus>: unknown branch -> LHEScaleWeight
Error in <TTree::SetBranchStatus>: unknown branch -> nLHEPdfWeight
Error in <TTree::SetBranchStatus>: unknown branch -> LHEPdfWeight
processing entry 5000 out of 34948 : 2.78364 seconds since last progress
