1 of 2
QCD_Pt170to300_Mu
pos : 18446744073709551615
sampleType : QCD_Pt170to300_Mu,  systematicType : 
Dilepton Sample :0
. QCD_Pt170to300_Mu 
. QCD_Pt170to300_Mu 
./QCD_Pt170to300_Mu_RecoKinTuple_Skim_1of2.root
HERE
DONE
Error in <TTree::SetBranchStatus>: unknown branch -> nLHEScaleWeight
Error in <TTree::SetBranchStatus>: unknown branch -> LHEScaleWeight
Error in <TTree::SetBranchStatus>: unknown branch -> nLHEPdfWeight
Error in <TTree::SetBranchStatus>: unknown branch -> LHEPdfWeight
Error in <TTree::SetBranchStatus>: unknown branch -> nLHEScaleWeight
Error in <TTree::SetBranchStatus>: unknown branch -> LHEScaleWeight
Error in <TTree::SetBranchStatus>: unknown branch -> nLHEPdfWeight
Error in <TTree::SetBranchStatus>: unknown branch -> LHEPdfWeight
isMC: 1
Using event weight 39.1191
XS = 8654.49
lumi = 35921.9
nEvents_MC = 7.94716e+06
Total Entries : 18845
processing entry 0 out of 18845 : 56.8601 seconds since last progress
Error in <TTree::SetBranchStatus>: unknown branch -> nLHEScaleWeight
Error in <TTree::SetBranchStatus>: unknown branch -> LHEScaleWeight
Error in <TTree::SetBranchStatus>: unknown branch -> nLHEPdfWeight
Error in <TTree::SetBranchStatus>: unknown branch -> LHEPdfWeight
processing entry 1000 out of 18845 : 3.43602 seconds since last progress
processing entry 2000 out of 18845 : 0.295594 seconds since last progress
processing entry 3000 out of 18845 : 0.277002 seconds since last progress
processing entry 4000 out of 18845 : 0.95981 seconds since last progress
processing entry 5000 out of 18845 : 0.629705 seconds since last progress
processing entry 6000 out of 18845 : 0.296385 seconds since last progress
processing entry 7000 out of 18845 : 1.73573 seconds since last progress
processing entry 8000 out of 18845 : 0.665205 seconds since last progress
Error in <TTree::SetBranchStatus>: unknown branch -> nLHEScaleWeight
Error in <TTree::SetBranchStatus>: unknown branch -> LHEScaleWeight
Error in <TTree::SetBranchStatus>: unknown branch -> nLHEPdfWeight
Error in <TTree::SetBranchStatus>: unknown branch -> LHEPdfWeight
processing entry 9000 out of 18845 : 3.50354 seconds since last progress
