-1 of -1
QCD_Pt800to1000_Mu
pos : 18446744073709551615
sampleType : QCD_Pt800to1000_Mu,  systematicType : 
Dilepton Sample :0
. QCD_Pt800to1000_Mu 
. QCD_Pt800to1000_Mu 
./QCD_Pt800to1000_Mu_RecoKinTuple_Skim.root
HERE
DONE
Error in <TTree::SetBranchStatus>: unknown branch -> nLHEScaleWeight
Error in <TTree::SetBranchStatus>: unknown branch -> LHEScaleWeight
Error in <TTree::SetBranchStatus>: unknown branch -> nLHEPdfWeight
Error in <TTree::SetBranchStatus>: unknown branch -> LHEPdfWeight
isMC: 1
Using event weight 0.0426721
XS = 4.7074
lumi = 35921.9
nEvents_MC = 3.96275e+06
Total Entries : 16466
processing entry 0 out of 16466 : 32.4191 seconds since last progress
processing entry 1000 out of 16466 : 5.17447 seconds since last progress
processing entry 2000 out of 16466 : 1.6946 seconds since last progress
processing entry 3000 out of 16466 : 7.05865 seconds since last progress
processing entry 4000 out of 16466 : 8.82446 seconds since last progress
processing entry 5000 out of 16466 : 7.83973 seconds since last progress
processing entry 6000 out of 16466 : 5.80384 seconds since last progress
processing entry 7000 out of 16466 : 2.28805 seconds since last progress
processing entry 8000 out of 16466 : 2.90277 seconds since last progress
processing entry 9000 out of 16466 : 3.2465 seconds since last progress
processing entry 10000 out of 16466 : 3.17669 seconds since last progress
processing entry 11000 out of 16466 : 8.42807 seconds since last progress
processing entry 12000 out of 16466 : 8.34186 seconds since last progress
processing entry 13000 out of 16466 : 2.37392 seconds since last progress
processing entry 14000 out of 16466 : 2.22516 seconds since last progress
processing entry 15000 out of 16466 : 1.67063 seconds since last progress
processing entry 16000 out of 16466 : 3.4296 seconds since last progress
