2 of 2
QCD_Pt170to300_Mu_ext1
pos : 18446744073709551615
sampleType : QCD_Pt170to300_Mu_ext1,  systematicType : 
Dilepton Sample :0
. QCD_Pt170to300_Mu_ext1 
. QCD_Pt170to300_Mu_ext1 
./QCD_Pt170to300_Mu_ext1_RecoKinTuple_Skim_2of2.root
HERE
DONE
Error in <TTree::SetBranchStatus>: unknown branch -> nLHEScaleWeight
Error in <TTree::SetBranchStatus>: unknown branch -> LHEScaleWeight
Error in <TTree::SetBranchStatus>: unknown branch -> nLHEPdfWeight
Error in <TTree::SetBranchStatus>: unknown branch -> LHEPdfWeight
Error in <TTree::SetBranchStatus>: unknown branch -> nLHEScaleWeight
Error in <TTree::SetBranchStatus>: unknown branch -> LHEScaleWeight
Error in <TTree::SetBranchStatus>: unknown branch -> nLHEPdfWeight
Error in <TTree::SetBranchStatus>: unknown branch -> LHEPdfWeight
isMC: 1
Using event weight 33.0621
XS = 8654.49
lumi = 35921.9
nEvents_MC = 9.40307e+06
Total Entries : 22315
processing entry 12000 out of 22315 : 46.7042 seconds since last progress
processing entry 13000 out of 22315 : 0.307163 seconds since last progress
processing entry 14000 out of 22315 : 1.05096 seconds since last progress
processing entry 15000 out of 22315 : 0.426461 seconds since last progress
processing entry 16000 out of 22315 : 0.180135 seconds since last progress
processing entry 17000 out of 22315 : 0.151915 seconds since last progress
processing entry 18000 out of 22315 : 0.560483 seconds since last progress
processing entry 19000 out of 22315 : 0.260985 seconds since last progress
processing entry 20000 out of 22315 : 0.668477 seconds since last progress
processing entry 21000 out of 22315 : 0.939041 seconds since last progress
processing entry 22000 out of 22315 : 0.732815 seconds since last progress
