5 of 6
QCD_Pt80to120_Ele_ext1
pos : 18446744073709551615
sampleType : QCD_Pt80to120_Ele_ext1,  systematicType : 
Dilepton Sample :0
. QCD_Pt80to120_Ele_ext1 
. QCD_Pt80to120_Ele_ext1 
./QCD_Pt80to120_Ele_ext1_RecoKinTuple_Skim_5of6.root
HERE
DONE
Error in <TTree::SetBranchStatus>: unknown branch -> nLHEScaleWeight
Error in <TTree::SetBranchStatus>: unknown branch -> LHEScaleWeight
Error in <TTree::SetBranchStatus>: unknown branch -> nLHEPdfWeight
Error in <TTree::SetBranchStatus>: unknown branch -> LHEPdfWeight
Error in <TTree::SetBranchStatus>: unknown branch -> nLHEScaleWeight
Error in <TTree::SetBranchStatus>: unknown branch -> LHEScaleWeight
Error in <TTree::SetBranchStatus>: unknown branch -> nLHEPdfWeight
Error in <TTree::SetBranchStatus>: unknown branch -> LHEPdfWeight
isMC: 1
Using event weight 300.21
XS = 350000
lumi = 35921.9
nEvents_MC = 4.18795e+07
Total Entries : 34948
Error in <TTree::SetBranchStatus>: unknown branch -> nLHEScaleWeight
Error in <TTree::SetBranchStatus>: unknown branch -> LHEScaleWeight
Error in <TTree::SetBranchStatus>: unknown branch -> nLHEPdfWeight
Error in <TTree::SetBranchStatus>: unknown branch -> LHEPdfWeight
processing entry 24000 out of 34948 : 73.3593 seconds since last progress
processing entry 25000 out of 34948 : 0.0709257 seconds since last progress
processing entry 26000 out of 34948 : 0.132806 seconds since last progress
processing entry 27000 out of 34948 : 0.071317 seconds since last progress
processing entry 28000 out of 34948 : 0.159727 seconds since last progress
processing entry 29000 out of 34948 : 0.148716 seconds since last progress
