1 of 3
QCD_Pt50to80_Ele
pos : 18446744073709551615
sampleType : QCD_Pt50to80_Ele,  systematicType : 
Dilepton Sample :0
. QCD_Pt50to80_Ele 
. QCD_Pt50to80_Ele 
./QCD_Pt50to80_Ele_RecoKinTuple_Skim_1of3.root
HERE
DONE
Error in <TTree::SetBranchStatus>: unknown branch -> nLHEScaleWeight
Error in <TTree::SetBranchStatus>: unknown branch -> LHEScaleWeight
Error in <TTree::SetBranchStatus>: unknown branch -> nLHEPdfWeight
Error in <TTree::SetBranchStatus>: unknown branch -> LHEPdfWeight
Error in <TTree::SetBranchStatus>: unknown branch -> nLHEScaleWeight
Error in <TTree::SetBranchStatus>: unknown branch -> LHEScaleWeight
Error in <TTree::SetBranchStatus>: unknown branch -> nLHEPdfWeight
Error in <TTree::SetBranchStatus>: unknown branch -> LHEPdfWeight
isMC: 1
Using event weight 4624.33
XS = 2.8908e+06
lumi = 35921.9
nEvents_MC = 2.24558e+07
Total Entries : 12845
processing entry 0 out of 12845 : 36.6465 seconds since last progress
Error in <TTree::SetBranchStatus>: unknown branch -> nLHEScaleWeight
Error in <TTree::SetBranchStatus>: unknown branch -> LHEScaleWeight
Error in <TTree::SetBranchStatus>: unknown branch -> nLHEPdfWeight
Error in <TTree::SetBranchStatus>: unknown branch -> LHEPdfWeight
processing entry 1000 out of 12845 : 2.2832 seconds since last progress
processing entry 2000 out of 12845 : 0.0420125 seconds since last progress
processing entry 3000 out of 12845 : 0.0709986 seconds since last progress
processing entry 4000 out of 12845 : 0.042439 seconds since last progress
