3 of 5
QCD_Pt80to120_Ele
pos : 18446744073709551615
sampleType : QCD_Pt80to120_Ele,  systematicType : 
Dilepton Sample :0
. QCD_Pt80to120_Ele 
. QCD_Pt80to120_Ele 
./QCD_Pt80to120_Ele_RecoKinTuple_Skim_3of5.root
HERE
DONE
Error in <TTree::SetBranchStatus>: unknown branch -> nLHEScaleWeight
Error in <TTree::SetBranchStatus>: unknown branch -> LHEScaleWeight
Error in <TTree::SetBranchStatus>: unknown branch -> nLHEPdfWeight
Error in <TTree::SetBranchStatus>: unknown branch -> LHEPdfWeight
Error in <TTree::SetBranchStatus>: unknown branch -> nLHEScaleWeight
Error in <TTree::SetBranchStatus>: unknown branch -> LHEScaleWeight
Error in <TTree::SetBranchStatus>: unknown branch -> nLHEPdfWeight
Error in <TTree::SetBranchStatus>: unknown branch -> LHEPdfWeight
isMC: 1
Using event weight 349.899
XS = 350000
lumi = 35921.9
nEvents_MC = 3.59322e+07
Total Entries : 29965
Error in <TTree::SetBranchStatus>: unknown branch -> nLHEScaleWeight
Error in <TTree::SetBranchStatus>: unknown branch -> LHEScaleWeight
Error in <TTree::SetBranchStatus>: unknown branch -> nLHEPdfWeight
Error in <TTree::SetBranchStatus>: unknown branch -> LHEPdfWeight
processing entry 12000 out of 29965 : 75.5291 seconds since last progress
processing entry 13000 out of 29965 : 0.162622 seconds since last progress
processing entry 14000 out of 29965 : 0.109228 seconds since last progress
processing entry 15000 out of 29965 : 0.0975602 seconds since last progress
processing entry 16000 out of 29965 : 0.105847 seconds since last progress
processing entry 17000 out of 29965 : 0.0805954 seconds since last progress
Error in <TTree::SetBranchStatus>: unknown branch -> nLHEScaleWeight
Error in <TTree::SetBranchStatus>: unknown branch -> LHEScaleWeight
Error in <TTree::SetBranchStatus>: unknown branch -> nLHEPdfWeight
Error in <TTree::SetBranchStatus>: unknown branch -> LHEPdfWeight
