3 of 4
QCD_Pt30to50_Mu
pos : 18446744073709551615
sampleType : QCD_Pt30to50_Mu,  systematicType : 
Dilepton Sample :0
. QCD_Pt30to50_Mu 
. QCD_Pt30to50_Mu 
./QCD_Pt30to50_Mu_RecoKinTuple_Skim_3of4.root
HERE
DONE
Error in <TTree::SetBranchStatus>: unknown branch -> nLHEScaleWeight
Error in <TTree::SetBranchStatus>: unknown branch -> LHEScaleWeight
Error in <TTree::SetBranchStatus>: unknown branch -> nLHEPdfWeight
Error in <TTree::SetBranchStatus>: unknown branch -> LHEPdfWeight
Error in <TTree::SetBranchStatus>: unknown branch -> nLHEScaleWeight
Error in <TTree::SetBranchStatus>: unknown branch -> LHEScaleWeight
Error in <TTree::SetBranchStatus>: unknown branch -> nLHEPdfWeight
Error in <TTree::SetBranchStatus>: unknown branch -> LHEPdfWeight
isMC: 1
Using event weight 1986.37
XS = 1.65247e+06
lumi = 35921.9
nEvents_MC = 2.98836e+07
Total Entries : 35613
Error in <TTree::SetBranchStatus>: unknown branch -> nLHEScaleWeight
Error in <TTree::SetBranchStatus>: unknown branch -> LHEScaleWeight
Error in <TTree::SetBranchStatus>: unknown branch -> nLHEPdfWeight
Error in <TTree::SetBranchStatus>: unknown branch -> LHEPdfWeight
processing entry 18000 out of 35613 : 56.1049 seconds since last progress
processing entry 19000 out of 35613 : 0.0366311 seconds since last progress
processing entry 20000 out of 35613 : 0.0854846 seconds since last progress
processing entry 21000 out of 35613 : 0.0865004 seconds since last progress
processing entry 22000 out of 35613 : 0.0369638 seconds since last progress
processing entry 23000 out of 35613 : 0.0868295 seconds since last progress
processing entry 24000 out of 35613 : 0.0938559 seconds since last progress
processing entry 25000 out of 35613 : 0.0487668 seconds since last progress
processing entry 26000 out of 35613 : 0.0859316 seconds since last progress
