3 of 3
QCD_Pt20to30_Mu
pos : 18446744073709551615
sampleType : QCD_Pt20to30_Mu,  systematicType : 
Dilepton Sample :0
. QCD_Pt20to30_Mu 
. QCD_Pt20to30_Mu 
./QCD_Pt20to30_Mu_RecoKinTuple_Skim_3of3.root
HERE
DONE
Error in <TTree::SetBranchStatus>: unknown branch -> nLHEScaleWeight
Error in <TTree::SetBranchStatus>: unknown branch -> LHEScaleWeight
Error in <TTree::SetBranchStatus>: unknown branch -> nLHEPdfWeight
Error in <TTree::SetBranchStatus>: unknown branch -> LHEPdfWeight
Error in <TTree::SetBranchStatus>: unknown branch -> nLHEScaleWeight
Error in <TTree::SetBranchStatus>: unknown branch -> LHEScaleWeight
Error in <TTree::SetBranchStatus>: unknown branch -> nLHEPdfWeight
Error in <TTree::SetBranchStatus>: unknown branch -> LHEPdfWeight
isMC: 1
Using event weight 3335.59
XS = 2.9602e+06
lumi = 35921.9
nEvents_MC = 3.18791e+07
Total Entries : 8583
processing entry 6000 out of 8583 : 38.3961 seconds since last progress
processing entry 6500 out of 8583 : 0.0240432 seconds since last progress
processing entry 7000 out of 8583 : 0.0934023 seconds since last progress
processing entry 7500 out of 8583 : 0.0220009 seconds since last progress
processing entry 8000 out of 8583 : 0.0230122 seconds since last progress
processing entry 8500 out of 8583 : 0.0235438 seconds since last progress
