1 of 2
QCD_Pt120to170_Mu
pos : 18446744073709551615
sampleType : QCD_Pt120to170_Mu,  systematicType : 
Dilepton Sample :0
. QCD_Pt120to170_Mu 
. QCD_Pt120to170_Mu 
./QCD_Pt120to170_Mu_RecoKinTuple_Skim_1of2.root
HERE
DONE
Error in <TTree::SetBranchStatus>: unknown branch -> nLHEScaleWeight
Error in <TTree::SetBranchStatus>: unknown branch -> LHEScaleWeight
Error in <TTree::SetBranchStatus>: unknown branch -> nLHEPdfWeight
Error in <TTree::SetBranchStatus>: unknown branch -> LHEPdfWeight
Error in <TTree::SetBranchStatus>: unknown branch -> nLHEScaleWeight
Error in <TTree::SetBranchStatus>: unknown branch -> LHEScaleWeight
Error in <TTree::SetBranchStatus>: unknown branch -> nLHEPdfWeight
Error in <TTree::SetBranchStatus>: unknown branch -> LHEPdfWeight
isMC: 1
Using event weight 114.573
XS = 25190.5
lumi = 35921.9
nEvents_MC = 7.89794e+06
Total Entries : 17753
processing entry 0 out of 17753 : 52.6701 seconds since last progress
Error in <TTree::SetBranchStatus>: unknown branch -> nLHEScaleWeight
Error in <TTree::SetBranchStatus>: unknown branch -> LHEScaleWeight
Error in <TTree::SetBranchStatus>: unknown branch -> nLHEPdfWeight
Error in <TTree::SetBranchStatus>: unknown branch -> LHEPdfWeight
processing entry 1000 out of 17753 : 2.8685 seconds since last progress
processing entry 2000 out of 17753 : 0.413777 seconds since last progress
processing entry 3000 out of 17753 : 0.229297 seconds since last progress
processing entry 4000 out of 17753 : 0.668426 seconds since last progress
processing entry 5000 out of 17753 : 0.351826 seconds since last progress
processing entry 6000 out of 17753 : 0.297105 seconds since last progress
processing entry 7000 out of 17753 : 0.745913 seconds since last progress
processing entry 8000 out of 17753 : 0.223668 seconds since last progress
Error in <TTree::SetBranchStatus>: unknown branch -> nLHEScaleWeight
Error in <TTree::SetBranchStatus>: unknown branch -> LHEScaleWeight
Error in <TTree::SetBranchStatus>: unknown branch -> nLHEPdfWeight
Error in <TTree::SetBranchStatus>: unknown branch -> LHEPdfWeight
