3 of 6
QCD_Pt120to170_Ele
pos : 18446744073709551615
sampleType : QCD_Pt120to170_Ele,  systematicType : 
Dilepton Sample :0
. QCD_Pt120to170_Ele 
. QCD_Pt120to170_Ele 
./QCD_Pt120to170_Ele_RecoKinTuple_Skim_3of6.root
HERE
DONE
Error in <TTree::SetBranchStatus>: unknown branch -> nLHEScaleWeight
Error in <TTree::SetBranchStatus>: unknown branch -> LHEScaleWeight
Error in <TTree::SetBranchStatus>: unknown branch -> nLHEPdfWeight
Error in <TTree::SetBranchStatus>: unknown branch -> LHEPdfWeight
Error in <TTree::SetBranchStatus>: unknown branch -> nLHEScaleWeight
Error in <TTree::SetBranchStatus>: unknown branch -> LHEScaleWeight
Error in <TTree::SetBranchStatus>: unknown branch -> nLHEPdfWeight
Error in <TTree::SetBranchStatus>: unknown branch -> LHEPdfWeight
isMC: 1
Using event weight 62.8004
XS = 62964
lumi = 35921.9
nEvents_MC = 3.60154e+07
Total Entries : 44892
Error in <TTree::SetBranchStatus>: unknown branch -> nLHEScaleWeight
Error in <TTree::SetBranchStatus>: unknown branch -> LHEScaleWeight
Error in <TTree::SetBranchStatus>: unknown branch -> nLHEPdfWeight
Error in <TTree::SetBranchStatus>: unknown branch -> LHEPdfWeight
processing entry 15000 out of 44892 : 64.4176 seconds since last progress
Error in <TTree::SetBranchStatus>: unknown branch -> nLHEScaleWeight
Error in <TTree::SetBranchStatus>: unknown branch -> LHEScaleWeight
Error in <TTree::SetBranchStatus>: unknown branch -> nLHEPdfWeight
Error in <TTree::SetBranchStatus>: unknown branch -> LHEPdfWeight
processing entry 16000 out of 44892 : 2.76993 seconds since last progress
processing entry 17000 out of 44892 : 0.349164 seconds since last progress
processing entry 18000 out of 44892 : 0.0988253 seconds since last progress
processing entry 19000 out of 44892 : 0.0695973 seconds since last progress
processing entry 20000 out of 44892 : 0.112487 seconds since last progress
processing entry 21000 out of 44892 : 0.0801629 seconds since last progress
processing entry 22000 out of 44892 : 0.0976133 seconds since last progress
