-1 of -1
QCD_Pt20to30_Ele
pos : 18446744073709551615
sampleType : QCD_Pt20to30_Ele,  systematicType : 
Dilepton Sample :0
. QCD_Pt20to30_Ele 
. QCD_Pt20to30_Ele 
./QCD_Pt20to30_Ele_RecoKinTuple_Skim.root
HERE
DONE
Error in <TTree::SetBranchStatus>: unknown branch -> nLHEScaleWeight
Error in <TTree::SetBranchStatus>: unknown branch -> LHEScaleWeight
Error in <TTree::SetBranchStatus>: unknown branch -> nLHEPdfWeight
Error in <TTree::SetBranchStatus>: unknown branch -> LHEPdfWeight
isMC: 1
Using event weight 20807
XS = 5.35296e+06
lumi = 35921.9
nEvents_MC = 9.2415e+06
Total Entries : 1734
processing entry 0 out of 1734 : 24.0262 seconds since last progress
processing entry 100 out of 1734 : 0.00405169 seconds since last progress
processing entry 200 out of 1734 : 0.00348183 seconds since last progress
processing entry 300 out of 1734 : 0.0034356 seconds since last progress
processing entry 400 out of 1734 : 0.00359408 seconds since last progress
processing entry 500 out of 1734 : 0.00363481 seconds since last progress
processing entry 600 out of 1734 : 0.00339129 seconds since last progress
processing entry 700 out of 1734 : 0.00334181 seconds since last progress
processing entry 800 out of 1734 : 0.00343351 seconds since last progress
processing entry 900 out of 1734 : 0.00318703 seconds since last progress
processing entry 1000 out of 1734 : 0.00326945 seconds since last progress
processing entry 1100 out of 1734 : 0.00546744 seconds since last progress
processing entry 1200 out of 1734 : 0.003134 seconds since last progress
processing entry 1300 out of 1734 : 0.00337595 seconds since last progress
processing entry 1400 out of 1734 : 0.00320626 seconds since last progress
processing entry 1500 out of 1734 : 0.00323684 seconds since last progress
processing entry 1600 out of 1734 : 0.00341147 seconds since last progress
processing entry 1700 out of 1734 : 0.00380912 seconds since last progress
