1 of 2
QCD_Pt600to800_Mu_ext1
pos : 18446744073709551615
sampleType : QCD_Pt600to800_Mu_ext1,  systematicType : 
Dilepton Sample :0
. QCD_Pt600to800_Mu_ext1 
. QCD_Pt600to800_Mu_ext1 
./QCD_Pt600to800_Mu_ext1_RecoKinTuple_Skim_1of2.root
HERE
DONE
Error in <TTree::SetBranchStatus>: unknown branch -> nLHEScaleWeight
Error in <TTree::SetBranchStatus>: unknown branch -> LHEScaleWeight
Error in <TTree::SetBranchStatus>: unknown branch -> nLHEPdfWeight
Error in <TTree::SetBranchStatus>: unknown branch -> LHEPdfWeight
Error in <TTree::SetBranchStatus>: unknown branch -> nLHEScaleWeight
Error in <TTree::SetBranchStatus>: unknown branch -> LHEScaleWeight
Error in <TTree::SetBranchStatus>: unknown branch -> nLHEPdfWeight
Error in <TTree::SetBranchStatus>: unknown branch -> LHEPdfWeight
isMC: 1
Using event weight 0.150969
XS = 25.0951
lumi = 35921.9
nEvents_MC = 5.97118e+06
Total Entries : 21605
processing entry 0 out of 21605 : 61.2398 seconds since last progress
Error in <TTree::SetBranchStatus>: unknown branch -> nLHEScaleWeight
Error in <TTree::SetBranchStatus>: unknown branch -> LHEScaleWeight
Error in <TTree::SetBranchStatus>: unknown branch -> nLHEPdfWeight
Error in <TTree::SetBranchStatus>: unknown branch -> LHEPdfWeight
processing entry 1000 out of 21605 : 3.42371 seconds since last progress
processing entry 2000 out of 21605 : 2.38235 seconds since last progress
processing entry 3000 out of 21605 : 1.60447 seconds since last progress
processing entry 4000 out of 21605 : 1.07167 seconds since last progress
processing entry 5000 out of 21605 : 3.47283 seconds since last progress
processing entry 6000 out of 21605 : 1.80334 seconds since last progress
processing entry 7000 out of 21605 : 4.37555 seconds since last progress
processing entry 8000 out of 21605 : 4.24803 seconds since last progress
Error in <TTree::SetBranchStatus>: unknown branch -> nLHEScaleWeight
Error in <TTree::SetBranchStatus>: unknown branch -> LHEScaleWeight
Error in <TTree::SetBranchStatus>: unknown branch -> nLHEPdfWeight
Error in <TTree::SetBranchStatus>: unknown branch -> LHEPdfWeight
processing entry 9000 out of 21605 : 8.08736 seconds since last progress
processing entry 10000 out of 21605 : 6.6775 seconds since last progress
