2 of 2
QCD_Pt600to800_Mu_ext1
pos : 18446744073709551615
sampleType : QCD_Pt600to800_Mu_ext1,  systematicType : 
Dilepton Sample :0
. QCD_Pt600to800_Mu_ext1 
. QCD_Pt600to800_Mu_ext1 
./QCD_Pt600to800_Mu_ext1_RecoKinTuple_Skim_2of2.root
HERE
DONE
Error in <TTree::SetBranchStatus>: unknown branch -> nLHEScaleWeight
Error in <TTree::SetBranchStatus>: unknown branch -> LHEScaleWeight
Error in <TTree::SetBranchStatus>: unknown branch -> nLHEPdfWeight
Error in <TTree::SetBranchStatus>: unknown branch -> LHEPdfWeight
Error in <TTree::SetBranchStatus>: unknown branch -> nLHEScaleWeight
Error in <TTree::SetBranchStatus>: unknown branch -> LHEScaleWeight
Error in <TTree::SetBranchStatus>: unknown branch -> nLHEPdfWeight
Error in <TTree::SetBranchStatus>: unknown branch -> LHEPdfWeight
isMC: 1
Using event weight 0.150969
XS = 25.0951
lumi = 35921.9
nEvents_MC = 5.97118e+06
Total Entries : 21605
processing entry 11000 out of 21605 : 51.3514 seconds since last progress
processing entry 12000 out of 21605 : 8.06765 seconds since last progress
processing entry 13000 out of 21605 : 8.15993 seconds since last progress
processing entry 14000 out of 21605 : 2.3167 seconds since last progress
processing entry 15000 out of 21605 : 6.96637 seconds since last progress
processing entry 16000 out of 21605 : 3.78489 seconds since last progress
processing entry 17000 out of 21605 : 1.35035 seconds since last progress
processing entry 18000 out of 21605 : 3.18765 seconds since last progress
processing entry 19000 out of 21605 : 7.03683 seconds since last progress
processing entry 20000 out of 21605 : 6.15724 seconds since last progress
processing entry 21000 out of 21605 : 1.3403 seconds since last progress
