1 of 5
QCD_Pt80to120_Ele
pos : 18446744073709551615
sampleType : QCD_Pt80to120_Ele,  systematicType : 
Dilepton Sample :0
. QCD_Pt80to120_Ele 
. QCD_Pt80to120_Ele 
./QCD_Pt80to120_Ele_RecoKinTuple_Skim_1of5.root
HERE
DONE
Error in <TTree::SetBranchStatus>: unknown branch -> nLHEScaleWeight
Error in <TTree::SetBranchStatus>: unknown branch -> LHEScaleWeight
Error in <TTree::SetBranchStatus>: unknown branch -> nLHEPdfWeight
Error in <TTree::SetBranchStatus>: unknown branch -> LHEPdfWeight
Error in <TTree::SetBranchStatus>: unknown branch -> nLHEScaleWeight
Error in <TTree::SetBranchStatus>: unknown branch -> LHEScaleWeight
Error in <TTree::SetBranchStatus>: unknown branch -> nLHEPdfWeight
Error in <TTree::SetBranchStatus>: unknown branch -> LHEPdfWeight
isMC: 1
Using event weight 349.899
XS = 350000
lumi = 35921.9
nEvents_MC = 3.59322e+07
Total Entries : 29965
processing entry 0 out of 29965 : 93.8283 seconds since last progress
Error in <TTree::SetBranchStatus>: unknown branch -> nLHEScaleWeight
Error in <TTree::SetBranchStatus>: unknown branch -> LHEScaleWeight
Error in <TTree::SetBranchStatus>: unknown branch -> nLHEPdfWeight
Error in <TTree::SetBranchStatus>: unknown branch -> LHEPdfWeight
processing entry 1000 out of 29965 : 3.16529 seconds since last progress
processing entry 2000 out of 29965 : 0.0697888 seconds since last progress
processing entry 3000 out of 29965 : 0.133399 seconds since last progress
processing entry 4000 out of 29965 : 0.0805736 seconds since last progress
Error in <TTree::SetBranchStatus>: unknown branch -> nLHEScaleWeight
Error in <TTree::SetBranchStatus>: unknown branch -> LHEScaleWeight
Error in <TTree::SetBranchStatus>: unknown branch -> nLHEPdfWeight
Error in <TTree::SetBranchStatus>: unknown branch -> LHEPdfWeight
processing entry 5000 out of 29965 : 3.55247 seconds since last progress
