1 of 2
QCD_Pt170to300_Mu_ext1
pos : 18446744073709551615
sampleType : QCD_Pt170to300_Mu_ext1,  systematicType : 
Dilepton Sample :0
. QCD_Pt170to300_Mu_ext1 
. QCD_Pt170to300_Mu_ext1 
./QCD_Pt170to300_Mu_ext1_RecoKinTuple_Skim_1of2.root
HERE
DONE
Error in <TTree::SetBranchStatus>: unknown branch -> nLHEScaleWeight
Error in <TTree::SetBranchStatus>: unknown branch -> LHEScaleWeight
Error in <TTree::SetBranchStatus>: unknown branch -> nLHEPdfWeight
Error in <TTree::SetBranchStatus>: unknown branch -> LHEPdfWeight
Error in <TTree::SetBranchStatus>: unknown branch -> nLHEScaleWeight
Error in <TTree::SetBranchStatus>: unknown branch -> LHEScaleWeight
Error in <TTree::SetBranchStatus>: unknown branch -> nLHEPdfWeight
Error in <TTree::SetBranchStatus>: unknown branch -> LHEPdfWeight
isMC: 1
Using event weight 33.0621
XS = 8654.49
lumi = 35921.9
nEvents_MC = 9.40307e+06
Total Entries : 22315
processing entry 0 out of 22315 : 76.0618 seconds since last progress
Error in <TTree::SetBranchStatus>: unknown branch -> nLHEScaleWeight
Error in <TTree::SetBranchStatus>: unknown branch -> LHEScaleWeight
Error in <TTree::SetBranchStatus>: unknown branch -> nLHEPdfWeight
Error in <TTree::SetBranchStatus>: unknown branch -> LHEPdfWeight
processing entry 1000 out of 22315 : 3.52597 seconds since last progress
processing entry 2000 out of 22315 : 1.37005 seconds since last progress
processing entry 3000 out of 22315 : 0.33918 seconds since last progress
processing entry 4000 out of 22315 : 0.192254 seconds since last progress
processing entry 5000 out of 22315 : 4.36346 seconds since last progress
processing entry 6000 out of 22315 : 0.246183 seconds since last progress
processing entry 7000 out of 22315 : 0.332506 seconds since last progress
processing entry 8000 out of 22315 : 0.219037 seconds since last progress
Error in <TTree::SetBranchStatus>: unknown branch -> nLHEScaleWeight
Error in <TTree::SetBranchStatus>: unknown branch -> LHEScaleWeight
Error in <TTree::SetBranchStatus>: unknown branch -> nLHEPdfWeight
Error in <TTree::SetBranchStatus>: unknown branch -> LHEPdfWeight
processing entry 9000 out of 22315 : 3.74434 seconds since last progress
processing entry 10000 out of 22315 : 1.3101 seconds since last progress
processing entry 11000 out of 22315 : 0.22038 seconds since last progress
