6 of 6
QCD_Pt120to170_Ele
pos : 18446744073709551615
sampleType : QCD_Pt120to170_Ele,  systematicType : 
Dilepton Sample :0
. QCD_Pt120to170_Ele 
. QCD_Pt120to170_Ele 
./QCD_Pt120to170_Ele_RecoKinTuple_Skim_6of6.root
HERE
DONE
Error in <TTree::SetBranchStatus>: unknown branch -> nLHEScaleWeight
Error in <TTree::SetBranchStatus>: unknown branch -> LHEScaleWeight
Error in <TTree::SetBranchStatus>: unknown branch -> nLHEPdfWeight
Error in <TTree::SetBranchStatus>: unknown branch -> LHEPdfWeight
Error in <TTree::SetBranchStatus>: unknown branch -> nLHEScaleWeight
Error in <TTree::SetBranchStatus>: unknown branch -> LHEScaleWeight
Error in <TTree::SetBranchStatus>: unknown branch -> nLHEPdfWeight
Error in <TTree::SetBranchStatus>: unknown branch -> LHEPdfWeight
isMC: 1
Using event weight 62.8004
XS = 62964
lumi = 35921.9
nEvents_MC = 3.60154e+07
Total Entries : 44892
Error in <TTree::SetBranchStatus>: unknown branch -> nLHEScaleWeight
Error in <TTree::SetBranchStatus>: unknown branch -> LHEScaleWeight
Error in <TTree::SetBranchStatus>: unknown branch -> nLHEPdfWeight
Error in <TTree::SetBranchStatus>: unknown branch -> LHEPdfWeight
Error in <TTree::SetBranchStatus>: unknown branch -> nLHEScaleWeight
Error in <TTree::SetBranchStatus>: unknown branch -> LHEScaleWeight
Error in <TTree::SetBranchStatus>: unknown branch -> nLHEPdfWeight
Error in <TTree::SetBranchStatus>: unknown branch -> LHEPdfWeight
processing entry 38000 out of 44892 : 73.6721 seconds since last progress
processing entry 39000 out of 44892 : 0.0613935 seconds since last progress
processing entry 40000 out of 44892 : 0.0928234 seconds since last progress
processing entry 41000 out of 44892 : 0.0646234 seconds since last progress
processing entry 42000 out of 44892 : 0.107021 seconds since last progress
processing entry 43000 out of 44892 : 0.285127 seconds since last progress
processing entry 44000 out of 44892 : 0.147242 seconds since last progress
