1 of 6
QCD_Pt300to470_Mu_ext2
pos : 18446744073709551615
sampleType : QCD_Pt300to470_Mu_ext2,  systematicType : 
Dilepton Sample :0
. QCD_Pt300to470_Mu_ext2 
. QCD_Pt300to470_Mu_ext2 
./QCD_Pt300to470_Mu_ext2_RecoKinTuple_Skim_1of6.root
HERE
DONE
Error in <TTree::SetBranchStatus>: unknown branch -> nLHEScaleWeight
Error in <TTree::SetBranchStatus>: unknown branch -> LHEScaleWeight
Error in <TTree::SetBranchStatus>: unknown branch -> nLHEPdfWeight
Error in <TTree::SetBranchStatus>: unknown branch -> LHEPdfWeight
Error in <TTree::SetBranchStatus>: unknown branch -> nLHEScaleWeight
Error in <TTree::SetBranchStatus>: unknown branch -> LHEScaleWeight
Error in <TTree::SetBranchStatus>: unknown branch -> nLHEPdfWeight
Error in <TTree::SetBranchStatus>: unknown branch -> LHEPdfWeight
isMC: 1
Using event weight 1.16406
XS = 797.353
lumi = 35921.9
nEvents_MC = 2.46055e+07
Total Entries : 69327
processing entry 0 out of 69327 : 84.3588 seconds since last progress
Error in <TTree::SetBranchStatus>: unknown branch -> nLHEScaleWeight
Error in <TTree::SetBranchStatus>: unknown branch -> LHEScaleWeight
Error in <TTree::SetBranchStatus>: unknown branch -> nLHEPdfWeight
Error in <TTree::SetBranchStatus>: unknown branch -> LHEPdfWeight
processing entry 5000 out of 69327 : 13.1852 seconds since last progress
processing entry 10000 out of 69327 : 19.2381 seconds since last progress
Error in <TTree::SetBranchStatus>: unknown branch -> nLHEScaleWeight
Error in <TTree::SetBranchStatus>: unknown branch -> LHEScaleWeight
Error in <TTree::SetBranchStatus>: unknown branch -> nLHEPdfWeight
Error in <TTree::SetBranchStatus>: unknown branch -> LHEPdfWeight
