1 of 6
QCD_Pt120to170_Ele
pos : 18446744073709551615
sampleType : QCD_Pt120to170_Ele,  systematicType : 
Dilepton Sample :0
. QCD_Pt120to170_Ele 
. QCD_Pt120to170_Ele 
./QCD_Pt120to170_Ele_RecoKinTuple_Skim_1of6.root
HERE
DONE
Error in <TTree::SetBranchStatus>: unknown branch -> nLHEScaleWeight
Error in <TTree::SetBranchStatus>: unknown branch -> LHEScaleWeight
Error in <TTree::SetBranchStatus>: unknown branch -> nLHEPdfWeight
Error in <TTree::SetBranchStatus>: unknown branch -> LHEPdfWeight
Error in <TTree::SetBranchStatus>: unknown branch -> nLHEScaleWeight
Error in <TTree::SetBranchStatus>: unknown branch -> LHEScaleWeight
Error in <TTree::SetBranchStatus>: unknown branch -> nLHEPdfWeight
Error in <TTree::SetBranchStatus>: unknown branch -> LHEPdfWeight
isMC: 1
Using event weight 62.8004
XS = 62964
lumi = 35921.9
nEvents_MC = 3.60154e+07
Total Entries : 44892
processing entry 0 out of 44892 : 60.2645 seconds since last progress
Error in <TTree::SetBranchStatus>: unknown branch -> nLHEScaleWeight
Error in <TTree::SetBranchStatus>: unknown branch -> LHEScaleWeight
Error in <TTree::SetBranchStatus>: unknown branch -> nLHEPdfWeight
Error in <TTree::SetBranchStatus>: unknown branch -> LHEPdfWeight
processing entry 1000 out of 44892 : 3.46874 seconds since last progress
processing entry 2000 out of 44892 : 0.491037 seconds since last progress
processing entry 3000 out of 44892 : 0.144274 seconds since last progress
processing entry 4000 out of 44892 : 0.0979195 seconds since last progress
processing entry 5000 out of 44892 : 0.201342 seconds since last progress
processing entry 6000 out of 44892 : 0.152279 seconds since last progress
processing entry 7000 out of 44892 : 1.62974 seconds since last progress
