-1 of -1
QCD_Pt1000toInf_Mu
pos : 18446744073709551615
sampleType : QCD_Pt1000toInf_Mu,  systematicType : 
Dilepton Sample :0
. QCD_Pt1000toInf_Mu 
. QCD_Pt1000toInf_Mu 
./QCD_Pt1000toInf_Mu_RecoKinTuple_Skim.root
HERE
DONE
Error in <TTree::SetBranchStatus>: unknown branch -> nLHEScaleWeight
Error in <TTree::SetBranchStatus>: unknown branch -> LHEScaleWeight
Error in <TTree::SetBranchStatus>: unknown branch -> nLHEPdfWeight
Error in <TTree::SetBranchStatus>: unknown branch -> LHEPdfWeight
isMC: 1
Using event weight 0.0148618
XS = 1.6213
lumi = 35921.9
nEvents_MC = 3.91878e+06
Total Entries : 18128
processing entry 0 out of 18128 : 33.3892 seconds since last progress
processing entry 1000 out of 18128 : 26.0968 seconds since last progress
processing entry 2000 out of 18128 : 4.7407 seconds since last progress
processing entry 3000 out of 18128 : 3.55662 seconds since last progress
processing entry 4000 out of 18128 : 1.0514 seconds since last progress
processing entry 5000 out of 18128 : 4.21744 seconds since last progress
processing entry 6000 out of 18128 : 5.9344 seconds since last progress
processing entry 7000 out of 18128 : 17.728 seconds since last progress
processing entry 8000 out of 18128 : 4.3858 seconds since last progress
processing entry 9000 out of 18128 : 1.95609 seconds since last progress
processing entry 10000 out of 18128 : 5.71518 seconds since last progress
processing entry 11000 out of 18128 : 2.95508 seconds since last progress
processing entry 12000 out of 18128 : 9.76301 seconds since last progress
processing entry 13000 out of 18128 : 1.75545 seconds since last progress
processing entry 14000 out of 18128 : 4.03991 seconds since last progress
processing entry 15000 out of 18128 : 6.32567 seconds since last progress
processing entry 16000 out of 18128 : 4.20024 seconds since last progress
processing entry 17000 out of 18128 : 7.75016 seconds since last progress
processing entry 18000 out of 18128 : 6.21486 seconds since last progress
