1 of 2
QCD_Pt300to470_Mu
pos : 18446744073709551615
sampleType : QCD_Pt300to470_Mu,  systematicType : 
Dilepton Sample :0
. QCD_Pt300to470_Mu 
. QCD_Pt300to470_Mu 
./QCD_Pt300to470_Mu_RecoKinTuple_Skim_1of2.root
HERE
DONE
Error in <TTree::SetBranchStatus>: unknown branch -> nLHEScaleWeight
Error in <TTree::SetBranchStatus>: unknown branch -> LHEScaleWeight
Error in <TTree::SetBranchStatus>: unknown branch -> nLHEPdfWeight
Error in <TTree::SetBranchStatus>: unknown branch -> LHEPdfWeight
Error in <TTree::SetBranchStatus>: unknown branch -> nLHEScaleWeight
Error in <TTree::SetBranchStatus>: unknown branch -> LHEScaleWeight
Error in <TTree::SetBranchStatus>: unknown branch -> nLHEPdfWeight
Error in <TTree::SetBranchStatus>: unknown branch -> LHEPdfWeight
isMC: 1
Using event weight 3.60845
XS = 797.353
lumi = 35921.9
nEvents_MC = 7.93759e+06
Total Entries : 22339
processing entry 0 out of 22339 : 42.6037 seconds since last progress
Error in <TTree::SetBranchStatus>: unknown branch -> nLHEScaleWeight
Error in <TTree::SetBranchStatus>: unknown branch -> LHEScaleWeight
Error in <TTree::SetBranchStatus>: unknown branch -> nLHEPdfWeight
Error in <TTree::SetBranchStatus>: unknown branch -> LHEPdfWeight
processing entry 1000 out of 22339 : 4.25135 seconds since last progress
processing entry 2000 out of 22339 : 1.71964 seconds since last progress
processing entry 3000 out of 22339 : 2.77463 seconds since last progress
processing entry 4000 out of 22339 : 6.48262 seconds since last progress
processing entry 5000 out of 22339 : 3.40105 seconds since last progress
processing entry 6000 out of 22339 : 1.35337 seconds since last progress
processing entry 7000 out of 22339 : 2.75236 seconds since last progress
processing entry 8000 out of 22339 : 2.63633 seconds since last progress
processing entry 9000 out of 22339 : 0.778477 seconds since last progress
processing entry 10000 out of 22339 : 2.20522 seconds since last progress
processing entry 11000 out of 22339 : 1.18582 seconds since last progress
