3 of 3
QCD_Pt1000toInf_Mu_ext1
pos : 18446744073709551615
sampleType : QCD_Pt1000toInf_Mu_ext1,  systematicType : 
Dilepton Sample :0
. QCD_Pt1000toInf_Mu_ext1 
. QCD_Pt1000toInf_Mu_ext1 
./QCD_Pt1000toInf_Mu_ext1_RecoKinTuple_Skim_3of3.root
HERE
DONE
Error in <TTree::SetBranchStatus>: unknown branch -> nLHEScaleWeight
Error in <TTree::SetBranchStatus>: unknown branch -> LHEScaleWeight
Error in <TTree::SetBranchStatus>: unknown branch -> nLHEPdfWeight
Error in <TTree::SetBranchStatus>: unknown branch -> LHEPdfWeight
Error in <TTree::SetBranchStatus>: unknown branch -> nLHEScaleWeight
Error in <TTree::SetBranchStatus>: unknown branch -> LHEScaleWeight
Error in <TTree::SetBranchStatus>: unknown branch -> nLHEPdfWeight
Error in <TTree::SetBranchStatus>: unknown branch -> LHEPdfWeight
isMC: 1
Using event weight 0.0060427
XS = 1.6213
lumi = 35921.9
nEvents_MC = 9.6381e+06
Total Entries : 44807
processing entry 30000 out of 44807 : 66.4244 seconds since last progress
processing entry 31000 out of 44807 : 17.9464 seconds since last progress
processing entry 32000 out of 44807 : 6.19862 seconds since last progress
processing entry 33000 out of 44807 : 4.30424 seconds since last progress
processing entry 34000 out of 44807 : 1.71843 seconds since last progress
processing entry 35000 out of 44807 : 6.03724 seconds since last progress
processing entry 36000 out of 44807 : 3.8259 seconds since last progress
processing entry 37000 out of 44807 : 3.9982 seconds since last progress
processing entry 38000 out of 44807 : 12.8634 seconds since last progress
processing entry 39000 out of 44807 : 6.15047 seconds since last progress
processing entry 40000 out of 44807 : 16.2688 seconds since last progress
processing entry 41000 out of 44807 : 8.47808 seconds since last progress
processing entry 42000 out of 44807 : 4.07815 seconds since last progress
processing entry 43000 out of 44807 : 7.51034 seconds since last progress
processing entry 44000 out of 44807 : 1.50494 seconds since last progress
