3 of 3
QCD_Pt50to80_Ele_ext1
pos : 18446744073709551615
sampleType : QCD_Pt50to80_Ele_ext1,  systematicType : 
Dilepton Sample :0
. QCD_Pt50to80_Ele_ext1 
. QCD_Pt50to80_Ele_ext1 
./QCD_Pt50to80_Ele_ext1_RecoKinTuple_Skim_3of3.root
HERE
DONE
Error in <TTree::SetBranchStatus>: unknown branch -> nLHEScaleWeight
Error in <TTree::SetBranchStatus>: unknown branch -> LHEScaleWeight
Error in <TTree::SetBranchStatus>: unknown branch -> nLHEPdfWeight
Error in <TTree::SetBranchStatus>: unknown branch -> LHEPdfWeight
Error in <TTree::SetBranchStatus>: unknown branch -> nLHEScaleWeight
Error in <TTree::SetBranchStatus>: unknown branch -> LHEScaleWeight
Error in <TTree::SetBranchStatus>: unknown branch -> nLHEPdfWeight
Error in <TTree::SetBranchStatus>: unknown branch -> LHEPdfWeight
isMC: 1
Using event weight 4450.43
XS = 2.8908e+06
lumi = 35921.9
nEvents_MC = 2.33333e+07
Total Entries : 13220
Error in <TTree::SetBranchStatus>: unknown branch -> nLHEScaleWeight
Error in <TTree::SetBranchStatus>: unknown branch -> LHEScaleWeight
Error in <TTree::SetBranchStatus>: unknown branch -> nLHEPdfWeight
Error in <TTree::SetBranchStatus>: unknown branch -> LHEPdfWeight
Error in <TTree::SetBranchStatus>: unknown branch -> nLHEScaleWeight
Error in <TTree::SetBranchStatus>: unknown branch -> LHEScaleWeight
Error in <TTree::SetBranchStatus>: unknown branch -> nLHEPdfWeight
Error in <TTree::SetBranchStatus>: unknown branch -> LHEPdfWeight
processing entry 9000 out of 13220 : 59.2214 seconds since last progress
processing entry 10000 out of 13220 : 0.0671884 seconds since last progress
processing entry 11000 out of 13220 : 0.0592061 seconds since last progress
processing entry 12000 out of 13220 : 0.0814178 seconds since last progress
processing entry 13000 out of 13220 : 0.0599018 seconds since last progress
