1 of 4
QCD_Pt30to50_Mu
pos : 18446744073709551615
sampleType : QCD_Pt30to50_Mu,  systematicType : 
Dilepton Sample :0
. QCD_Pt30to50_Mu 
. QCD_Pt30to50_Mu 
./QCD_Pt30to50_Mu_RecoKinTuple_Skim_1of4.root
HERE
DONE
Error in <TTree::SetBranchStatus>: unknown branch -> nLHEScaleWeight
Error in <TTree::SetBranchStatus>: unknown branch -> LHEScaleWeight
Error in <TTree::SetBranchStatus>: unknown branch -> nLHEPdfWeight
Error in <TTree::SetBranchStatus>: unknown branch -> LHEPdfWeight
Error in <TTree::SetBranchStatus>: unknown branch -> nLHEScaleWeight
Error in <TTree::SetBranchStatus>: unknown branch -> LHEScaleWeight
Error in <TTree::SetBranchStatus>: unknown branch -> nLHEPdfWeight
Error in <TTree::SetBranchStatus>: unknown branch -> LHEPdfWeight
isMC: 1
Using event weight 1986.37
XS = 1.65247e+06
lumi = 35921.9
nEvents_MC = 2.98836e+07
Total Entries : 35613
processing entry 0 out of 35613 : 46.7725 seconds since last progress
Error in <TTree::SetBranchStatus>: unknown branch -> nLHEScaleWeight
Error in <TTree::SetBranchStatus>: unknown branch -> LHEScaleWeight
Error in <TTree::SetBranchStatus>: unknown branch -> nLHEPdfWeight
Error in <TTree::SetBranchStatus>: unknown branch -> LHEPdfWeight
processing entry 1000 out of 35613 : 2.79439 seconds since last progress
processing entry 2000 out of 35613 : 0.0928931 seconds since last progress
processing entry 3000 out of 35613 : 0.0408236 seconds since last progress
processing entry 4000 out of 35613 : 0.0994079 seconds since last progress
processing entry 5000 out of 35613 : 0.349374 seconds since last progress
processing entry 6000 out of 35613 : 0.0352277 seconds since last progress
Error in <TTree::SetBranchStatus>: unknown branch -> nLHEScaleWeight
Error in <TTree::SetBranchStatus>: unknown branch -> LHEScaleWeight
Error in <TTree::SetBranchStatus>: unknown branch -> nLHEPdfWeight
Error in <TTree::SetBranchStatus>: unknown branch -> LHEPdfWeight
processing entry 7000 out of 35613 : 3.25791 seconds since last progress
processing entry 8000 out of 35613 : 0.0479708 seconds since last progress
