WARNING: In non-interactive mode release checks e.g. deprecated releases, production architectures are disabled.
Error in <TTree::SetBranchStatus>: unknown branch -> nLHEScaleWeight
Error in <TTree::SetBranchStatus>: unknown branch -> LHEScaleWeight
Error in <TTree::SetBranchStatus>: unknown branch -> nLHEPdfWeight
Error in <TTree::SetBranchStatus>: unknown branch -> LHEPdfWeight
Error in <TTree::SetBranchStatus>: unknown branch -> nLHEScaleWeight
Error in <TTree::SetBranchStatus>: unknown branch -> LHEScaleWeight
Error in <TTree::SetBranchStatus>: unknown branch -> nLHEPdfWeight
Error in <TTree::SetBranchStatus>: unknown branch -> LHEPdfWeight
Error in <TTree::SetBranchStatus>: unknown branch -> nLHEScaleWeight
Error in <TTree::SetBranchStatus>: unknown branch -> LHEScaleWeight
Error in <TTree::SetBranchStatus>: unknown branch -> nLHEPdfWeight
Error in <TTree::SetBranchStatus>: unknown branch -> LHEPdfWeight
Error in <TTree::SetBranchStatus>: unknown branch -> nLHEScaleWeight
Error in <TTree::SetBranchStatus>: unknown branch -> LHEScaleWeight
Error in <TTree::SetBranchStatus>: unknown branch -> nLHEPdfWeight
Error in <TTree::SetBranchStatus>: unknown branch -> LHEPdfWeight
Error in <TTree::SetBranchStatus>: unknown branch -> nLHEScaleWeight
Error in <TTree::SetBranchStatus>: unknown branch -> LHEScaleWeight
Error in <TTree::SetBranchStatus>: unknown branch -> nLHEPdfWeight
Error in <TTree::SetBranchStatus>: unknown branch -> LHEPdfWeight
Error in <TBranch::GetBasket>: File: root://se01.indiacms.res.in//cms/store/user/idas/Output/cms-hcs-run2/Skim_NanoAOD/2017/QCD_Pt170to300_Mu_Skim_NanoAOD_5of8.root at byte:0, branch:fixedGridRhoFastjetAll, entry:0, badread=0, nerrors=1, basketnumber=0
Error in <TBranch::GetBasket>: File: root://se01.indiacms.res.in//cms/store/user/idas/Output/cms-hcs-run2/Skim_NanoAOD/2017/QCD_Pt170to300_Mu_Skim_NanoAOD_5of8.root at byte:0, branch:fixedGridRhoFastjetAll, entry:1, badread=0, nerrors=2, basketnumber=0
Error in <TBranch::GetBasket>: File: root://se01.indiacms.res.in//cms/store/user/idas/Output/cms-hcs-run2/Skim_NanoAOD/2017/QCD_Pt170to300_Mu_Skim_NanoAOD_5of8.root at byte:0, branch:fixedGridRhoFastjetAll, entry:2, badread=0, nerrors=3, basketnumber=0
Error in <TBranch::GetBasket>: File: root://se01.indiacms.res.in//cms/store/user/idas/Output/cms-hcs-run2/Skim_NanoAOD/2017/QCD_Pt170to300_Mu_Skim_NanoAOD_5of8.root at byte:0, branch:fixedGridRhoFastjetAll, entry:3, badread=0, nerrors=4, basketnumber=0
Error in <TBranch::GetBasket>: File: root://se01.indiacms.res.in//cms/store/user/idas/Output/cms-hcs-run2/Skim_NanoAOD/2017/QCD_Pt170to300_Mu_Skim_NanoAOD_5of8.root at byte:0, branch:fixedGridRhoFastjetAll, entry:4, badread=0, nerrors=5, basketnumber=0
Error in <TBranch::GetBasket>: File: root://se01.indiacms.res.in//cms/store/user/idas/Output/cms-hcs-run2/Skim_NanoAOD/2017/QCD_Pt170to300_Mu_Skim_NanoAOD_5of8.root at byte:0, branch:fixedGridRhoFastjetAll, entry:5, badread=0, nerrors=6, basketnumber=0
Error in <TBranch::GetBasket>: File: root://se01.indiacms.res.in//cms/store/user/idas/Output/cms-hcs-run2/Skim_NanoAOD/2017/QCD_Pt170to300_Mu_Skim_NanoAOD_5of8.root at byte:0, branch:fixedGridRhoFastjetAll, entry:6, badread=0, nerrors=7, basketnumber=0
Error in <TBranch::GetBasket>: File: root://se01.indiacms.res.in//cms/store/user/idas/Output/cms-hcs-run2/Skim_NanoAOD/2017/QCD_Pt170to300_Mu_Skim_NanoAOD_5of8.root at byte:0, branch:fixedGridRhoFastjetAll, entry:7, badread=0, nerrors=8, basketnumber=0
Error in <TBranch::GetBasket>: File: root://se01.indiacms.res.in//cms/store/user/idas/Output/cms-hcs-run2/Skim_NanoAOD/2017/QCD_Pt170to300_Mu_Skim_NanoAOD_5of8.root at byte:0, branch:fixedGridRhoFastjetAll, entry:8, badread=0, nerrors=9, basketnumber=0
Error in <TBranch::GetBasket>: File: root://se01.indiacms.res.in//cms/store/user/idas/Output/cms-hcs-run2/Skim_NanoAOD/2017/QCD_Pt170to300_Mu_Skim_NanoAOD_5of8.root at byte:0, branch:fixedGridRhoFastjetAll, entry:9, badread=0, nerrors=10, basketnumber=0
[3.152MB/3.152MB][100%][==================================================][3.152MB/s]  [3.152MB/3.152MB][100%][==================================================][1.576MB/s]  
