WARNING: In non-interactive mode release checks e.g. deprecated releases, production architectures are disabled.
Error in <TBasket::Streamer>: The value of fKeylen is incorrect (-25733) ; trying to recover by setting it to zero
Error in <TBasket::Streamer>: The value of fObjlen is incorrect (-972099343) ; trying to recover by setting it to zero
Error in <TBasket::Streamer>: The value of fNbytes is incorrect (-2133893040) ; trying to recover by setting it to zero
Error in <TBranch::GetBasket>: File: root://se01.indiacms.res.in//cms/store/user/idas/Output/cms-hcs-run2/Skim_NanoAOD/2018/WZTo3LNu_amcatnlo_ext1_Skim_NanoAOD_1of2.root at byte:1792994553, branch:Flag_EcalDeadCellTriggerPrimitiveFilter, entry:283734, badread=5, nerrors=1, basketnumber=18
Error in <TBasket::Streamer>: The value of fKeylen is incorrect (-25733) ; trying to recover by setting it to zero
Error in <TBasket::Streamer>: The value of fObjlen is incorrect (-972099343) ; trying to recover by setting it to zero
Error in <TBasket::Streamer>: The value of fNbytes is incorrect (-2133893040) ; trying to recover by setting it to zero
Error in <TBranch::GetBasket>: File: root://se01.indiacms.res.in//cms/store/user/idas/Output/cms-hcs-run2/Skim_NanoAOD/2018/WZTo3LNu_amcatnlo_ext1_Skim_NanoAOD_1of2.root at byte:1792994553, branch:Flag_EcalDeadCellTriggerPrimitiveFilter, entry:283735, badread=5, nerrors=2, basketnumber=18
Error in <TBasket::Streamer>: The value of fKeylen is incorrect (-25733) ; trying to recover by setting it to zero
Error in <TBasket::Streamer>: The value of fObjlen is incorrect (-972099343) ; trying to recover by setting it to zero
Error in <TBasket::Streamer>: The value of fNbytes is incorrect (-2133893040) ; trying to recover by setting it to zero
Error in <TBranch::GetBasket>: File: root://se01.indiacms.res.in//cms/store/user/idas/Output/cms-hcs-run2/Skim_NanoAOD/2018/WZTo3LNu_amcatnlo_ext1_Skim_NanoAOD_1of2.root at byte:1792994553, branch:Flag_EcalDeadCellTriggerPrimitiveFilter, entry:283736, badread=5, nerrors=3, basketnumber=18
Error in <TBasket::Streamer>: The value of fKeylen is incorrect (-25733) ; trying to recover by setting it to zero
Error in <TBasket::Streamer>: The value of fObjlen is incorrect (-972099343) ; trying to recover by setting it to zero
Error in <TBasket::Streamer>: The value of fNbytes is incorrect (-2133893040) ; trying to recover by setting it to zero
Error in <TBranch::GetBasket>: File: root://se01.indiacms.res.in//cms/store/user/idas/Output/cms-hcs-run2/Skim_NanoAOD/2018/WZTo3LNu_amcatnlo_ext1_Skim_NanoAOD_1of2.root at byte:1792994553, branch:Flag_EcalDeadCellTriggerPrimitiveFilter, entry:283737, badread=5, nerrors=4, basketnumber=18
Error in <TBasket::Streamer>: The value of fKeylen is incorrect (-25733) ; trying to recover by setting it to zero
Error in <TBasket::Streamer>: The value of fObjlen is incorrect (-972099343) ; trying to recover by setting it to zero
Error in <TBasket::Streamer>: The value of fNbytes is incorrect (-2133893040) ; trying to recover by setting it to zero
Error in <TBranch::GetBasket>: File: root://se01.indiacms.res.in//cms/store/user/idas/Output/cms-hcs-run2/Skim_NanoAOD/2018/WZTo3LNu_amcatnlo_ext1_Skim_NanoAOD_1of2.root at byte:1792994553, branch:Flag_EcalDeadCellTriggerPrimitiveFilter, entry:283738, badread=5, nerrors=5, basketnumber=18
Error in <TBasket::Streamer>: The value of fKeylen is incorrect (-25733) ; trying to recover by setting it to zero
Error in <TBasket::Streamer>: The value of fObjlen is incorrect (-972099343) ; trying to recover by setting it to zero
Error in <TBasket::Streamer>: The value of fNbytes is incorrect (-2133893040) ; trying to recover by setting it to zero
Error in <TBranch::GetBasket>: File: root://se01.indiacms.res.in//cms/store/user/idas/Output/cms-hcs-run2/Skim_NanoAOD/2018/WZTo3LNu_amcatnlo_ext1_Skim_NanoAOD_1of2.root at byte:1792994553, branch:Flag_EcalDeadCellTriggerPrimitiveFilter, entry:283739, badread=5, nerrors=6, basketnumber=18
Error in <TBasket::Streamer>: The value of fKeylen is incorrect (-25733) ; trying to recover by setting it to zero
Error in <TBasket::Streamer>: The value of fObjlen is incorrect (-972099343) ; trying to recover by setting it to zero
Error in <TBasket::Streamer>: The value of fNbytes is incorrect (-2133893040) ; trying to recover by setting it to zero
Error in <TBranch::GetBasket>: File: root://se01.indiacms.res.in//cms/store/user/idas/Output/cms-hcs-run2/Skim_NanoAOD/2018/WZTo3LNu_amcatnlo_ext1_Skim_NanoAOD_1of2.root at byte:1792994553, branch:Flag_EcalDeadCellTriggerPrimitiveFilter, entry:283740, badread=5, nerrors=7, basketnumber=18
Error in <TBasket::Streamer>: The value of fKeylen is incorrect (-25733) ; trying to recover by setting it to zero
Error in <TBasket::Streamer>: The value of fObjlen is incorrect (-972099343) ; trying to recover by setting it to zero
Error in <TBasket::Streamer>: The value of fNbytes is incorrect (-2133893040) ; trying to recover by setting it to zero
Error in <TBranch::GetBasket>: File: root://se01.indiacms.res.in//cms/store/user/idas/Output/cms-hcs-run2/Skim_NanoAOD/2018/WZTo3LNu_amcatnlo_ext1_Skim_NanoAOD_1of2.root at byte:1792994553, branch:Flag_EcalDeadCellTriggerPrimitiveFilter, entry:283741, badread=5, nerrors=8, basketnumber=18
Error in <TBasket::Streamer>: The value of fKeylen is incorrect (-25733) ; trying to recover by setting it to zero
Error in <TBasket::Streamer>: The value of fObjlen is incorrect (-972099343) ; trying to recover by setting it to zero
Error in <TBasket::Streamer>: The value of fNbytes is incorrect (-2133893040) ; trying to recover by setting it to zero
Error in <TBranch::GetBasket>: File: root://se01.indiacms.res.in//cms/store/user/idas/Output/cms-hcs-run2/Skim_NanoAOD/2018/WZTo3LNu_amcatnlo_ext1_Skim_NanoAOD_1of2.root at byte:1792994553, branch:Flag_EcalDeadCellTriggerPrimitiveFilter, entry:283742, badread=5, nerrors=9, basketnumber=18
Error in <TBasket::Streamer>: The value of fKeylen is incorrect (-25733) ; trying to recover by setting it to zero
Error in <TBasket::Streamer>: The value of fObjlen is incorrect (-972099343) ; trying to recover by setting it to zero
Error in <TBasket::Streamer>: The value of fNbytes is incorrect (-2133893040) ; trying to recover by setting it to zero
Error in <TBranch::GetBasket>: File: root://se01.indiacms.res.in//cms/store/user/idas/Output/cms-hcs-run2/Skim_NanoAOD/2018/WZTo3LNu_amcatnlo_ext1_Skim_NanoAOD_1of2.root at byte:1792994553, branch:Flag_EcalDeadCellTriggerPrimitiveFilter, entry:283743, badread=5, nerrors=10, basketnumber=18
Error in <TBasket::Streamer>: The value of fKeylen is incorrect (-25733) ; trying to recover by setting it to zero
Error in <TBasket::Streamer>: The value of fObjlen is incorrect (-972099343) ; trying to recover by setting it to zero
Error in <TBasket::Streamer>: The value of fNbytes is incorrect (-2133893040) ; trying to recover by setting it to zero
Error in <TBasket::Streamer>: The value of fKeylen is incorrect (-25733) ; trying to recover by setting it to zero
Error in <TBasket::Streamer>: The value of fObjlen is incorrect (-972099343) ; trying to recover by setting it to zero
Error in <TBasket::Streamer>: The value of fNbytes is incorrect (-2133893040) ; trying to recover by setting it to zero
Error in <TBasket::Streamer>: The value of fKeylen is incorrect (-25733) ; trying to recover by setting it to zero
Error in <TBasket::Streamer>: The value of fObjlen is incorrect (-972099343) ; trying to recover by setting it to zero
Error in <TBasket::Streamer>: The value of fNbytes is incorrect (-2133893040) ; trying to recover by setting it to zero
Error in <TBasket::Streamer>: The value of fKeylen is incorrect (-25733) ; trying to recover by setting it to zero
Error in <TBasket::Streamer>: The value of fObjlen is incorrect (-972099343) ; trying to recover by setting it to zero
Error in <TBasket::Streamer>: The value of fNbytes is incorrect (-2133893040) ; trying to recover by setting it to zero
Error in <TBasket::Streamer>: The value of fKeylen is incorrect (-25733) ; trying to recover by setting it to zero
Error in <TBasket::Streamer>: The value of fObjlen is incorrect (-972099343) ; trying to recover by setting it to zero
Error in <TBasket::Streamer>: The value of fNbytes is incorrect (-2133893040) ; trying to recover by setting it to zero
Error in <TBasket::Streamer>: The value of fKeylen is incorrect (-25733) ; trying to recover by setting it to zero
Error in <TBasket::Streamer>: The value of fObjlen is incorrect (-972099343) ; trying to recover by setting it to zero
Error in <TBasket::Streamer>: The value of fNbytes is incorrect (-2133893040) ; trying to recover by setting it to zero
Error in <TBasket::Streamer>: The value of fKeylen is incorrect (-25733) ; trying to recover by setting it to zero
Error in <TBasket::Streamer>: The value of fObjlen is incorrect (-972099343) ; trying to recover by setting it to zero
Error in <TBasket::Streamer>: The value of fNbytes is incorrect (-2133893040) ; trying to recover by setting it to zero
Error in <TBasket::Streamer>: The value of fKeylen is incorrect (-25733) ; trying to recover by setting it to zero
Error in <TBasket::Streamer>: The value of fObjlen is incorrect (-972099343) ; trying to recover by setting it to zero
Error in <TBasket::Streamer>: The value of fNbytes is incorrect (-2133893040) ; trying to recover by setting it to zero
Error in <TBasket::Streamer>: The value of fKeylen is incorrect (-25733) ; trying to recover by setting it to zero
Error in <TBasket::Streamer>: The value of fObjlen is incorrect (-972099343) ; trying to recover by setting it to zero
Error in <TBasket::Streamer>: The value of fNbytes is incorrect (-2133893040) ; trying to recover by setting it to zero
Error in <TBasket::Streamer>: The value of fKeylen is incorrect (-25733) ; trying to recover by setting it to zero
Error in <TBasket::Streamer>: The value of fObjlen is incorrect (-972099343) ; trying to recover by setting it to zero
Error in <TBasket::Streamer>: The value of fNbytes is incorrect (-2133893040) ; trying to recover by setting it to zero
Error in <TBasket::Streamer>: The value of fKeylen is incorrect (-25733) ; trying to recover by setting it to zero
Error in <TBasket::Streamer>: The value of fObjlen is incorrect (-972099343) ; trying to recover by setting it to zero
Error in <TBasket::Streamer>: The value of fNbytes is incorrect (-2133893040) ; trying to recover by setting it to zero
Error in <TBasket::Streamer>: The value of fKeylen is incorrect (-25733) ; trying to recover by setting it to zero
Error in <TBasket::Streamer>: The value of fObjlen is incorrect (-972099343) ; trying to recover by setting it to zero
Error in <TBasket::Streamer>: The value of fNbytes is incorrect (-2133893040) ; trying to recover by setting it to zero
Error in <TBasket::Streamer>: The value of fKeylen is incorrect (-25733) ; trying to recover by setting it to zero
Error in <TBasket::Streamer>: The value of fObjlen is incorrect (-972099343) ; trying to recover by setting it to zero
Error in <TBasket::Streamer>: The value of fNbytes is incorrect (-2133893040) ; trying to recover by setting it to zero
Error in <TBasket::Streamer>: The value of fKeylen is incorrect (-25733) ; trying to recover by setting it to zero
Error in <TBasket::Streamer>: The value of fObjlen is incorrect (-972099343) ; trying to recover by setting it to zero
Error in <TBasket::Streamer>: The value of fNbytes is incorrect (-2133893040) ; trying to recover by setting it to zero
Error in <TBasket::Streamer>: The value of fKeylen is incorrect (-25733) ; trying to recover by setting it to zero
Error in <TBasket::Streamer>: The value of fObjlen is incorrect (-972099343) ; trying to recover by setting it to zero
Error in <TBasket::Streamer>: The value of fNbytes is incorrect (-2133893040) ; trying to recover by setting it to zero
Error in <TBasket::Streamer>: The value of fKeylen is incorrect (-25733) ; trying to recover by setting it to zero
Error in <TBasket::Streamer>: The value of fObjlen is incorrect (-972099343) ; trying to recover by setting it to zero
Error in <TBasket::Streamer>: The value of fNbytes is incorrect (-2133893040) ; trying to recover by setting it to zero
Error in <TBasket::Streamer>: The value of fKeylen is incorrect (-25733) ; trying to recover by setting it to zero
Error in <TBasket::Streamer>: The value of fObjlen is incorrect (-972099343) ; trying to recover by setting it to zero
Error in <TBasket::Streamer>: The value of fNbytes is incorrect (-2133893040) ; trying to recover by setting it to zero
Error in <TBasket::Streamer>: The value of fKeylen is incorrect (-25733) ; trying to recover by setting it to zero
Error in <TBasket::Streamer>: The value of fObjlen is incorrect (-972099343) ; trying to recover by setting it to zero
Error in <TBasket::Streamer>: The value of fNbytes is incorrect (-2133893040) ; trying to recover by setting it to zero
Error in <TBasket::Streamer>: The value of fKeylen is incorrect (-25733) ; trying to recover by setting it to zero
Error in <TBasket::Streamer>: The value of fObjlen is incorrect (-972099343) ; trying to recover by setting it to zero
Error in <TBasket::Streamer>: The value of fNbytes is incorrect (-2133893040) ; trying to recover by setting it to zero
Error in <TBasket::Streamer>: The value of fKeylen is incorrect (-25733) ; trying to recover by setting it to zero
Error in <TBasket::Streamer>: The value of fObjlen is incorrect (-972099343) ; trying to recover by setting it to zero
Error in <TBasket::Streamer>: The value of fNbytes is incorrect (-2133893040) ; trying to recover by setting it to zero
Error in <TBasket::Streamer>: The value of fKeylen is incorrect (-25733) ; trying to recover by setting it to zero
Error in <TBasket::Streamer>: The value of fObjlen is incorrect (-972099343) ; trying to recover by setting it to zero
Error in <TBasket::Streamer>: The value of fNbytes is incorrect (-2133893040) ; trying to recover by setting it to zero
Error in <TBasket::Streamer>: The value of fKeylen is incorrect (-25733) ; trying to recover by setting it to zero
Error in <TBasket::Streamer>: The value of fObjlen is incorrect (-972099343) ; trying to recover by setting it to zero
Error in <TBasket::Streamer>: The value of fNbytes is incorrect (-2133893040) ; trying to recover by setting it to zero
Error in <TBasket::Streamer>: The value of fKeylen is incorrect (-25733) ; trying to recover by setting it to zero
Error in <TBasket::Streamer>: The value of fObjlen is incorrect (-972099343) ; trying to recover by setting it to zero
Error in <TBasket::Streamer>: The value of fNbytes is incorrect (-2133893040) ; trying to recover by setting it to zero
Error in <TBasket::Streamer>: The value of fKeylen is incorrect (-25733) ; trying to recover by setting it to zero
Error in <TBasket::Streamer>: The value of fObjlen is incorrect (-972099343) ; trying to recover by setting it to zero
Error in <TBasket::Streamer>: The value of fNbytes is incorrect (-2133893040) ; trying to recover by setting it to zero
Error in <TBasket::Streamer>: The value of fKeylen is incorrect (-25733) ; trying to recover by setting it to zero
Error in <TBasket::Streamer>: The value of fObjlen is incorrect (-972099343) ; trying to recover by setting it to zero
Error in <TBasket::Streamer>: The value of fNbytes is incorrect (-2133893040) ; trying to recover by setting it to zero
Error in <TBasket::Streamer>: The value of fKeylen is incorrect (-25733) ; trying to recover by setting it to zero
Error in <TBasket::Streamer>: The value of fObjlen is incorrect (-972099343) ; trying to recover by setting it to zero
Error in <TBasket::Streamer>: The value of fNbytes is incorrect (-2133893040) ; trying to recover by setting it to zero
Error in <TBasket::Streamer>: The value of fKeylen is incorrect (-25733) ; trying to recover by setting it to zero
Error in <TBasket::Streamer>: The value of fObjlen is incorrect (-972099343) ; trying to recover by setting it to zero
Error in <TBasket::Streamer>: The value of fNbytes is incorrect (-2133893040) ; trying to recover by setting it to zero
Error in <TBasket::Streamer>: The value of fKeylen is incorrect (-25733) ; trying to recover by setting it to zero
Error in <TBasket::Streamer>: The value of fObjlen is incorrect (-972099343) ; trying to recover by setting it to zero
Error in <TBasket::Streamer>: The value of fNbytes is incorrect (-2133893040) ; trying to recover by setting it to zero
Error in <TBasket::Streamer>: The value of fKeylen is incorrect (-25733) ; trying to recover by setting it to zero
Error in <TBasket::Streamer>: The value of fObjlen is incorrect (-972099343) ; trying to recover by setting it to zero
Error in <TBasket::Streamer>: The value of fNbytes is incorrect (-2133893040) ; trying to recover by setting it to zero
Error in <TBasket::Streamer>: The value of fKeylen is incorrect (-25733) ; trying to recover by setting it to zero
Error in <TBasket::Streamer>: The value of fObjlen is incorrect (-972099343) ; trying to recover by setting it to zero
Error in <TBasket::Streamer>: The value of fNbytes is incorrect (-2133893040) ; trying to recover by setting it to zero
Error in <TBasket::Streamer>: The value of fKeylen is incorrect (-25733) ; trying to recover by setting it to zero
Error in <TBasket::Streamer>: The value of fObjlen is incorrect (-972099343) ; trying to recover by setting it to zero
Error in <TBasket::Streamer>: The value of fNbytes is incorrect (-2133893040) ; trying to recover by setting it to zero
Error in <TBasket::Streamer>: The value of fKeylen is incorrect (-25733) ; trying to recover by setting it to zero
Error in <TBasket::Streamer>: The value of fObjlen is incorrect (-972099343) ; trying to recover by setting it to zero
Error in <TBasket::Streamer>: The value of fNbytes is incorrect (-2133893040) ; trying to recover by setting it to zero
Error in <TBasket::Streamer>: The value of fKeylen is incorrect (-25733) ; trying to recover by setting it to zero
Error in <TBasket::Streamer>: The value of fObjlen is incorrect (-972099343) ; trying to recover by setting it to zero
Error in <TBasket::Streamer>: The value of fNbytes is incorrect (-2133893040) ; trying to recover by setting it to zero
Error in <TBasket::Streamer>: The value of fKeylen is incorrect (-25733) ; trying to recover by setting it to zero
Error in <TBasket::Streamer>: The value of fObjlen is incorrect (-972099343) ; trying to recover by setting it to zero
Error in <TBasket::Streamer>: The value of fNbytes is incorrect (-2133893040) ; trying to recover by setting it to zero
Error in <TBasket::Streamer>: The value of fKeylen is incorrect (-25733) ; trying to recover by setting it to zero
Error in <TBasket::Streamer>: The value of fObjlen is incorrect (-972099343) ; trying to recover by setting it to zero
Error in <TBasket::Streamer>: The value of fNbytes is incorrect (-2133893040) ; trying to recover by setting it to zero
Error in <TBasket::Streamer>: The value of fKeylen is incorrect (-25733) ; trying to recover by setting it to zero
Error in <TBasket::Streamer>: The value of fObjlen is incorrect (-972099343) ; trying to recover by setting it to zero
Error in <TBasket::Streamer>: The value of fNbytes is incorrect (-2133893040) ; trying to recover by setting it to zero
Error in <TBasket::Streamer>: The value of fKeylen is incorrect (-25733) ; trying to recover by setting it to zero
Error in <TBasket::Streamer>: The value of fObjlen is incorrect (-972099343) ; trying to recover by setting it to zero
Error in <TBasket::Streamer>: The value of fNbytes is incorrect (-2133893040) ; trying to recover by setting it to zero
Error in <TBasket::Streamer>: The value of fKeylen is incorrect (-25733) ; trying to recover by setting it to zero
Error in <TBasket::Streamer>: The value of fObjlen is incorrect (-972099343) ; trying to recover by setting it to zero
Error in <TBasket::Streamer>: The value of fNbytes is incorrect (-2133893040) ; trying to recover by setting it to zero
Error in <TBasket::Streamer>: The value of fKeylen is incorrect (-25733) ; trying to recover by setting it to zero
Error in <TBasket::Streamer>: The value of fObjlen is incorrect (-972099343) ; trying to recover by setting it to zero
Error in <TBasket::Streamer>: The value of fNbytes is incorrect (-2133893040) ; trying to recover by setting it to zero
Error in <TBasket::Streamer>: The value of fKeylen is incorrect (-25733) ; trying to recover by setting it to zero
Error in <TBasket::Streamer>: The value of fObjlen is incorrect (-972099343) ; trying to recover by setting it to zero
Error in <TBasket::Streamer>: The value of fNbytes is incorrect (-2133893040) ; trying to recover by setting it to zero
Error in <TBasket::Streamer>: The value of fKeylen is incorrect (-25733) ; trying to recover by setting it to zero
Error in <TBasket::Streamer>: The value of fObjlen is incorrect (-972099343) ; trying to recover by setting it to zero
Error in <TBasket::Streamer>: The value of fNbytes is incorrect (-2133893040) ; trying to recover by setting it to zero
Error in <TBasket::Streamer>: The value of fKeylen is incorrect (-25733) ; trying to recover by setting it to zero
Error in <TBasket::Streamer>: The value of fObjlen is incorrect (-972099343) ; trying to recover by setting it to zero
Error in <TBasket::Streamer>: The value of fNbytes is incorrect (-2133893040) ; trying to recover by setting it to zero
Error in <TBasket::Streamer>: The value of fKeylen is incorrect (-25733) ; trying to recover by setting it to zero
Error in <TBasket::Streamer>: The value of fObjlen is incorrect (-972099343) ; trying to recover by setting it to zero
Error in <TBasket::Streamer>: The value of fNbytes is incorrect (-2133893040) ; trying to recover by setting it to zero
Error in <TBasket::Streamer>: The value of fKeylen is incorrect (-25733) ; trying to recover by setting it to zero
Error in <TBasket::Streamer>: The value of fObjlen is incorrect (-972099343) ; trying to recover by setting it to zero
Error in <TBasket::Streamer>: The value of fNbytes is incorrect (-2133893040) ; trying to recover by setting it to zero
Error in <TBasket::Streamer>: The value of fKeylen is incorrect (-25733) ; trying to recover by setting it to zero
Error in <TBasket::Streamer>: The value of fObjlen is incorrect (-972099343) ; trying to recover by setting it to zero
Error in <TBasket::Streamer>: The value of fNbytes is incorrect (-2133893040) ; trying to recover by setting it to zero
Error in <TBasket::Streamer>: The value of fKeylen is incorrect (-25733) ; trying to recover by setting it to zero
Error in <TBasket::Streamer>: The value of fObjlen is incorrect (-972099343) ; trying to recover by setting it to zero
Error in <TBasket::Streamer>: The value of fNbytes is incorrect (-2133893040) ; trying to recover by setting it to zero
Error in <TBasket::Streamer>: The value of fKeylen is incorrect (-25733) ; trying to recover by setting it to zero
Error in <TBasket::Streamer>: The value of fObjlen is incorrect (-972099343) ; trying to recover by setting it to zero
Error in <TBasket::Streamer>: The value of fNbytes is incorrect (-2133893040) ; trying to recover by setting it to zero
Error in <TBasket::Streamer>: The value of fKeylen is incorrect (-25733) ; trying to recover by setting it to zero
Error in <TBasket::Streamer>: The value of fObjlen is incorrect (-972099343) ; trying to recover by setting it to zero
Error in <TBasket::Streamer>: The value of fNbytes is incorrect (-2133893040) ; trying to recover by setting it to zero
Error in <TBasket::Streamer>: The value of fKeylen is incorrect (-25733) ; trying to recover by setting it to zero
Error in <TBasket::Streamer>: The value of fObjlen is incorrect (-972099343) ; trying to recover by setting it to zero
Error in <TBasket::Streamer>: The value of fNbytes is incorrect (-2133893040) ; trying to recover by setting it to zero
Error in <TBasket::Streamer>: The value of fKeylen is incorrect (-25733) ; trying to recover by setting it to zero
Error in <TBasket::Streamer>: The value of fObjlen is incorrect (-972099343) ; trying to recover by setting it to zero
Error in <TBasket::Streamer>: The value of fNbytes is incorrect (-2133893040) ; trying to recover by setting it to zero
Error in <TBasket::Streamer>: The value of fKeylen is incorrect (-25733) ; trying to recover by setting it to zero
Error in <TBasket::Streamer>: The value of fObjlen is incorrect (-972099343) ; trying to recover by setting it to zero
Error in <TBasket::Streamer>: The value of fNbytes is incorrect (-2133893040) ; trying to recover by setting it to zero
Error in <TBasket::Streamer>: The value of fKeylen is incorrect (-25733) ; trying to recover by setting it to zero
Error in <TBasket::Streamer>: The value of fObjlen is incorrect (-972099343) ; trying to recover by setting it to zero
Error in <TBasket::Streamer>: The value of fNbytes is incorrect (-2133893040) ; trying to recover by setting it to zero
Error in <TBasket::Streamer>: The value of fKeylen is incorrect (-25733) ; trying to recover by setting it to zero
Error in <TBasket::Streamer>: The value of fObjlen is incorrect (-972099343) ; trying to recover by setting it to zero
Error in <TBasket::Streamer>: The value of fNbytes is incorrect (-2133893040) ; trying to recover by setting it to zero
Error in <TBasket::Streamer>: The value of fKeylen is incorrect (-25733) ; trying to recover by setting it to zero
Error in <TBasket::Streamer>: The value of fObjlen is incorrect (-972099343) ; trying to recover by setting it to zero
Error in <TBasket::Streamer>: The value of fNbytes is incorrect (-2133893040) ; trying to recover by setting it to zero
Error in <TBasket::Streamer>: The value of fKeylen is incorrect (-25733) ; trying to recover by setting it to zero
Error in <TBasket::Streamer>: The value of fObjlen is incorrect (-972099343) ; trying to recover by setting it to zero
Error in <TBasket::Streamer>: The value of fNbytes is incorrect (-2133893040) ; trying to recover by setting it to zero
Error in <TBasket::Streamer>: The value of fKeylen is incorrect (-25733) ; trying to recover by setting it to zero
Error in <TBasket::Streamer>: The value of fObjlen is incorrect (-972099343) ; trying to recover by setting it to zero
Error in <TBasket::Streamer>: The value of fNbytes is incorrect (-2133893040) ; trying to recover by setting it to zero
Error in <TBasket::Streamer>: The value of fKeylen is incorrect (-25733) ; trying to recover by setting it to zero
Error in <TBasket::Streamer>: The value of fObjlen is incorrect (-972099343) ; trying to recover by setting it to zero
Error in <TBasket::Streamer>: The value of fNbytes is incorrect (-2133893040) ; trying to recover by setting it to zero
Error in <TBasket::Streamer>: The value of fKeylen is incorrect (-25733) ; trying to recover by setting it to zero
Error in <TBasket::Streamer>: The value of fObjlen is incorrect (-972099343) ; trying to recover by setting it to zero
Error in <TBasket::Streamer>: The value of fNbytes is incorrect (-2133893040) ; trying to recover by setting it to zero
Error in <TBasket::Streamer>: The value of fKeylen is incorrect (-25733) ; trying to recover by setting it to zero
Error in <TBasket::Streamer>: The value of fObjlen is incorrect (-972099343) ; trying to recover by setting it to zero
Error in <TBasket::Streamer>: The value of fNbytes is incorrect (-2133893040) ; trying to recover by setting it to zero
Error in <TBasket::Streamer>: The value of fKeylen is incorrect (-25733) ; trying to recover by setting it to zero
Error in <TBasket::Streamer>: The value of fObjlen is incorrect (-972099343) ; trying to recover by setting it to zero
Error in <TBasket::Streamer>: The value of fNbytes is incorrect (-2133893040) ; trying to recover by setting it to zero
Error in <TBasket::Streamer>: The value of fKeylen is incorrect (-25733) ; trying to recover by setting it to zero
Error in <TBasket::Streamer>: The value of fObjlen is incorrect (-972099343) ; trying to recover by setting it to zero
Error in <TBasket::Streamer>: The value of fNbytes is incorrect (-2133893040) ; trying to recover by setting it to zero
Error in <TBasket::Streamer>: The value of fKeylen is incorrect (-25733) ; trying to recover by setting it to zero
Error in <TBasket::Streamer>: The value of fObjlen is incorrect (-972099343) ; trying to recover by setting it to zero
Error in <TBasket::Streamer>: The value of fNbytes is incorrect (-2133893040) ; trying to recover by setting it to zero
Error in <TBasket::Streamer>: The value of fKeylen is incorrect (-26666) ; trying to recover by setting it to zero
Error in <TBasket::Streamer>: The value of fKeylen is incorrect (-26666) ; trying to recover by setting it to zero
Error in <TBasket::Streamer>: The value of fKeylen is incorrect (-26666) ; trying to recover by setting it to zero
Error in <TBasket::Streamer>: The value of fKeylen is incorrect (-26666) ; trying to recover by setting it to zero
Error in <TBasket::Streamer>: The value of fKeylen is incorrect (-26666) ; trying to recover by setting it to zero
Error in <TBasket::Streamer>: The value of fKeylen is incorrect (-26666) ; trying to recover by setting it to zero
Error in <TBasket::Streamer>: The value of fKeylen is incorrect (-26666) ; trying to recover by setting it to zero
Error in <TBasket::Streamer>: The value of fKeylen is incorrect (-26666) ; trying to recover by setting it to zero
Error in <TBasket::Streamer>: The value of fKeylen is incorrect (-26666) ; trying to recover by setting it to zero
Error in <TBasket::Streamer>: The value of fKeylen is incorrect (-26666) ; trying to recover by setting it to zero
Error in <TBasket::Streamer>: The value of fKeylen is incorrect (-26666) ; trying to recover by setting it to zero
Error in <TBasket::Streamer>: The value of fKeylen is incorrect (-26666) ; trying to recover by setting it to zero
Error in <TBasket::Streamer>: The value of fKeylen is incorrect (-26666) ; trying to recover by setting it to zero
Error in <TBasket::Streamer>: The value of fKeylen is incorrect (-26666) ; trying to recover by setting it to zero
Error in <TBasket::Streamer>: The value of fKeylen is incorrect (-26666) ; trying to recover by setting it to zero
Error in <TBasket::Streamer>: The value of fKeylen is incorrect (-26666) ; trying to recover by setting it to zero
Error in <TBasket::Streamer>: The value of fKeylen is incorrect (-26666) ; trying to recover by setting it to zero
Error in <TBasket::Streamer>: The value of fKeylen is incorrect (-26666) ; trying to recover by setting it to zero
Error in <TBasket::Streamer>: The value of fKeylen is incorrect (-26666) ; trying to recover by setting it to zero
Error in <TBasket::Streamer>: The value of fKeylen is incorrect (-26666) ; trying to recover by setting it to zero
Error in <TBasket::Streamer>: The value of fKeylen is incorrect (-26666) ; trying to recover by setting it to zero
Error in <TBasket::Streamer>: The value of fKeylen is incorrect (-26666) ; trying to recover by setting it to zero
Error in <TBasket::Streamer>: The value of fKeylen is incorrect (-26666) ; trying to recover by setting it to zero
Error in <TBasket::Streamer>: The value of fKeylen is incorrect (-26666) ; trying to recover by setting it to zero
Error in <TBasket::Streamer>: The value of fKeylen is incorrect (-26666) ; trying to recover by setting it to zero
Error in <TBasket::Streamer>: The value of fKeylen is incorrect (-26666) ; trying to recover by setting it to zero
Error in <TBasket::Streamer>: The value of fKeylen is incorrect (-26666) ; trying to recover by setting it to zero
Error in <TBasket::Streamer>: The value of fKeylen is incorrect (-26666) ; trying to recover by setting it to zero
Error in <TBasket::Streamer>: The value of fKeylen is incorrect (-26666) ; trying to recover by setting it to zero
Error in <TBasket::Streamer>: The value of fKeylen is incorrect (-26666) ; trying to recover by setting it to zero
Error in <TBasket::Streamer>: The value of fKeylen is incorrect (-26666) ; trying to recover by setting it to zero
Error in <TBasket::Streamer>: The value of fKeylen is incorrect (-26666) ; trying to recover by setting it to zero
Error in <TBasket::Streamer>: The value of fKeylen is incorrect (-26666) ; trying to recover by setting it to zero
Error in <TBasket::Streamer>: The value of fKeylen is incorrect (-26666) ; trying to recover by setting it to zero
Error in <TBasket::Streamer>: The value of fKeylen is incorrect (-26666) ; trying to recover by setting it to zero
Error in <TBasket::Streamer>: The value of fKeylen is incorrect (-26666) ; trying to recover by setting it to zero
Error in <TBasket::Streamer>: The value of fKeylen is incorrect (-26666) ; trying to recover by setting it to zero
Error in <TBasket::Streamer>: The value of fKeylen is incorrect (-26666) ; trying to recover by setting it to zero
Error in <TBasket::Streamer>: The value of fKeylen is incorrect (-26666) ; trying to recover by setting it to zero
Error in <TBasket::Streamer>: The value of fKeylen is incorrect (-26666) ; trying to recover by setting it to zero
Error in <TBasket::Streamer>: The value of fKeylen is incorrect (-26666) ; trying to recover by setting it to zero
Error in <TBasket::Streamer>: The value of fKeylen is incorrect (-26666) ; trying to recover by setting it to zero
Error in <TBasket::Streamer>: The value of fKeylen is incorrect (-26666) ; trying to recover by setting it to zero
Error in <TBasket::Streamer>: The value of fKeylen is incorrect (-26666) ; trying to recover by setting it to zero
Error in <TBasket::Streamer>: The value of fKeylen is incorrect (-26666) ; trying to recover by setting it to zero
Error in <TBasket::Streamer>: The value of fKeylen is incorrect (-26666) ; trying to recover by setting it to zero
Error in <TBasket::Streamer>: The value of fKeylen is incorrect (-26666) ; trying to recover by setting it to zero
Error in <TBasket::Streamer>: The value of fKeylen is incorrect (-26666) ; trying to recover by setting it to zero
Error in <TBasket::Streamer>: The value of fKeylen is incorrect (-26666) ; trying to recover by setting it to zero
Error in <TBasket::Streamer>: The value of fKeylen is incorrect (-26666) ; trying to recover by setting it to zero
Error in <TBasket::Streamer>: The value of fKeylen is incorrect (-26666) ; trying to recover by setting it to zero
Error in <TBasket::Streamer>: The value of fKeylen is incorrect (-26666) ; trying to recover by setting it to zero
Error in <TBasket::Streamer>: The value of fKeylen is incorrect (-26666) ; trying to recover by setting it to zero
Error in <TBasket::Streamer>: The value of fKeylen is incorrect (-26666) ; trying to recover by setting it to zero
Error in <TBasket::Streamer>: The value of fKeylen is incorrect (-26666) ; trying to recover by setting it to zero
Error in <TBasket::Streamer>: The value of fKeylen is incorrect (-26666) ; trying to recover by setting it to zero
Error in <TBasket::Streamer>: The value of fKeylen is incorrect (-26666) ; trying to recover by setting it to zero
Error in <TBasket::Streamer>: The value of fKeylen is incorrect (-26666) ; trying to recover by setting it to zero
Error in <TBasket::Streamer>: The value of fKeylen is incorrect (-26666) ; trying to recover by setting it to zero
Error in <TBasket::Streamer>: The value of fKeylen is incorrect (-26666) ; trying to recover by setting it to zero
Error in <TBasket::Streamer>: The value of fKeylen is incorrect (-26666) ; trying to recover by setting it to zero
Error in <TBasket::Streamer>: The value of fKeylen is incorrect (-26666) ; trying to recover by setting it to zero
Error in <TBasket::Streamer>: The value of fKeylen is incorrect (-26666) ; trying to recover by setting it to zero
Error in <TBasket::Streamer>: The value of fKeylen is incorrect (-26666) ; trying to recover by setting it to zero
Error in <TBasket::Streamer>: The value of fKeylen is incorrect (-26666) ; trying to recover by setting it to zero
Error in <TBasket::Streamer>: The value of fKeylen is incorrect (-26666) ; trying to recover by setting it to zero
Error in <TBasket::Streamer>: The value of fKeylen is incorrect (-26666) ; trying to recover by setting it to zero
Error in <TBasket::Streamer>: The value of fKeylen is incorrect (-26666) ; trying to recover by setting it to zero
Error in <TBasket::Streamer>: The value of fKeylen is incorrect (-26666) ; trying to recover by setting it to zero
Error in <TBasket::Streamer>: The value of fKeylen is incorrect (-26666) ; trying to recover by setting it to zero
Error in <TBasket::Streamer>: The value of fKeylen is incorrect (-26666) ; trying to recover by setting it to zero
Error in <TBasket::Streamer>: The value of fKeylen is incorrect (-26666) ; trying to recover by setting it to zero
Error in <TBasket::Streamer>: The value of fKeylen is incorrect (-26666) ; trying to recover by setting it to zero
Error in <TBasket::Streamer>: The value of fKeylen is incorrect (-26666) ; trying to recover by setting it to zero
Error in <TBasket::Streamer>: The value of fKeylen is incorrect (-26666) ; trying to recover by setting it to zero
Error in <TBasket::Streamer>: The value of fKeylen is incorrect (-26666) ; trying to recover by setting it to zero
Error in <TBasket::Streamer>: The value of fKeylen is incorrect (-26666) ; trying to recover by setting it to zero
Error in <TBasket::Streamer>: The value of fKeylen is incorrect (-26666) ; trying to recover by setting it to zero
Error in <TBasket::Streamer>: The value of fKeylen is incorrect (-26666) ; trying to recover by setting it to zero
Error in <TBasket::Streamer>: The value of fKeylen is incorrect (-26666) ; trying to recover by setting it to zero
Error in <TBasket::Streamer>: The value of fKeylen is incorrect (-26666) ; trying to recover by setting it to zero
Error in <TBasket::Streamer>: The value of fKeylen is incorrect (-26666) ; trying to recover by setting it to zero
Error in <TBasket::Streamer>: The value of fKeylen is incorrect (-26666) ; trying to recover by setting it to zero
Error in <TBasket::Streamer>: The value of fKeylen is incorrect (-26666) ; trying to recover by setting it to zero
Error in <TBasket::Streamer>: The value of fKeylen is incorrect (-26666) ; trying to recover by setting it to zero
Error in <TBasket::Streamer>: The value of fKeylen is incorrect (-26666) ; trying to recover by setting it to zero
Error in <TBasket::Streamer>: The value of fKeylen is incorrect (-26666) ; trying to recover by setting it to zero
Error in <TBasket::Streamer>: The value of fKeylen is incorrect (-26666) ; trying to recover by setting it to zero
Error in <TBasket::Streamer>: The value of fKeylen is incorrect (-26666) ; trying to recover by setting it to zero
Error in <TBasket::Streamer>: The value of fKeylen is incorrect (-26666) ; trying to recover by setting it to zero
Error in <TBasket::Streamer>: The value of fKeylen is incorrect (-26666) ; trying to recover by setting it to zero
Error in <TBasket::Streamer>: The value of fKeylen is incorrect (-26666) ; trying to recover by setting it to zero
Error in <TBasket::Streamer>: The value of fKeylen is incorrect (-26666) ; trying to recover by setting it to zero
Error in <TBasket::Streamer>: The value of fKeylen is incorrect (-26666) ; trying to recover by setting it to zero
Error in <TBasket::Streamer>: The value of fKeylen is incorrect (-26666) ; trying to recover by setting it to zero
Error in <TBasket::Streamer>: The value of fKeylen is incorrect (-26666) ; trying to recover by setting it to zero
Error in <TBasket::Streamer>: The value of fKeylen is incorrect (-26666) ; trying to recover by setting it to zero
Error in <TBasket::Streamer>: The value of fKeylen is incorrect (-26666) ; trying to recover by setting it to zero
Error in <TBasket::Streamer>: The value of fKeylen is incorrect (-26666) ; trying to recover by setting it to zero
Error in <TBasket::Streamer>: The value of fKeylen is incorrect (-26666) ; trying to recover by setting it to zero
Error in <TBasket::Streamer>: The value of fKeylen is incorrect (-26666) ; trying to recover by setting it to zero
Error in <TBasket::Streamer>: The value of fKeylen is incorrect (-26666) ; trying to recover by setting it to zero
Error in <TBasket::Streamer>: The value of fKeylen is incorrect (-26666) ; trying to recover by setting it to zero
Error in <TBasket::Streamer>: The value of fKeylen is incorrect (-26666) ; trying to recover by setting it to zero
Error in <TBasket::Streamer>: The value of fKeylen is incorrect (-26666) ; trying to recover by setting it to zero
Error in <TBasket::Streamer>: The value of fKeylen is incorrect (-26666) ; trying to recover by setting it to zero
Error in <TBasket::Streamer>: The value of fKeylen is incorrect (-26666) ; trying to recover by setting it to zero
Error in <TBasket::Streamer>: The value of fKeylen is incorrect (-26666) ; trying to recover by setting it to zero
Error in <TBasket::Streamer>: The value of fKeylen is incorrect (-26666) ; trying to recover by setting it to zero
Error in <TBasket::Streamer>: The value of fKeylen is incorrect (-26666) ; trying to recover by setting it to zero
Error in <TBasket::Streamer>: The value of fKeylen is incorrect (-26666) ; trying to recover by setting it to zero
Error in <TBasket::Streamer>: The value of fKeylen is incorrect (-26666) ; trying to recover by setting it to zero
Error in <TBasket::Streamer>: The value of fKeylen is incorrect (-26666) ; trying to recover by setting it to zero
Error in <TBasket::Streamer>: The value of fKeylen is incorrect (-26666) ; trying to recover by setting it to zero
Error in <TBasket::Streamer>: The value of fKeylen is incorrect (-26666) ; trying to recover by setting it to zero
Error in <TBasket::Streamer>: The value of fKeylen is incorrect (-26666) ; trying to recover by setting it to zero
Error in <TBasket::Streamer>: The value of fKeylen is incorrect (-26666) ; trying to recover by setting it to zero
Error in <TBasket::Streamer>: The value of fKeylen is incorrect (-26666) ; trying to recover by setting it to zero
Error in <TBasket::Streamer>: The value of fKeylen is incorrect (-26666) ; trying to recover by setting it to zero
Error in <TBasket::Streamer>: The value of fKeylen is incorrect (-26666) ; trying to recover by setting it to zero
Error in <TBasket::Streamer>: The value of fKeylen is incorrect (-26666) ; trying to recover by setting it to zero
Error in <TBasket::Streamer>: The value of fKeylen is incorrect (-26666) ; trying to recover by setting it to zero
Error in <TBasket::Streamer>: The value of fKeylen is incorrect (-26666) ; trying to recover by setting it to zero
Error in <TBasket::Streamer>: The value of fKeylen is incorrect (-26666) ; trying to recover by setting it to zero
Error in <TBasket::Streamer>: The value of fKeylen is incorrect (-26666) ; trying to recover by setting it to zero
Error in <TBasket::Streamer>: The value of fKeylen is incorrect (-26666) ; trying to recover by setting it to zero
Error in <TBasket::Streamer>: The value of fKeylen is incorrect (-26666) ; trying to recover by setting it to zero
Error in <TBasket::Streamer>: The value of fKeylen is incorrect (-26666) ; trying to recover by setting it to zero
Error in <TBasket::Streamer>: The value of fKeylen is incorrect (-26666) ; trying to recover by setting it to zero
Error in <TBasket::Streamer>: The value of fKeylen is incorrect (-26666) ; trying to recover by setting it to zero
Error in <TBasket::Streamer>: The value of fKeylen is incorrect (-26666) ; trying to recover by setting it to zero
Error in <TBasket::Streamer>: The value of fKeylen is incorrect (-26666) ; trying to recover by setting it to zero
Error in <TBasket::Streamer>: The value of fKeylen is incorrect (-26666) ; trying to recover by setting it to zero
Error in <TBasket::Streamer>: The value of fKeylen is incorrect (-26666) ; trying to recover by setting it to zero
Error in <TBasket::Streamer>: The value of fKeylen is incorrect (-26666) ; trying to recover by setting it to zero
Error in <TBasket::Streamer>: The value of fKeylen is incorrect (-26666) ; trying to recover by setting it to zero
Error in <TBasket::Streamer>: The value of fKeylen is incorrect (-26666) ; trying to recover by setting it to zero
Error in <TBasket::Streamer>: The value of fKeylen is incorrect (-26666) ; trying to recover by setting it to zero
Error in <TBasket::Streamer>: The value of fKeylen is incorrect (-26666) ; trying to recover by setting it to zero
Error in <TBasket::Streamer>: The value of fKeylen is incorrect (-26666) ; trying to recover by setting it to zero
Error in <TBasket::Streamer>: The value of fKeylen is incorrect (-26666) ; trying to recover by setting it to zero
Error in <TBasket::Streamer>: The value of fKeylen is incorrect (-26666) ; trying to recover by setting it to zero
Error in <TBasket::Streamer>: The value of fKeylen is incorrect (-26666) ; trying to recover by setting it to zero
Error in <TBasket::Streamer>: The value of fKeylen is incorrect (-26666) ; trying to recover by setting it to zero
Error in <TBasket::Streamer>: The value of fKeylen is incorrect (-26666) ; trying to recover by setting it to zero
Error in <TBasket::Streamer>: The value of fKeylen is incorrect (-26666) ; trying to recover by setting it to zero
Error in <TBasket::Streamer>: The value of fKeylen is incorrect (-26666) ; trying to recover by setting it to zero
Error in <TBasket::Streamer>: The value of fKeylen is incorrect (-26666) ; trying to recover by setting it to zero
Error in <TBasket::Streamer>: The value of fKeylen is incorrect (-26666) ; trying to recover by setting it to zero
Error in <TBasket::Streamer>: The value of fKeylen is incorrect (-26666) ; trying to recover by setting it to zero
Error in <TBasket::Streamer>: The value of fKeylen is incorrect (-26666) ; trying to recover by setting it to zero
Error in <TBasket::Streamer>: The value of fKeylen is incorrect (-26666) ; trying to recover by setting it to zero
Error in <TBasket::Streamer>: The value of fKeylen is incorrect (-26666) ; trying to recover by setting it to zero
Error in <TBasket::Streamer>: The value of fKeylen is incorrect (-26666) ; trying to recover by setting it to zero
Error in <TBasket::Streamer>: The value of fKeylen is incorrect (-26666) ; trying to recover by setting it to zero
Error in <TBasket::Streamer>: The value of fKeylen is incorrect (-26666) ; trying to recover by setting it to zero
Error in <TBasket::Streamer>: The value of fKeylen is incorrect (-26666) ; trying to recover by setting it to zero
Error in <TBasket::Streamer>: The value of fKeylen is incorrect (-26666) ; trying to recover by setting it to zero
Error in <TBasket::Streamer>: The value of fKeylen is incorrect (-26666) ; trying to recover by setting it to zero
Error in <TBasket::Streamer>: The value of fKeylen is incorrect (-26666) ; trying to recover by setting it to zero
Error in <TBasket::Streamer>: The value of fKeylen is incorrect (-26666) ; trying to recover by setting it to zero
Error in <TBasket::Streamer>: The value of fKeylen is incorrect (-26666) ; trying to recover by setting it to zero
Error in <TBasket::Streamer>: The value of fKeylen is incorrect (-26666) ; trying to recover by setting it to zero
Error in <TBasket::Streamer>: The value of fKeylen is incorrect (-26666) ; trying to recover by setting it to zero
Error in <TBasket::Streamer>: The value of fKeylen is incorrect (-26666) ; trying to recover by setting it to zero
Error in <TBasket::Streamer>: The value of fKeylen is incorrect (-26666) ; trying to recover by setting it to zero
Error in <TBasket::Streamer>: The value of fKeylen is incorrect (-26666) ; trying to recover by setting it to zero
Error in <TBasket::Streamer>: The value of fKeylen is incorrect (-26666) ; trying to recover by setting it to zero
Error in <TBasket::Streamer>: The value of fKeylen is incorrect (-26666) ; trying to recover by setting it to zero
Error in <TBasket::Streamer>: The value of fKeylen is incorrect (-26666) ; trying to recover by setting it to zero
Error in <TBasket::Streamer>: The value of fKeylen is incorrect (-26666) ; trying to recover by setting it to zero
Error in <TBasket::Streamer>: The value of fKeylen is incorrect (-26666) ; trying to recover by setting it to zero
Error in <TBasket::Streamer>: The value of fKeylen is incorrect (-26666) ; trying to recover by setting it to zero
Error in <TBasket::Streamer>: The value of fKeylen is incorrect (-26666) ; trying to recover by setting it to zero
Error in <TBasket::Streamer>: The value of fKeylen is incorrect (-26666) ; trying to recover by setting it to zero
Error in <TBasket::Streamer>: The value of fKeylen is incorrect (-26666) ; trying to recover by setting it to zero
Error in <TBasket::Streamer>: The value of fKeylen is incorrect (-26666) ; trying to recover by setting it to zero
Error in <TBasket::Streamer>: The value of fKeylen is incorrect (-26666) ; trying to recover by setting it to zero
Error in <TBasket::Streamer>: The value of fKeylen is incorrect (-26666) ; trying to recover by setting it to zero
Error in <TBasket::Streamer>: The value of fKeylen is incorrect (-26666) ; trying to recover by setting it to zero
[16MB/161.7MB][  9%][====>                                             ][8MB/s]  [80MB/161.7MB][ 49%][========================>                         ][6.154MB/s]  [96MB/161.7MB][ 59%][=============================>                    ][5.333MB/s]  [112MB/161.7MB][ 69%][==================================>               ][5.091MB/s]  [128MB/161.7MB][ 79%][=======================================>          ][5.12MB/s]  [144MB/161.7MB][ 89%][============================================>     ][5.143MB/s]  [160MB/161.7MB][ 98%][=================================================>][5.333MB/s]  [161.7MB/161.7MB][100%][==================================================][4.899MB/s]  [161.7MB/161.7MB][100%][==================================================][3.674MB/s]  
