WARNING: In non-interactive mode release checks e.g. deprecated releases, production architectures are disabled.
Error in <TBranch::GetBasket>: File: root://se01.indiacms.res.in//cms/store/user/idas/Output/cms-hcs-run2/Skim_NanoAOD/2018/Data_SingleEle_a_Skim_NanoAOD_10of35.root at byte:0, branch:Flag_ecalBadCalibFilterV2, entry:565470, badread=0, nerrors=1, basketnumber=30
Error in <TBranch::GetBasket>: File: root://se01.indiacms.res.in//cms/store/user/idas/Output/cms-hcs-run2/Skim_NanoAOD/2018/Data_SingleEle_a_Skim_NanoAOD_10of35.root at byte:0, branch:Flag_ecalBadCalibFilterV2, entry:565471, badread=0, nerrors=2, basketnumber=30
Error in <TBranch::GetBasket>: File: root://se01.indiacms.res.in//cms/store/user/idas/Output/cms-hcs-run2/Skim_NanoAOD/2018/Data_SingleEle_a_Skim_NanoAOD_10of35.root at byte:0, branch:Flag_ecalBadCalibFilterV2, entry:565472, badread=0, nerrors=3, basketnumber=30
Error in <TBranch::GetBasket>: File: root://se01.indiacms.res.in//cms/store/user/idas/Output/cms-hcs-run2/Skim_NanoAOD/2018/Data_SingleEle_a_Skim_NanoAOD_10of35.root at byte:0, branch:Flag_ecalBadCalibFilterV2, entry:565473, badread=0, nerrors=4, basketnumber=30
Error in <TBranch::GetBasket>: File: root://se01.indiacms.res.in//cms/store/user/idas/Output/cms-hcs-run2/Skim_NanoAOD/2018/Data_SingleEle_a_Skim_NanoAOD_10of35.root at byte:0, branch:Flag_ecalBadCalibFilterV2, entry:565474, badread=0, nerrors=5, basketnumber=30
Error in <TBranch::GetBasket>: File: root://se01.indiacms.res.in//cms/store/user/idas/Output/cms-hcs-run2/Skim_NanoAOD/2018/Data_SingleEle_a_Skim_NanoAOD_10of35.root at byte:0, branch:Flag_ecalBadCalibFilterV2, entry:565475, badread=0, nerrors=6, basketnumber=30
Error in <TBranch::GetBasket>: File: root://se01.indiacms.res.in//cms/store/user/idas/Output/cms-hcs-run2/Skim_NanoAOD/2018/Data_SingleEle_a_Skim_NanoAOD_10of35.root at byte:0, branch:Flag_ecalBadCalibFilterV2, entry:565476, badread=0, nerrors=7, basketnumber=30
Error in <TBranch::GetBasket>: File: root://se01.indiacms.res.in//cms/store/user/idas/Output/cms-hcs-run2/Skim_NanoAOD/2018/Data_SingleEle_a_Skim_NanoAOD_10of35.root at byte:0, branch:Flag_ecalBadCalibFilterV2, entry:565477, badread=0, nerrors=8, basketnumber=30
Error in <TBranch::GetBasket>: File: root://se01.indiacms.res.in//cms/store/user/idas/Output/cms-hcs-run2/Skim_NanoAOD/2018/Data_SingleEle_a_Skim_NanoAOD_10of35.root at byte:0, branch:Flag_ecalBadCalibFilterV2, entry:565478, badread=0, nerrors=9, basketnumber=30
Error in <TBranch::GetBasket>: File: root://se01.indiacms.res.in//cms/store/user/idas/Output/cms-hcs-run2/Skim_NanoAOD/2018/Data_SingleEle_a_Skim_NanoAOD_10of35.root at byte:0, branch:Flag_ecalBadCalibFilterV2, entry:565479, badread=0, nerrors=10, basketnumber=30
Error in <TBasket::Streamer>: The value of fNbytes is incorrect (-2137025998) ; trying to recover by setting it to zero

 *** Break *** segmentation violation



===========================================================
There was a crash.
This is the entire stack trace of all threads:
===========================================================

Thread 6 (Thread 0x2b6fcd51e700 (LWP 225)):
#0  0x00002b6fbee72d19 in syscall () from /lib64/libc.so.6
#1  0x00002b6fccac179e in XrdSys::LinuxSemaphore::Wait (this=0x3ea7ab0) at /build/cmsbld/auto-builds/CMSSW_10_2_0_pre6-slc7_amd64_gcc700/build/CMSSW_10_2_0_pre6-build/BUILD/slc7_amd64_gcc700/external/xrootd/4.8.3-gnimlf/xrootd-4.8.3/src/./XrdSys/XrdSysLinuxSemaphore.hh:161
#2  XrdCl::SyncQueue<XrdCl::JobManager::JobHelper>::Get (this=0x3ea4be8) at /build/cmsbld/auto-builds/CMSSW_10_2_0_pre6-slc7_amd64_gcc700/build/CMSSW_10_2_0_pre6-build/BUILD/slc7_amd64_gcc700/external/xrootd/4.8.3-gnimlf/xrootd-4.8.3/src/./XrdCl/XrdClSyncQueue.hh:67
#3  XrdCl::JobManager::RunJobs (this=0x3ea4bd0) at /build/cmsbld/auto-builds/CMSSW_10_2_0_pre6-slc7_amd64_gcc700/build/CMSSW_10_2_0_pre6-build/BUILD/slc7_amd64_gcc700/external/xrootd/4.8.3-gnimlf/xrootd-4.8.3/src/XrdCl/XrdClJobManager.cc:146
#4  0x00002b6fccac1989 in RunRunnerThread (arg=<optimized out>) at /build/cmsbld/auto-builds/CMSSW_10_2_0_pre6-slc7_amd64_gcc700/build/CMSSW_10_2_0_pre6-build/BUILD/slc7_amd64_gcc700/external/xrootd/4.8.3-gnimlf/xrootd-4.8.3/src/XrdCl/XrdClJobManager.cc:33
#5  0x00002b6fbeb65ea5 in start_thread () from /lib64/libpthread.so.0
#6  0x00002b6fbee789fd in clone () from /lib64/libc.so.6

Thread 5 (Thread 0x2b6fcd31d700 (LWP 224)):
#0  0x00002b6fbee72d19 in syscall () from /lib64/libc.so.6
#1  0x00002b6fccac179e in XrdSys::LinuxSemaphore::Wait (this=0x3ea7ab0) at /build/cmsbld/auto-builds/CMSSW_10_2_0_pre6-slc7_amd64_gcc700/build/CMSSW_10_2_0_pre6-build/BUILD/slc7_amd64_gcc700/external/xrootd/4.8.3-gnimlf/xrootd-4.8.3/src/./XrdSys/XrdSysLinuxSemaphore.hh:161
#2  XrdCl::SyncQueue<XrdCl::JobManager::JobHelper>::Get (this=0x3ea4be8) at /build/cmsbld/auto-builds/CMSSW_10_2_0_pre6-slc7_amd64_gcc700/build/CMSSW_10_2_0_pre6-build/BUILD/slc7_amd64_gcc700/external/xrootd/4.8.3-gnimlf/xrootd-4.8.3/src/./XrdCl/XrdClSyncQueue.hh:67
#3  XrdCl::JobManager::RunJobs (this=0x3ea4bd0) at /build/cmsbld/auto-builds/CMSSW_10_2_0_pre6-slc7_amd64_gcc700/build/CMSSW_10_2_0_pre6-build/BUILD/slc7_amd64_gcc700/external/xrootd/4.8.3-gnimlf/xrootd-4.8.3/src/XrdCl/XrdClJobManager.cc:146
#4  0x00002b6fccac1989 in RunRunnerThread (arg=<optimized out>) at /build/cmsbld/auto-builds/CMSSW_10_2_0_pre6-slc7_amd64_gcc700/build/CMSSW_10_2_0_pre6-build/BUILD/slc7_amd64_gcc700/external/xrootd/4.8.3-gnimlf/xrootd-4.8.3/src/XrdCl/XrdClJobManager.cc:33
#5  0x00002b6fbeb65ea5 in start_thread () from /lib64/libpthread.so.0
#6  0x00002b6fbee789fd in clone () from /lib64/libc.so.6

Thread 4 (Thread 0x2b6fcd11c700 (LWP 223)):
#0  0x00002b6fbee72d19 in syscall () from /lib64/libc.so.6
#1  0x00002b6fccac179e in XrdSys::LinuxSemaphore::Wait (this=0x3ea7ab0) at /build/cmsbld/auto-builds/CMSSW_10_2_0_pre6-slc7_amd64_gcc700/build/CMSSW_10_2_0_pre6-build/BUILD/slc7_amd64_gcc700/external/xrootd/4.8.3-gnimlf/xrootd-4.8.3/src/./XrdSys/XrdSysLinuxSemaphore.hh:161
#2  XrdCl::SyncQueue<XrdCl::JobManager::JobHelper>::Get (this=0x3ea4be8) at /build/cmsbld/auto-builds/CMSSW_10_2_0_pre6-slc7_amd64_gcc700/build/CMSSW_10_2_0_pre6-build/BUILD/slc7_amd64_gcc700/external/xrootd/4.8.3-gnimlf/xrootd-4.8.3/src/./XrdCl/XrdClSyncQueue.hh:67
#3  XrdCl::JobManager::RunJobs (this=0x3ea4bd0) at /build/cmsbld/auto-builds/CMSSW_10_2_0_pre6-slc7_amd64_gcc700/build/CMSSW_10_2_0_pre6-build/BUILD/slc7_amd64_gcc700/external/xrootd/4.8.3-gnimlf/xrootd-4.8.3/src/XrdCl/XrdClJobManager.cc:146
#4  0x00002b6fccac1989 in RunRunnerThread (arg=<optimized out>) at /build/cmsbld/auto-builds/CMSSW_10_2_0_pre6-slc7_amd64_gcc700/build/CMSSW_10_2_0_pre6-build/BUILD/slc7_amd64_gcc700/external/xrootd/4.8.3-gnimlf/xrootd-4.8.3/src/XrdCl/XrdClJobManager.cc:33
#5  0x00002b6fbeb65ea5 in start_thread () from /lib64/libpthread.so.0
#6  0x00002b6fbee789fd in clone () from /lib64/libc.so.6

Thread 3 (Thread 0x2b6fccf1b700 (LWP 222)):
#0  0x00002b6fbeb6ce9d in nanosleep () from /lib64/libpthread.so.0
#1  0x00002b6fcc8f9ded in XrdSysTimer::Wait (mills=<optimized out>) at /build/cmsbld/auto-builds/CMSSW_10_2_0_pre6-slc7_amd64_gcc700/build/CMSSW_10_2_0_pre6-build/BUILD/slc7_amd64_gcc700/external/xrootd/4.8.3-gnimlf/xrootd-4.8.3/src/XrdSys/XrdSysTimer.cc:239
#2  0x00002b6fcca65118 in XrdCl::TaskManager::RunTasks (this=0x3eb2190) at /build/cmsbld/auto-builds/CMSSW_10_2_0_pre6-slc7_amd64_gcc700/build/CMSSW_10_2_0_pre6-build/BUILD/slc7_amd64_gcc700/external/xrootd/4.8.3-gnimlf/xrootd-4.8.3/src/XrdCl/XrdClTaskManager.cc:244
#3  0x00002b6fcca65269 in RunRunnerThread (arg=<optimized out>) at /build/cmsbld/auto-builds/CMSSW_10_2_0_pre6-slc7_amd64_gcc700/build/CMSSW_10_2_0_pre6-build/BUILD/slc7_amd64_gcc700/external/xrootd/4.8.3-gnimlf/xrootd-4.8.3/src/XrdCl/XrdClTaskManager.cc:37
#4  0x00002b6fbeb65ea5 in start_thread () from /lib64/libpthread.so.0
#5  0x00002b6fbee789fd in clone () from /lib64/libc.so.6

Thread 2 (Thread 0x2b6fccd1a700 (LWP 221)):
#0  0x00002b6fbee78fd3 in epoll_wait () from /lib64/libc.so.6
#1  0x00002b6fcc8fec17 in XrdSys::IOEvents::PollE::Begin (this=0x3e9c1d0, syncsem=<optimized out>, retcode=<optimized out>, eTxt=<optimized out>) at /build/cmsbld/auto-builds/CMSSW_10_2_0_pre6-slc7_amd64_gcc700/build/CMSSW_10_2_0_pre6-build/BUILD/slc7_amd64_gcc700/external/xrootd/4.8.3-gnimlf/xrootd-4.8.3/src/./XrdSys/XrdSysIOEventsPollE.icc:213
#2  0x00002b6fcc8fb4f5 in XrdSys::IOEvents::BootStrap::Start (parg=0x7ffdb36d81a0) at /build/cmsbld/auto-builds/CMSSW_10_2_0_pre6-slc7_amd64_gcc700/build/CMSSW_10_2_0_pre6-build/BUILD/slc7_amd64_gcc700/external/xrootd/4.8.3-gnimlf/xrootd-4.8.3/src/XrdSys/XrdSysIOEvents.cc:131
#3  0x00002b6fcc8f95e8 in XrdSysThread_Xeq (myargs=0x3ed0a80) at /build/cmsbld/auto-builds/CMSSW_10_2_0_pre6-slc7_amd64_gcc700/build/CMSSW_10_2_0_pre6-build/BUILD/slc7_amd64_gcc700/external/xrootd/4.8.3-gnimlf/xrootd-4.8.3/src/XrdSys/XrdSysPthread.cc:86
#4  0x00002b6fbeb65ea5 in start_thread () from /lib64/libpthread.so.0
#5  0x00002b6fbee789fd in clone () from /lib64/libc.so.6

Thread 1 (Thread 0x2b6fc0d0bc40 (LWP 197)):
#0  0x00002b6fbee3f549 in waitpid () from /lib64/libc.so.6
#1  0x00002b6fbedbcfb2 in do_system () from /lib64/libc.so.6
#2  0x00002b6fbedbd361 in system () from /lib64/libc.so.6
#3  0x00002b6fbd2f8a8b in TUnixSystem::StackTrace() () from /cvmfs/cms.cern.ch/slc7_amd64_gcc700/cms/cmssw/CMSSW_10_2_14/external/slc7_amd64_gcc700/lib/libCore.so
#4  0x00002b6fbd2fb0cc in TUnixSystem::DispatchSignals(ESignals) () from /cvmfs/cms.cern.ch/slc7_amd64_gcc700/cms/cmssw/CMSSW_10_2_14/external/slc7_amd64_gcc700/lib/libCore.so
#5  <signal handler called>
#6  0x00002b6fbdde4850 in TBasket::Streamer(TBuffer&) () from /cvmfs/cms.cern.ch/slc7_amd64_gcc700/cms/cmssw/CMSSW_10_2_14/external/slc7_amd64_gcc700/lib/libTree.so
#7  0x00002b6fbdde2e24 in TBasket::ReadBasketBuffers(long long, int, TFile*) () from /cvmfs/cms.cern.ch/slc7_amd64_gcc700/cms/cmssw/CMSSW_10_2_14/external/slc7_amd64_gcc700/lib/libTree.so
#8  0x00002b6fbdde774b in TBranch::GetBasket(int) () from /cvmfs/cms.cern.ch/slc7_amd64_gcc700/cms/cmssw/CMSSW_10_2_14/external/slc7_amd64_gcc700/lib/libTree.so
#9  0x00002b6fbdde7dd5 in TBranch::GetEntry(long long, int) () from /cvmfs/cms.cern.ch/slc7_amd64_gcc700/cms/cmssw/CMSSW_10_2_14/external/slc7_amd64_gcc700/lib/libTree.so
#10 0x00002b6fbde46801 in TTree::GetEntry(long long, int) () from /cvmfs/cms.cern.ch/slc7_amd64_gcc700/cms/cmssw/CMSSW_10_2_14/external/slc7_amd64_gcc700/lib/libTree.so
#11 0x000000000042cbb7 in EventTree::GetEntry (this=0xe7bc60, entry=entry
entry=570486) at src/EventTree.cpp:477
#12 0x00000000004240d8 in makeRecoNtuple::makeRecoNtuple (this=0x7ffdb36d9790, ac=<optimized out>, av=<optimized out>) at makeRecoNtuple.C:503
#13 0x0000000000427d63 in main (ac=<optimized out>, av=<optimized out>) at makeRecoNtuple.C:1338
===========================================================


The lines below might hint at the cause of the crash.
You may get help by asking at the ROOT forum http://root.cern.ch/forum.
Only if you are really convinced it is a bug in ROOT then please submit a
report at http://root.cern.ch/bugs. Please post the ENTIRE stack trace
from above as an attachment in addition to anything else
that might help us fixing this issue.
===========================================================
#6  0x00002b6fbdde4850 in TBasket::Streamer(TBuffer&) () from /cvmfs/cms.cern.ch/slc7_amd64_gcc700/cms/cmssw/CMSSW_10_2_14/external/slc7_amd64_gcc700/lib/libTree.so
#7  0x00002b6fbdde2e24 in TBasket::ReadBasketBuffers(long long, int, TFile*) () from /cvmfs/cms.cern.ch/slc7_amd64_gcc700/cms/cmssw/CMSSW_10_2_14/external/slc7_amd64_gcc700/lib/libTree.so
#8  0x00002b6fbdde774b in TBranch::GetBasket(int) () from /cvmfs/cms.cern.ch/slc7_amd64_gcc700/cms/cmssw/CMSSW_10_2_14/external/slc7_amd64_gcc700/lib/libTree.so
#9  0x00002b6fbdde7dd5 in TBranch::GetEntry(long long, int) () from /cvmfs/cms.cern.ch/slc7_amd64_gcc700/cms/cmssw/CMSSW_10_2_14/external/slc7_amd64_gcc700/lib/libTree.so
#10 0x00002b6fbde46801 in TTree::GetEntry(long long, int) () from /cvmfs/cms.cern.ch/slc7_amd64_gcc700/cms/cmssw/CMSSW_10_2_14/external/slc7_amd64_gcc700/lib/libTree.so
#11 0x000000000042cbb7 in EventTree::GetEntry (this=0xe7bc60, entry=entry
entry=570486) at src/EventTree.cpp:477
#12 0x00000000004240d8 in makeRecoNtuple::makeRecoNtuple (this=0x7ffdb36d9790, ac=<optimized out>, av=<optimized out>) at makeRecoNtuple.C:503
#13 0x0000000000427d63 in main (ac=<optimized out>, av=<optimized out>) at makeRecoNtuple.C:1338
===========================================================


[2.293MB/2.293MB][100%][==================================================][2.293MB/s]  [2.293MB/2.293MB][100%][==================================================][1.147MB/s]  
