WARNING: In non-interactive mode release checks e.g. deprecated releases, production architectures are disabled.
Error in <TNetXNGFile::Open>: [ERROR] Server responded with an error: [3011] Unable to open /cms/store/user/idas/Output/cms-hcs-run2/Skim_NanoAOD/2017/Data_SingleMu_f_Skim_NanoAOD_12of31.root; Server error: no such file or directory

Error in <TNetXNGFile::Open>: [ERROR] Server responded with an error: [3011] Unable to open /cms/store/user/idas/Output/cms-hcs-run2/Skim_NanoAOD/2017/Data_SingleMu_f_Skim_NanoAOD_13of31.root; Server error: no such file or directory

Error in <TNetXNGFile::Open>: [ERROR] Server responded with an error: [3011] Unable to open /cms/store/user/idas/Output/cms-hcs-run2/Skim_NanoAOD/2017/Data_SingleMu_f_Skim_NanoAOD_14of31.root; Server error: no such file or directory

Error in <TNetXNGFile::Open>: [ERROR] Server responded with an error: [3011] Unable to open /cms/store/user/idas/Output/cms-hcs-run2/Skim_NanoAOD/2017/Data_SingleMu_f_Skim_NanoAOD_15of31.root; Server error: no such file or directory

Error in <TNetXNGFile::Close>: [ERROR] Socket error
Error in <TNetXNGFile::Close>: [ERROR] Invalid session
Error in <TNetXNGFile::Close>: [ERROR] Invalid session
Error in <TNetXNGFile::Close>: [ERROR] Invalid session
Error in <TNetXNGFile::Close>: [ERROR] Invalid session
Error in <TNetXNGFile::Close>: [ERROR] Invalid session
Error in <TNetXNGFile::Close>: [ERROR] Socket error
Error in <TNetXNGFile::Close>: [ERROR] Socket error
Error in <TNetXNGFile::Close>: [ERROR] Socket error
Error in <TNetXNGFile::Close>: [ERROR] Socket error
Error in <TNetXNGFile::Close>: [ERROR] Invalid session
Error in <TNetXNGFile::Close>: [ERROR] Socket error
Error in <TNetXNGFile::Close>: [ERROR] Invalid session
Error in <TNetXNGFile::Close>: [ERROR] Socket error
Error in <TNetXNGFile::Close>: [ERROR] Invalid session
Error in <TNetXNGFile::Close>: [ERROR] Invalid session
Error in <TNetXNGFile::Close>: [ERROR] Invalid session
Error in <TNetXNGFile::Close>: [ERROR] Invalid session
Error in <TNetXNGFile::Close>: [ERROR] Socket error
Error in <TNetXNGFile::Close>: [ERROR] Invalid session
Error in <TNetXNGFile::Close>: [ERROR] Invalid session
Error in <TNetXNGFile::Close>: [ERROR] Invalid session
Error in <TNetXNGFile::Close>: [ERROR] Invalid session
Error in <TNetXNGFile::Close>: [ERROR] Socket error
Error in <TNetXNGFile::Close>: [ERROR] Invalid session
Error in <TNetXNGFile::Close>: [ERROR] Invalid session
Error in <TNetXNGFile::Close>: [ERROR] Socket error
Error in <TNetXNGFile::Close>: [ERROR] Socket error
Error in <TNetXNGFile::Close>: [ERROR] Invalid session
Error in <TNetXNGFile::Close>: [ERROR] Invalid session
[16MB/34.76MB][ 46%][=======================>                          ][8MB/s]  [34.76MB/34.76MB][100%][==================================================][17.38MB/s]  [34.76MB/34.76MB][100%][==================================================][2.483MB/s]  
