3 of 3
WZTo3LNu_powheg_ext1
pos : 18446744073709551615
sampleType : WZTo3LNu_powheg_ext1,  systematicType : 
Dilepton Sample :0
. WZTo3LNu_powheg_ext1 
. WZTo3LNu_powheg_ext1 
./WZTo3LNu_powheg_ext1_RecoKinTuple_Skim_3of3.root
HERE
DONE
isMC: 1
Using event weight 0.00884007
XS = 4.42965
lumi = 35921.9
nEvents_MC = 1.8e+07
Total Entries : 6144769
processing entry 4500000 out of 6144769 : 166.146 seconds since last progress
processing entry 5000000 out of 6144769 : 126.273 seconds since last progress
processing entry 5500000 out of 6144769 : 106.427 seconds since last progress
processing entry 6000000 out of 6144769 : 120.309 seconds since last progress
