11 of 11
Data_SingleEle_c
pos : 18446744073709551615
sampleType : Data_SingleEle_c,  systematicType : 
Dilepton Sample :0
. Data_SingleEle_c 
. Data_SingleEle_c 
./Data_SingleEle_c_RecoKinTuple_Skim_11of11.root
HERE
DONE
isMC: 0
Using event weight 1
XS = 2707.54
lumi = 35921.9
nEvents_MC = 9.72599e+07
Total Entries : 45528748
processing entry 42000000 out of 45528748 : 167.795 seconds since last progress
processing entry 43000000 out of 45528748 : 96.6177 seconds since last progress
processing entry 44000000 out of 45528748 : 88.6251 seconds since last progress
processing entry 45000000 out of 45528748 : 102.976 seconds since last progress
