7 of 20
Data_SingleEle_g
pos : 18446744073709551615
sampleType : Data_SingleEle_g,  systematicType : 
Dilepton Sample :0
. Data_SingleEle_g 
. Data_SingleEle_g 
./Data_SingleEle_g_RecoKinTuple_Skim_7of20.root
HERE
DONE
isMC: 0
Using event weight 1
XS = 4269.35
lumi = 35921.9
nEvents_MC = 1.53363e+08
Total Entries : 85789151
processing entry 26000000 out of 85789151 : 245.68 seconds since last progress
processing entry 27000000 out of 85789151 : 121.552 seconds since last progress
processing entry 28000000 out of 85789151 : 150.061 seconds since last progress
processing entry 29000000 out of 85789151 : 134.106 seconds since last progress
processing entry 30000000 out of 85789151 : 162.035 seconds since last progress
