4 of 23
Data_SingleEle_b
pos : 18446744073709551615
sampleType : Data_SingleEle_b,  systematicType : 
Dilepton Sample :0
. Data_SingleEle_b 
. Data_SingleEle_b 
./Data_SingleEle_b_RecoKinTuple_Skim_4of23.root
HERE
DONE
isMC: 0
Using event weight 1
XS = 6860.46
lumi = 35921.9
nEvents_MC = 2.4644e+08
Total Entries : 100815982
processing entry 14000000 out of 100815982 : 262.04 seconds since last progress
processing entry 15000000 out of 100815982 : 92.428 seconds since last progress
processing entry 16000000 out of 100815982 : 98.4268 seconds since last progress
processing entry 17000000 out of 100815982 : 100.54 seconds since last progress
