5 of 16
Data_SingleEle_d
pos : 18446744073709551615
sampleType : Data_SingleEle_d,  systematicType : 
Dilepton Sample :0
. Data_SingleEle_d 
. Data_SingleEle_d 
./Data_SingleEle_d_RecoKinTuple_Skim_5of16.root
HERE
DONE
isMC: 0
Using event weight 1
XS = 4124.72
lumi = 35921.9
nEvents_MC = 1.48168e+08
Total Entries : 71566121
processing entry 18000000 out of 71566121 : 191.8 seconds since last progress
processing entry 19000000 out of 71566121 : 105.655 seconds since last progress
processing entry 20000000 out of 71566121 : 107.794 seconds since last progress
processing entry 21000000 out of 71566121 : 132.503 seconds since last progress
processing entry 22000000 out of 71566121 : 100.553 seconds since last progress
