16 of 16
Data_SingleEle_d
pos : 18446744073709551615
sampleType : Data_SingleEle_d,  systematicType : 
Dilepton Sample :0
. Data_SingleEle_d 
. Data_SingleEle_d 
./Data_SingleEle_d_RecoKinTuple_Skim_16of16.root
HERE
DONE
isMC: 0
Using event weight 1
XS = 4124.72
lumi = 35921.9
nEvents_MC = 1.48168e+08
Total Entries : 71566121
processing entry 68000000 out of 71566121 : 232.144 seconds since last progress
processing entry 69000000 out of 71566121 : 107.866 seconds since last progress
processing entry 70000000 out of 71566121 : 119.415 seconds since last progress
processing entry 71000000 out of 71566121 : 100.909 seconds since last progress
