-1 of -1
VVTo2L2Nu_amcatnlo_ext1
pos : 18446744073709551615
sampleType : VVTo2L2Nu_amcatnlo_ext1,  systematicType : 
Dilepton Sample :0
. VVTo2L2Nu_amcatnlo_ext1 
. VVTo2L2Nu_amcatnlo_ext1 
./VVTo2L2Nu_amcatnlo_ext1_RecoKinTuple_Skim.root
HERE
DONE
isMC: 1
Using event weight 0.00279002
XS = 11.95
lumi = 35921.9
nEvents_MC = 1.53858e+08
Total Entries : 3620411
processing entry 0 out of 3620411 : 25.591 seconds since last progress
processing entry 100000 out of 3620411 : 22.6332 seconds since last progress
processing entry 200000 out of 3620411 : 22.4377 seconds since last progress
processing entry 300000 out of 3620411 : 19.3233 seconds since last progress
processing entry 400000 out of 3620411 : 19.434 seconds since last progress
processing entry 500000 out of 3620411 : 20.6585 seconds since last progress
PV 1
    ndof=133.5   (>4)
    pX=0.103943   (<2)
    pY=0.167114   (<2)
    pZ=-2.72537   (<24)
processing entry 600000 out of 3620411 : 32.6736 seconds since last progress
processing entry 700000 out of 3620411 : 21.3909 seconds since last progress
processing entry 800000 out of 3620411 : 18.1038 seconds since last progress
processing entry 900000 out of 3620411 : 19.659 seconds since last progress
processing entry 1000000 out of 3620411 : 23.4892 seconds since last progress
processing entry 1100000 out of 3620411 : 20.9791 seconds since last progress
processing entry 1200000 out of 3620411 : 24.1586 seconds since last progress
processing entry 1300000 out of 3620411 : 21.8969 seconds since last progress
processing entry 1400000 out of 3620411 : 23.4998 seconds since last progress
processing entry 1500000 out of 3620411 : 25.4731 seconds since last progress
processing entry 1600000 out of 3620411 : 14.0455 seconds since last progress
processing entry 1700000 out of 3620411 : 22.6672 seconds since last progress
processing entry 1800000 out of 3620411 : 24.1461 seconds since last progress
processing entry 1900000 out of 3620411 : 31.0969 seconds since last progress
processing entry 2000000 out of 3620411 : 21.6569 seconds since last progress
processing entry 2100000 out of 3620411 : 21.2097 seconds since last progress
processing entry 2200000 out of 3620411 : 24.2929 seconds since last progress
processing entry 2300000 out of 3620411 : 23.8779 seconds since last progress
processing entry 2400000 out of 3620411 : 25.5862 seconds since last progress
processing entry 2500000 out of 3620411 : 25.6951 seconds since last progress
processing entry 2600000 out of 3620411 : 22.106 seconds since last progress
processing entry 2700000 out of 3620411 : 26.359 seconds since last progress
processing entry 2800000 out of 3620411 : 22.4868 seconds since last progress
processing entry 2900000 out of 3620411 : 24.6756 seconds since last progress
processing entry 3000000 out of 3620411 : 21.7613 seconds since last progress
processing entry 3100000 out of 3620411 : 24.4919 seconds since last progress
processing entry 3200000 out of 3620411 : 27.6992 seconds since last progress
processing entry 3300000 out of 3620411 : 29.0531 seconds since last progress
processing entry 3400000 out of 3620411 : 29.0683 seconds since last progress
processing entry 3500000 out of 3620411 : 27.9872 seconds since last progress
processing entry 3600000 out of 3620411 : 32.1892 seconds since last progress
