7 of 23
Data_SingleEle_b
pos : 18446744073709551615
sampleType : Data_SingleEle_b,  systematicType : 
Dilepton Sample :0
. Data_SingleEle_b 
. Data_SingleEle_b 
./Data_SingleEle_b_RecoKinTuple_Skim_7of23.root
HERE
DONE
isMC: 0
Using event weight 1
XS = 6860.46
lumi = 35921.9
nEvents_MC = 2.4644e+08
Total Entries : 100815982
processing entry 27000000 out of 100815982 : 253.426 seconds since last progress
processing entry 28000000 out of 100815982 : 93.4468 seconds since last progress
processing entry 29000000 out of 100815982 : 102.256 seconds since last progress
processing entry 30000000 out of 100815982 : 98.5459 seconds since last progress
