6 of 23
Data_SingleEle_b
pos : 18446744073709551615
sampleType : Data_SingleEle_b,  systematicType : 
Dilepton Sample :0
. Data_SingleEle_b 
. Data_SingleEle_b 
./Data_SingleEle_b_RecoKinTuple_Skim_6of23.root
HERE
DONE
isMC: 0
Using event weight 1
XS = 6860.46
lumi = 35921.9
nEvents_MC = 2.4644e+08
Total Entries : 100815982
processing entry 22000000 out of 100815982 : 189.598 seconds since last progress
processing entry 23000000 out of 100815982 : 85.3521 seconds since last progress
processing entry 24000000 out of 100815982 : 88.8662 seconds since last progress
processing entry 25000000 out of 100815982 : 100.76 seconds since last progress
processing entry 26000000 out of 100815982 : 93.3321 seconds since last progress
