-1 of -1
HplusM100
pos : 18446744073709551615
sampleType : HplusM100,  systematicType : 
Dilepton Sample :0
. HplusM100 
. HplusM100 
./HplusM100_RecoKinTuple_Skim.root
HERE
DONE
isMC: 1
Using event weight 0.243751
XS = 6.77
lumi = 35921.9
nEvents_MC = 997702
Total Entries : 526187
processing entry 0 out of 526187 : 25.7904 seconds since last progress
processing entry 50000 out of 526187 : 314.926 seconds since last progress
processing entry 100000 out of 526187 : 341.479 seconds since last progress
processing entry 150000 out of 526187 : 351.768 seconds since last progress
processing entry 200000 out of 526187 : 332.157 seconds since last progress
processing entry 250000 out of 526187 : 348.169 seconds since last progress
processing entry 300000 out of 526187 : 403.817 seconds since last progress
processing entry 350000 out of 526187 : 346.622 seconds since last progress
processing entry 400000 out of 526187 : 351.818 seconds since last progress
processing entry 450000 out of 526187 : 374.145 seconds since last progress
processing entry 500000 out of 526187 : 310.982 seconds since last progress
