17 of 20
Data_SingleEle_g
pos : 18446744073709551615
sampleType : Data_SingleEle_g,  systematicType : 
Dilepton Sample :0
. Data_SingleEle_g 
. Data_SingleEle_g 
./Data_SingleEle_g_RecoKinTuple_Skim_17of20.root
HERE
DONE
isMC: 0
Using event weight 1
XS = 4269.35
lumi = 35921.9
nEvents_MC = 1.53363e+08
Total Entries : 85789151
processing entry 69000000 out of 85789151 : 242.843 seconds since last progress
processing entry 70000000 out of 85789151 : 145.885 seconds since last progress
processing entry 71000000 out of 85789151 : 109.256 seconds since last progress
processing entry 72000000 out of 85789151 : 147 seconds since last progress
