3 of 12
Data_SingleEle_e
pos : 18446744073709551615
sampleType : Data_SingleEle_e,  systematicType : 
Dilepton Sample :0
. Data_SingleEle_e 
. Data_SingleEle_e 
./Data_SingleEle_e_RecoKinTuple_Skim_3of12.root
HERE
DONE
isMC: 0
Using event weight 1
XS = 3266.02
lumi = 35921.9
nEvents_MC = 1.17322e+08
Total Entries : 57179230
processing entry 10000000 out of 57179230 : 159.949 seconds since last progress
processing entry 11000000 out of 57179230 : 119.196 seconds since last progress
processing entry 12000000 out of 57179230 : 111.078 seconds since last progress
processing entry 13000000 out of 57179230 : 116.011 seconds since last progress
processing entry 14000000 out of 57179230 : 109.394 seconds since last progress
