8 of 23
Data_SingleEle_b
pos : 18446744073709551615
sampleType : Data_SingleEle_b,  systematicType : 
Dilepton Sample :0
. Data_SingleEle_b 
. Data_SingleEle_b 
./Data_SingleEle_b_RecoKinTuple_Skim_8of23.root
HERE
DONE
isMC: 0
Using event weight 1
XS = 6860.46
lumi = 35921.9
nEvents_MC = 2.4644e+08
Total Entries : 100815982
processing entry 31000000 out of 100815982 : 202.674 seconds since last progress
processing entry 32000000 out of 100815982 : 93.7675 seconds since last progress
processing entry 33000000 out of 100815982 : 105.836 seconds since last progress
processing entry 34000000 out of 100815982 : 90.8526 seconds since last progress
processing entry 35000000 out of 100815982 : 105.459 seconds since last progress
