9 of 23
Data_SingleEle_b
pos : 18446744073709551615
sampleType : Data_SingleEle_b,  systematicType : 
Dilepton Sample :0
. Data_SingleEle_b 
. Data_SingleEle_b 
./Data_SingleEle_b_RecoKinTuple_Skim_9of23.root
HERE
DONE
isMC: 0
Using event weight 1
XS = 6860.46
lumi = 35921.9
nEvents_MC = 2.4644e+08
Total Entries : 100815982
processing entry 36000000 out of 100815982 : 268.201 seconds since last progress
processing entry 37000000 out of 100815982 : 89.0687 seconds since last progress
processing entry 38000000 out of 100815982 : 96.4293 seconds since last progress
processing entry 39000000 out of 100815982 : 92.6495 seconds since last progress
