19 of 23
Data_SingleEle_b
pos : 18446744073709551615
sampleType : Data_SingleEle_b,  systematicType : 
Dilepton Sample :0
. Data_SingleEle_b 
. Data_SingleEle_b 
./Data_SingleEle_b_RecoKinTuple_Skim_19of23.root
HERE
DONE
isMC: 0
Using event weight 1
XS = 6860.46
lumi = 35921.9
nEvents_MC = 2.4644e+08
Total Entries : 100815982
processing entry 79000000 out of 100815982 : 190.904 seconds since last progress
processing entry 80000000 out of 100815982 : 93.3712 seconds since last progress
processing entry 81000000 out of 100815982 : 102.491 seconds since last progress
processing entry 82000000 out of 100815982 : 115.486 seconds since last progress
processing entry 83000000 out of 100815982 : 105.773 seconds since last progress
