-1 of -1
WWTo1L1Nu2Q_amcatnlo
pos : 18446744073709551615
sampleType : WWTo1L1Nu2Q_amcatnlo,  systematicType : 
Dilepton Sample :0
. WWTo1L1Nu2Q_amcatnlo 
. WWTo1L1Nu2Q_amcatnlo 
./WWTo1L1Nu2Q_amcatnlo_RecoKinTuple_Skim.root
HERE
DONE
isMC: 1
Using event weight 0.004071
XS = 49.997
lumi = 35921.9
nEvents_MC = 4.41165e+08
Total Entries : 1668547
processing entry 0 out of 1668547 : 26.4811 seconds since last progress
processing entry 100000 out of 1668547 : 29.4684 seconds since last progress
processing entry 200000 out of 1668547 : 30.234 seconds since last progress
processing entry 300000 out of 1668547 : 28.3758 seconds since last progress
processing entry 400000 out of 1668547 : 30.0122 seconds since last progress
processing entry 500000 out of 1668547 : 29.5879 seconds since last progress
processing entry 600000 out of 1668547 : 31.2718 seconds since last progress
processing entry 700000 out of 1668547 : 34.9325 seconds since last progress
processing entry 800000 out of 1668547 : 30.5931 seconds since last progress
processing entry 900000 out of 1668547 : 32.1001 seconds since last progress
processing entry 1000000 out of 1668547 : 33.0781 seconds since last progress
processing entry 1100000 out of 1668547 : 29.2956 seconds since last progress
processing entry 1200000 out of 1668547 : 37.8515 seconds since last progress
processing entry 1300000 out of 1668547 : 32.9948 seconds since last progress
processing entry 1400000 out of 1668547 : 33.4794 seconds since last progress
processing entry 1500000 out of 1668547 : 32.5615 seconds since last progress
processing entry 1600000 out of 1668547 : 32.0369 seconds since last progress
