7 of 16
Data_SingleEle_d
pos : 18446744073709551615
sampleType : Data_SingleEle_d,  systematicType : 
Dilepton Sample :0
. Data_SingleEle_d 
. Data_SingleEle_d 
./Data_SingleEle_d_RecoKinTuple_Skim_7of16.root
HERE
DONE
isMC: 0
Using event weight 1
XS = 4124.72
lumi = 35921.9
nEvents_MC = 1.48168e+08
Total Entries : 71566121
processing entry 27000000 out of 71566121 : 192.31 seconds since last progress
processing entry 28000000 out of 71566121 : 109.068 seconds since last progress
processing entry 29000000 out of 71566121 : 115.654 seconds since last progress
processing entry 30000000 out of 71566121 : 95.6693 seconds since last progress
processing entry 31000000 out of 71566121 : 128.467 seconds since last progress
