2 of 3
W3jets
pos : 18446744073709551615
sampleType : W3jets,  systematicType : 
Dilepton Sample :0
. W3jets 
. W3jets 
./W3jets_RecoKinTuple_Skim_2of3.root
HERE
DONE
isMC: 1
Using event weight 2.11526
XS = 1165.81
lumi = 35921.9
nEvents_MC = 1.97981e+07
Total Entries : 5527555
processing entry 2000000 out of 5527555 : 89.8797 seconds since last progress
processing entry 2500000 out of 5527555 : 121.228 seconds since last progress
processing entry 3000000 out of 5527555 : 121.181 seconds since last progress
processing entry 3500000 out of 5527555 : 139.407 seconds since last progress
