2 of 11
Data_SingleEle_c
pos : 18446744073709551615
sampleType : Data_SingleEle_c,  systematicType : 
Dilepton Sample :0
. Data_SingleEle_c 
. Data_SingleEle_c 
./Data_SingleEle_c_RecoKinTuple_Skim_2of11.root
HERE
DONE
isMC: 0
Using event weight 1
XS = 2707.54
lumi = 35921.9
nEvents_MC = 9.72599e+07
Total Entries : 45528748
processing entry 5000000 out of 45528748 : 181.145 seconds since last progress
processing entry 6000000 out of 45528748 : 97.7927 seconds since last progress
processing entry 7000000 out of 45528748 : 100.558 seconds since last progress
processing entry 8000000 out of 45528748 : 99.1953 seconds since last progress
