4 of 4
W2jets
pos : 18446744073709551615
sampleType : W2jets,  systematicType : 
Dilepton Sample :0
. W2jets 
. W2jets 
./W2jets_RecoKinTuple_Skim_4of4.root
HERE
DONE
isMC: 1
Using event weight 4.59848
XS = 3839.43
lumi = 35921.9
nEvents_MC = 2.99924e+07
Total Entries : 7999377
processing entry 6000000 out of 7999377 : 96.0051 seconds since last progress
processing entry 6500000 out of 7999377 : 98.6811 seconds since last progress
processing entry 7000000 out of 7999377 : 105.878 seconds since last progress
processing entry 7500000 out of 7999377 : 111.413 seconds since last progress
