20 of 23
Data_SingleEle_b
pos : 18446744073709551615
sampleType : Data_SingleEle_b,  systematicType : 
Dilepton Sample :0
. Data_SingleEle_b 
. Data_SingleEle_b 
./Data_SingleEle_b_RecoKinTuple_Skim_20of23.root
HERE
DONE
isMC: 0
Using event weight 1
XS = 6860.46
lumi = 35921.9
nEvents_MC = 2.4644e+08
Total Entries : 100815982
processing entry 84000000 out of 100815982 : 251.332 seconds since last progress
processing entry 85000000 out of 100815982 : 88.5135 seconds since last progress
processing entry 86000000 out of 100815982 : 102.264 seconds since last progress
processing entry 87000000 out of 100815982 : 94.94 seconds since last progress
