13 of 16
Data_SingleEle_d
pos : 18446744073709551615
sampleType : Data_SingleEle_d,  systematicType : 
Dilepton Sample :0
. Data_SingleEle_d 
. Data_SingleEle_d 
./Data_SingleEle_d_RecoKinTuple_Skim_13of16.root
HERE
DONE
isMC: 0
Using event weight 1
XS = 4124.72
lumi = 35921.9
nEvents_MC = 1.48168e+08
Total Entries : 71566121
processing entry 54000000 out of 71566121 : 168.34 seconds since last progress
processing entry 55000000 out of 71566121 : 123.559 seconds since last progress
processing entry 56000000 out of 71566121 : 112.585 seconds since last progress
processing entry 57000000 out of 71566121 : 123.794 seconds since last progress
processing entry 58000000 out of 71566121 : 116.23 seconds since last progress
