6 of 13
Data_SingleEle_h
pos : 18446744073709551615
sampleType : Data_SingleEle_h,  systematicType : 
Dilepton Sample :0
. Data_SingleEle_h 
. Data_SingleEle_h 
./Data_SingleEle_h_RecoKinTuple_Skim_6of13.root
HERE
DONE
isMC: 0
Using event weight 1
XS = 3587.08
lumi = 35921.9
nEvents_MC = 1.28855e+08
Total Entries : 96741418
processing entry 38000000 out of 96741418 : 230.005 seconds since last progress
processing entry 39000000 out of 96741418 : 124.952 seconds since last progress
processing entry 40000000 out of 96741418 : 139.648 seconds since last progress
processing entry 41000000 out of 96741418 : 122.01 seconds since last progress
processing entry 42000000 out of 96741418 : 127.314 seconds since last progress
processing entry 43000000 out of 96741418 : 136.398 seconds since last progress
processing entry 44000000 out of 96741418 : 127.546 seconds since last progress
