10 of 16
Data_SingleEle_d
pos : 18446744073709551615
sampleType : Data_SingleEle_d,  systematicType : 
Dilepton Sample :0
. Data_SingleEle_d 
. Data_SingleEle_d 
./Data_SingleEle_d_RecoKinTuple_Skim_10of16.root
HERE
DONE
isMC: 0
Using event weight 1
XS = 4124.72
lumi = 35921.9
nEvents_MC = 1.48168e+08
Total Entries : 71566121
processing entry 41000000 out of 71566121 : 197.948 seconds since last progress
processing entry 42000000 out of 71566121 : 106.509 seconds since last progress
processing entry 43000000 out of 71566121 : 90.9246 seconds since last progress
processing entry 44000000 out of 71566121 : 96.9611 seconds since last progress
