20 of 20
Data_SingleEle_g
pos : 18446744073709551615
sampleType : Data_SingleEle_g,  systematicType : 
Dilepton Sample :0
. Data_SingleEle_g 
. Data_SingleEle_g 
./Data_SingleEle_g_RecoKinTuple_Skim_20of20.root
HERE
DONE
isMC: 0
Using event weight 1
XS = 4269.35
lumi = 35921.9
nEvents_MC = 1.53363e+08
Total Entries : 85789151
processing entry 82000000 out of 85789151 : 246.195 seconds since last progress
processing entry 83000000 out of 85789151 : 161.508 seconds since last progress
processing entry 84000000 out of 85789151 : 123.24 seconds since last progress
processing entry 85000000 out of 85789151 : 136.025 seconds since last progress
