6 of 6
ZZTo2L2Nu_powheg_ext1
pos : 18446744073709551615
sampleType : ZZTo2L2Nu_powheg_ext1,  systematicType : 
Dilepton Sample :0
. ZZTo2L2Nu_powheg_ext1 
. ZZTo2L2Nu_powheg_ext1 
./ZZTo2L2Nu_powheg_ext1_RecoKinTuple_Skim_6of6.root
HERE
DONE
isMC: 1
Using event weight 0.000416399
XS = 0.564
lumi = 35921.9
nEvents_MC = 4.86551e+07
Total Entries : 25268936
processing entry 22000000 out of 25268936 : 231.078 seconds since last progress
processing entry 23000000 out of 25268936 : 187.822 seconds since last progress
processing entry 24000000 out of 25268936 : 234.866 seconds since last progress
processing entry 25000000 out of 25268936 : 226.237 seconds since last progress
