5 of 23
Data_SingleEle_b
pos : 18446744073709551615
sampleType : Data_SingleEle_b,  systematicType : 
Dilepton Sample :0
. Data_SingleEle_b 
. Data_SingleEle_b 
./Data_SingleEle_b_RecoKinTuple_Skim_5of23.root
HERE
DONE
isMC: 0
Using event weight 1
XS = 6860.46
lumi = 35921.9
nEvents_MC = 2.4644e+08
Total Entries : 100815982
processing entry 18000000 out of 100815982 : 217.085 seconds since last progress
processing entry 19000000 out of 100815982 : 106.942 seconds since last progress
processing entry 20000000 out of 100815982 : 94.3702 seconds since last progress
processing entry 21000000 out of 100815982 : 100.708 seconds since last progress
