13 of 20
Data_SingleEle_g
pos : 18446744073709551615
sampleType : Data_SingleEle_g,  systematicType : 
Dilepton Sample :0
. Data_SingleEle_g 
. Data_SingleEle_g 
./Data_SingleEle_g_RecoKinTuple_Skim_13of20.root
HERE
DONE
isMC: 0
Using event weight 1
XS = 4269.35
lumi = 35921.9
nEvents_MC = 1.53363e+08
Total Entries : 85789151
processing entry 52000000 out of 85789151 : 242.704 seconds since last progress
processing entry 53000000 out of 85789151 : 184.05 seconds since last progress
processing entry 54000000 out of 85789151 : 129.643 seconds since last progress
processing entry 55000000 out of 85789151 : 168.981 seconds since last progress
