12 of 16
Data_SingleEle_d
pos : 18446744073709551615
sampleType : Data_SingleEle_d,  systematicType : 
Dilepton Sample :0
. Data_SingleEle_d 
. Data_SingleEle_d 
./Data_SingleEle_d_RecoKinTuple_Skim_12of16.root
HERE
DONE
isMC: 0
Using event weight 1
XS = 4124.72
lumi = 35921.9
nEvents_MC = 1.48168e+08
Total Entries : 71566121
processing entry 50000000 out of 71566121 : 210.235 seconds since last progress
processing entry 51000000 out of 71566121 : 94.7564 seconds since last progress
processing entry 52000000 out of 71566121 : 108.518 seconds since last progress
processing entry 53000000 out of 71566121 : 110.928 seconds since last progress
