2 of 6
ZZTo2L2Nu_powheg_ext1
pos : 18446744073709551615
sampleType : ZZTo2L2Nu_powheg_ext1,  systematicType : 
Dilepton Sample :0
. ZZTo2L2Nu_powheg_ext1 
. ZZTo2L2Nu_powheg_ext1 
./ZZTo2L2Nu_powheg_ext1_RecoKinTuple_Skim_2of6.root
HERE
DONE
isMC: 1
Using event weight 0.000416399
XS = 0.564
lumi = 35921.9
nEvents_MC = 4.86551e+07
Total Entries : 25268936
processing entry 5000000 out of 25268936 : 212.931 seconds since last progress
PV 1
    ndof=75.5   (>4)
    pX=0.104248   (<2)
    pY=0.172485   (<2)
    pZ=-4.45184   (<24)
processing entry 6000000 out of 25268936 : 164.556 seconds since last progress
processing entry 7000000 out of 25268936 : 187.126 seconds since last progress
processing entry 8000000 out of 25268936 : 188.998 seconds since last progress
