2 of 3
ZZTo2Q2Nu_amcatnlo
pos : 18446744073709551615
sampleType : ZZTo2Q2Nu_amcatnlo,  systematicType : 
Dilepton Sample :0
. ZZTo2Q2Nu_amcatnlo 
. ZZTo2Q2Nu_amcatnlo 
./ZZTo2Q2Nu_amcatnlo_RecoKinTuple_Skim_2of3.root
HERE
DONE
isMC: 1
Using event weight 0.000729168
XS = 4.04
lumi = 35921.9
nEvents_MC = 1.99027e+08
Total Entries : 12820
processing entry 5000 out of 12820 : 56.2313 seconds since last progress
processing entry 6000 out of 12820 : 0.151865 seconds since last progress
processing entry 7000 out of 12820 : 0.319035 seconds since last progress
processing entry 8000 out of 12820 : 0.322771 seconds since last progress
