12 of 20
Data_SingleEle_g
pos : 18446744073709551615
sampleType : Data_SingleEle_g,  systematicType : 
Dilepton Sample :0
. Data_SingleEle_g 
. Data_SingleEle_g 
./Data_SingleEle_g_RecoKinTuple_Skim_12of20.root
HERE
DONE
isMC: 0
Using event weight 1
XS = 4269.35
lumi = 35921.9
nEvents_MC = 1.53363e+08
Total Entries : 85789151
processing entry 48000000 out of 85789151 : 284.287 seconds since last progress
processing entry 49000000 out of 85789151 : 119.706 seconds since last progress
processing entry 50000000 out of 85789151 : 124.993 seconds since last progress
processing entry 51000000 out of 85789151 : 126.426 seconds since last progress
