4 of 11
DYjetsM50_ext2
pos : 18446744073709551615
sampleType : DYjetsM50_ext2,  systematicType : 
Dilepton Sample :0
. DYjetsM50_ext2 
. DYjetsM50_ext2 
./DYjetsM50_ext2_RecoKinTuple_Skim_4of11.root
HERE
DONE
isMC: 1
Using event weight 2.26149
XS = 6077.22
lumi = 35921.9
nEvents_MC = 9.65314e+07
Total Entries : 35980017
processing entry 10000000 out of 35980017 : 164.515 seconds since last progress
processing entry 11000000 out of 35980017 : 195.58 seconds since last progress
processing entry 12000000 out of 35980017 : 198.775 seconds since last progress
processing entry 13000000 out of 35980017 : 220.49 seconds since last progress
