2 of 16
Data_SingleEle_d
pos : 18446744073709551615
sampleType : Data_SingleEle_d,  systematicType : 
Dilepton Sample :0
. Data_SingleEle_d 
. Data_SingleEle_d 
./Data_SingleEle_d_RecoKinTuple_Skim_2of16.root
HERE
DONE
isMC: 0
Using event weight 1
XS = 4124.72
lumi = 35921.9
nEvents_MC = 1.48168e+08
Total Entries : 71566121
processing entry 5000000 out of 71566121 : 200.95 seconds since last progress
processing entry 6000000 out of 71566121 : 134.083 seconds since last progress
processing entry 7000000 out of 71566121 : 118.944 seconds since last progress
processing entry 8000000 out of 71566121 : 135.215 seconds since last progress
