1 of 6
DYjetsM50_ext1
pos : 18446744073709551615
sampleType : DYjetsM50_ext1,  systematicType : 
Dilepton Sample :0
. DYjetsM50_ext1 
. DYjetsM50_ext1 
./DYjetsM50_ext1_RecoKinTuple_Skim_1of6.root
HERE
DONE
isMC: 1
Using event weight 4.38813
XS = 6077.22
lumi = 35921.9
nEvents_MC = 4.9749e+07
Total Entries : 18549945
processing entry 0 out of 18549945 : 61.9415 seconds since last progress
processing entry 1000000 out of 18549945 : 162.73 seconds since last progress
processing entry 2000000 out of 18549945 : 148.393 seconds since last progress
processing entry 3000000 out of 18549945 : 189.644 seconds since last progress
