18 of 23
Data_SingleEle_b
pos : 18446744073709551615
sampleType : Data_SingleEle_b,  systematicType : 
Dilepton Sample :0
. Data_SingleEle_b 
. Data_SingleEle_b 
./Data_SingleEle_b_RecoKinTuple_Skim_18of23.root
HERE
DONE
isMC: 0
Using event weight 1
XS = 6860.46
lumi = 35921.9
nEvents_MC = 2.4644e+08
Total Entries : 100815982
processing entry 75000000 out of 100815982 : 232.867 seconds since last progress
processing entry 76000000 out of 100815982 : 99.0722 seconds since last progress
processing entry 77000000 out of 100815982 : 95.2044 seconds since last progress
processing entry 78000000 out of 100815982 : 104.364 seconds since last progress
