11 of 16
Data_SingleEle_d
pos : 18446744073709551615
sampleType : Data_SingleEle_d,  systematicType : 
Dilepton Sample :0
. Data_SingleEle_d 
. Data_SingleEle_d 
./Data_SingleEle_d_RecoKinTuple_Skim_11of16.root
HERE
DONE
isMC: 0
Using event weight 1
XS = 4124.72
lumi = 35921.9
nEvents_MC = 1.48168e+08
Total Entries : 71566121
processing entry 45000000 out of 71566121 : 158.587 seconds since last progress
processing entry 46000000 out of 71566121 : 101.253 seconds since last progress
processing entry 47000000 out of 71566121 : 113.185 seconds since last progress
processing entry 48000000 out of 71566121 : 96.5253 seconds since last progress
processing entry 49000000 out of 71566121 : 101.112 seconds since last progress
