3 of 4
W2jets
pos : 18446744073709551615
sampleType : W2jets,  systematicType : 
Dilepton Sample :0
. W2jets 
. W2jets 
./W2jets_RecoKinTuple_Skim_3of4.root
HERE
DONE
isMC: 1
Using event weight 4.59848
XS = 3839.43
lumi = 35921.9
nEvents_MC = 2.99924e+07
Total Entries : 7999377
processing entry 4000000 out of 7999377 : 70.6952 seconds since last progress
processing entry 4500000 out of 7999377 : 101.651 seconds since last progress
processing entry 5000000 out of 7999377 : 109.789 seconds since last progress
processing entry 5500000 out of 7999377 : 107.776 seconds since last progress
