6 of 20
Data_SingleEle_g
pos : 18446744073709551615
sampleType : Data_SingleEle_g,  systematicType : 
Dilepton Sample :0
. Data_SingleEle_g 
. Data_SingleEle_g 
./Data_SingleEle_g_RecoKinTuple_Skim_6of20.root
HERE
DONE
isMC: 0
Using event weight 1
XS = 4269.35
lumi = 35921.9
nEvents_MC = 1.53363e+08
Total Entries : 85789151
processing entry 22000000 out of 85789151 : 254.571 seconds since last progress
processing entry 23000000 out of 85789151 : 142.731 seconds since last progress
processing entry 24000000 out of 85789151 : 143.63 seconds since last progress
processing entry 25000000 out of 85789151 : 131.73 seconds since last progress
