8 of 12
Data_SingleEle_e
pos : 18446744073709551615
sampleType : Data_SingleEle_e,  systematicType : 
Dilepton Sample :0
. Data_SingleEle_e 
. Data_SingleEle_e 
./Data_SingleEle_e_RecoKinTuple_Skim_8of12.root
HERE
DONE
isMC: 0
Using event weight 1
XS = 3266.02
lumi = 35921.9
nEvents_MC = 1.17322e+08
Total Entries : 57179230
processing entry 34000000 out of 57179230 : 173.026 seconds since last progress
processing entry 35000000 out of 57179230 : 129.546 seconds since last progress
processing entry 36000000 out of 57179230 : 112.034 seconds since last progress
processing entry 37000000 out of 57179230 : 114.323 seconds since last progress
processing entry 38000000 out of 57179230 : 133.57 seconds since last progress
