17 of 23
Data_SingleEle_b
pos : 18446744073709551615
sampleType : Data_SingleEle_b,  systematicType : 
Dilepton Sample :0
. Data_SingleEle_b 
. Data_SingleEle_b 
./Data_SingleEle_b_RecoKinTuple_Skim_17of23.root
HERE
DONE
isMC: 0
Using event weight 1
XS = 6860.46
lumi = 35921.9
nEvents_MC = 2.4644e+08
Total Entries : 100815982
processing entry 71000000 out of 100815982 : 258.279 seconds since last progress
processing entry 72000000 out of 100815982 : 104.11 seconds since last progress
processing entry 73000000 out of 100815982 : 99.5537 seconds since last progress
processing entry 74000000 out of 100815982 : 111.95 seconds since last progress
