12 of 23
Data_SingleEle_b
pos : 18446744073709551615
sampleType : Data_SingleEle_b,  systematicType : 
Dilepton Sample :0
. Data_SingleEle_b 
. Data_SingleEle_b 
./Data_SingleEle_b_RecoKinTuple_Skim_12of23.root
HERE
DONE
isMC: 0
Using event weight 1
XS = 6860.46
lumi = 35921.9
nEvents_MC = 2.4644e+08
Total Entries : 100815982
processing entry 49000000 out of 100815982 : 264.969 seconds since last progress
processing entry 50000000 out of 100815982 : 90.9638 seconds since last progress
processing entry 51000000 out of 100815982 : 102.5 seconds since last progress
processing entry 52000000 out of 100815982 : 101.822 seconds since last progress
