3 of 8
Data_SingleEle_f
pos : 18446744073709551615
sampleType : Data_SingleEle_f,  systematicType : 
Dilepton Sample :0
. Data_SingleEle_f 
. Data_SingleEle_f 
./Data_SingleEle_f_RecoKinTuple_Skim_3of8.root
HERE
DONE
isMC: 0
Using event weight 1
XS = 1965.2
lumi = 35921.9
nEvents_MC = 7.05935e+07
Total Entries : 37185843
processing entry 10000000 out of 37185843 : 172.934 seconds since last progress
processing entry 11000000 out of 37185843 : 135.564 seconds since last progress
processing entry 12000000 out of 37185843 : 125.563 seconds since last progress
processing entry 13000000 out of 37185843 : 118.471 seconds since last progress
