4 of 12
Data_SingleEle_e
pos : 18446744073709551615
sampleType : Data_SingleEle_e,  systematicType : 
Dilepton Sample :0
. Data_SingleEle_e 
. Data_SingleEle_e 
./Data_SingleEle_e_RecoKinTuple_Skim_4of12.root
HERE
DONE
isMC: 0
Using event weight 1
XS = 3266.02
lumi = 35921.9
nEvents_MC = 1.17322e+08
Total Entries : 57179230
processing entry 15000000 out of 57179230 : 210.191 seconds since last progress
processing entry 16000000 out of 57179230 : 126.67 seconds since last progress
processing entry 17000000 out of 57179230 : 98.9066 seconds since last progress
processing entry 18000000 out of 57179230 : 121.308 seconds since last progress
processing entry 19000000 out of 57179230 : 114.466 seconds since last progress
