23 of 23
Data_SingleEle_b
pos : 18446744073709551615
sampleType : Data_SingleEle_b,  systematicType : 
Dilepton Sample :0
. Data_SingleEle_b 
. Data_SingleEle_b 
./Data_SingleEle_b_RecoKinTuple_Skim_23of23.root
HERE
DONE
isMC: 0
Using event weight 1
XS = 6860.46
lumi = 35921.9
nEvents_MC = 2.4644e+08
Total Entries : 100815982
processing entry 97000000 out of 100815982 : 234.731 seconds since last progress
processing entry 98000000 out of 100815982 : 108.202 seconds since last progress
processing entry 99000000 out of 100815982 : 96.4588 seconds since last progress
processing entry 100000000 out of 100815982 : 102.659 seconds since last progress
