5 of 11
Data_SingleEle_c
pos : 18446744073709551615
sampleType : Data_SingleEle_c,  systematicType : 
Dilepton Sample :0
. Data_SingleEle_c 
. Data_SingleEle_c 
./Data_SingleEle_c_RecoKinTuple_Skim_5of11.root
HERE
DONE
isMC: 0
Using event weight 1
XS = 2707.54
lumi = 35921.9
nEvents_MC = 9.72599e+07
Total Entries : 45528748
processing entry 17000000 out of 45528748 : 142.069 seconds since last progress
processing entry 18000000 out of 45528748 : 102.314 seconds since last progress
processing entry 19000000 out of 45528748 : 98.3313 seconds since last progress
processing entry 20000000 out of 45528748 : 90.5823 seconds since last progress
