13 of 23
Data_SingleEle_b
pos : 18446744073709551615
sampleType : Data_SingleEle_b,  systematicType : 
Dilepton Sample :0
. Data_SingleEle_b 
. Data_SingleEle_b 
./Data_SingleEle_b_RecoKinTuple_Skim_13of23.root
HERE
DONE
isMC: 0
Using event weight 1
XS = 6860.46
lumi = 35921.9
nEvents_MC = 2.4644e+08
Total Entries : 100815982
processing entry 53000000 out of 100815982 : 225.149 seconds since last progress
processing entry 54000000 out of 100815982 : 115.15 seconds since last progress
processing entry 55000000 out of 100815982 : 106.792 seconds since last progress
processing entry 56000000 out of 100815982 : 104.351 seconds since last progress
