4 of 6
ZZTo2L2Nu_powheg_ext1
pos : 18446744073709551615
sampleType : ZZTo2L2Nu_powheg_ext1,  systematicType : 
Dilepton Sample :0
. ZZTo2L2Nu_powheg_ext1 
. ZZTo2L2Nu_powheg_ext1 
./ZZTo2L2Nu_powheg_ext1_RecoKinTuple_Skim_4of6.root
HERE
DONE
isMC: 1
Using event weight 0.000416399
XS = 0.564
lumi = 35921.9
nEvents_MC = 4.86551e+07
Total Entries : 25268936
processing entry 13000000 out of 25268936 : 135.777 seconds since last progress
processing entry 14000000 out of 25268936 : 190.878 seconds since last progress
processing entry 15000000 out of 25268936 : 193.768 seconds since last progress
processing entry 16000000 out of 25268936 : 185.762 seconds since last progress
