7 of 8
Data_SingleEle_f
pos : 18446744073709551615
sampleType : Data_SingleEle_f,  systematicType : 
Dilepton Sample :0
. Data_SingleEle_f 
. Data_SingleEle_f 
./Data_SingleEle_f_RecoKinTuple_Skim_7of8.root
HERE
DONE
isMC: 0
Using event weight 1
XS = 1965.2
lumi = 35921.9
nEvents_MC = 7.05935e+07
Total Entries : 37185843
processing entry 28000000 out of 37185843 : 116.101 seconds since last progress
processing entry 29000000 out of 37185843 : 117.382 seconds since last progress
processing entry 30000000 out of 37185843 : 111.872 seconds since last progress
processing entry 31000000 out of 37185843 : 148.821 seconds since last progress
processing entry 32000000 out of 37185843 : 106.2 seconds since last progress
