5 of 6
ZZTo2L2Nu_powheg_ext1
pos : 18446744073709551615
sampleType : ZZTo2L2Nu_powheg_ext1,  systematicType : 
Dilepton Sample :0
. ZZTo2L2Nu_powheg_ext1 
. ZZTo2L2Nu_powheg_ext1 
./ZZTo2L2Nu_powheg_ext1_RecoKinTuple_Skim_5of6.root
HERE
DONE
isMC: 1
Using event weight 0.000416399
XS = 0.564
lumi = 35921.9
nEvents_MC = 4.86551e+07
Total Entries : 25268936
processing entry 17000000 out of 25268936 : 104.222 seconds since last progress
processing entry 18000000 out of 25268936 : 190.642 seconds since last progress
processing entry 19000000 out of 25268936 : 204.519 seconds since last progress
processing entry 20000000 out of 25268936 : 198.634 seconds since last progress
processing entry 21000000 out of 25268936 : 208.451 seconds since last progress
