7 of 11
Data_SingleEle_c
pos : 18446744073709551615
sampleType : Data_SingleEle_c,  systematicType : 
Dilepton Sample :0
. Data_SingleEle_c 
. Data_SingleEle_c 
./Data_SingleEle_c_RecoKinTuple_Skim_7of11.root
HERE
DONE
isMC: 0
Using event weight 1
XS = 2707.54
lumi = 35921.9
nEvents_MC = 9.72599e+07
Total Entries : 45528748
processing entry 25000000 out of 45528748 : 112.932 seconds since last progress
processing entry 26000000 out of 45528748 : 103.893 seconds since last progress
processing entry 27000000 out of 45528748 : 109.931 seconds since last progress
processing entry 28000000 out of 45528748 : 96.6523 seconds since last progress
