4 of 8
Data_SingleEle_f
pos : 18446744073709551615
sampleType : Data_SingleEle_f,  systematicType : 
Dilepton Sample :0
. Data_SingleEle_f 
. Data_SingleEle_f 
./Data_SingleEle_f_RecoKinTuple_Skim_4of8.root
HERE
DONE
isMC: 0
Using event weight 1
XS = 1965.2
lumi = 35921.9
nEvents_MC = 7.05935e+07
Total Entries : 37185843
processing entry 14000000 out of 37185843 : 116.815 seconds since last progress
processing entry 15000000 out of 37185843 : 112.071 seconds since last progress
processing entry 16000000 out of 37185843 : 142.472 seconds since last progress
processing entry 17000000 out of 37185843 : 115.837 seconds since last progress
processing entry 18000000 out of 37185843 : 147.191 seconds since last progress
