8 of 16
Data_SingleEle_d
pos : 18446744073709551615
sampleType : Data_SingleEle_d,  systematicType : 
Dilepton Sample :0
. Data_SingleEle_d 
. Data_SingleEle_d 
./Data_SingleEle_d_RecoKinTuple_Skim_8of16.root
HERE
DONE
isMC: 0
Using event weight 1
XS = 4124.72
lumi = 35921.9
nEvents_MC = 1.48168e+08
Total Entries : 71566121
PV 1
    ndof=174   (>4)
    pX=0.0592346   (<2)
    pY=0.103394   (<2)
    pZ=3.94147   (<24)
processing entry 32000000 out of 71566121 : 262.798 seconds since last progress
processing entry 33000000 out of 71566121 : 116.102 seconds since last progress
processing entry 34000000 out of 71566121 : 111.186 seconds since last progress
processing entry 35000000 out of 71566121 : 123.04 seconds since last progress
