9 of 11
Data_SingleEle_c
pos : 18446744073709551615
sampleType : Data_SingleEle_c,  systematicType : 
Dilepton Sample :0
. Data_SingleEle_c 
. Data_SingleEle_c 
./Data_SingleEle_c_RecoKinTuple_Skim_9of11.root
HERE
DONE
isMC: 0
Using event weight 1
XS = 2707.54
lumi = 35921.9
nEvents_MC = 9.72599e+07
Total Entries : 45528748
processing entry 34000000 out of 45528748 : 201.104 seconds since last progress
processing entry 35000000 out of 45528748 : 97.4404 seconds since last progress
processing entry 36000000 out of 45528748 : 109.54 seconds since last progress
processing entry 37000000 out of 45528748 : 105.179 seconds since last progress
