-1 of -1
HplusM090
pos : 18446744073709551615
sampleType : HplusM090,  systematicType : 
Dilepton Sample :0
. HplusM090 
. HplusM090 
./HplusM090_RecoKinTuple_Skim.root
HERE
DONE
isMC: 1
Using event weight 0.244649
XS = 6.77
lumi = 35921.9
nEvents_MC = 994040
Total Entries : 523788
processing entry 0 out of 523788 : 38.3883 seconds since last progress
processing entry 50000 out of 523788 : 389.646 seconds since last progress
processing entry 100000 out of 523788 : 345.68 seconds since last progress
processing entry 150000 out of 523788 : 374.617 seconds since last progress
processing entry 200000 out of 523788 : 489.513 seconds since last progress
processing entry 250000 out of 523788 : 380.835 seconds since last progress
processing entry 300000 out of 523788 : 450.067 seconds since last progress
processing entry 350000 out of 523788 : 392.322 seconds since last progress
processing entry 400000 out of 523788 : 401.718 seconds since last progress
processing entry 450000 out of 523788 : 399.067 seconds since last progress
processing entry 500000 out of 523788 : 412.614 seconds since last progress
