3 of 3
W2jets_ext1
pos : 18446744073709551615
sampleType : W2jets_ext1,  systematicType : 
Dilepton Sample :0
. W2jets_ext1 
. W2jets_ext1 
./W2jets_ext1_RecoKinTuple_Skim_3of3.root
HERE
DONE
isMC: 1
Using event weight 4.54064
XS = 3839.43
lumi = 35921.9
nEvents_MC = 3.03745e+07
Total Entries : 8112715
processing entry 5500000 out of 8112715 : 53.2834 seconds since last progress
processing entry 6000000 out of 8112715 : 75.1269 seconds since last progress
processing entry 6500000 out of 8112715 : 78.8852 seconds since last progress
processing entry 7000000 out of 8112715 : 77.6338 seconds since last progress
processing entry 7500000 out of 8112715 : 82.4603 seconds since last progress
processing entry 8000000 out of 8112715 : 79.5471 seconds since last progress
