2 of 20
Data_SingleEle_g
pos : 18446744073709551615
sampleType : Data_SingleEle_g,  systematicType : 
Dilepton Sample :0
. Data_SingleEle_g 
. Data_SingleEle_g 
./Data_SingleEle_g_RecoKinTuple_Skim_2of20.root
HERE
DONE
isMC: 0
Using event weight 1
XS = 4269.35
lumi = 35921.9
nEvents_MC = 1.53363e+08
Total Entries : 85789151
processing entry 5000000 out of 85789151 : 339.31 seconds since last progress
processing entry 6000000 out of 85789151 : 117.541 seconds since last progress
processing entry 7000000 out of 85789151 : 147.154 seconds since last progress
processing entry 8000000 out of 85789151 : 130.856 seconds since last progress
