16 of 20
Data_SingleEle_g
pos : 18446744073709551615
sampleType : Data_SingleEle_g,  systematicType : 
Dilepton Sample :0
. Data_SingleEle_g 
. Data_SingleEle_g 
./Data_SingleEle_g_RecoKinTuple_Skim_16of20.root
HERE
DONE
isMC: 0
Using event weight 1
XS = 4269.35
lumi = 35921.9
nEvents_MC = 1.53363e+08
Total Entries : 85789151
processing entry 65000000 out of 85789151 : 290.299 seconds since last progress
processing entry 66000000 out of 85789151 : 134.486 seconds since last progress
processing entry 67000000 out of 85789151 : 113.903 seconds since last progress
processing entry 68000000 out of 85789151 : 139.872 seconds since last progress
