3 of 3
ZZTo2Q2Nu_amcatnlo
pos : 18446744073709551615
sampleType : ZZTo2Q2Nu_amcatnlo,  systematicType : 
Dilepton Sample :0
. ZZTo2Q2Nu_amcatnlo 
. ZZTo2Q2Nu_amcatnlo 
./ZZTo2Q2Nu_amcatnlo_RecoKinTuple_Skim_3of3.root
HERE
DONE
isMC: 1
Using event weight 0.000729168
XS = 4.04
lumi = 35921.9
nEvents_MC = 1.99027e+08
Total Entries : 12820
processing entry 9000 out of 12820 : 72.5544 seconds since last progress
processing entry 10000 out of 12820 : 2.54767 seconds since last progress
processing entry 11000 out of 12820 : 0.726639 seconds since last progress
processing entry 12000 out of 12820 : 0.0982188 seconds since last progress
