3 of 3
DYjetsM10to50
pos : 18446744073709551615
sampleType : DYjetsM10to50,  systematicType : 
Dilepton Sample :0
. DYjetsM10to50 
. DYjetsM10to50 
./DYjetsM10to50_RecoKinTuple_Skim_3of3.root
HERE
DONE
isMC: 1
Using event weight 19.0376
XS = 18610
lumi = 35921.9
nEvents_MC = 3.5115e+07
Total Entries : 256409
processing entry 180000 out of 256409 : 73.4843 seconds since last progress
processing entry 190000 out of 256409 : 1.67594 seconds since last progress
processing entry 200000 out of 256409 : 1.6205 seconds since last progress
processing entry 210000 out of 256409 : 1.43731 seconds since last progress
processing entry 220000 out of 256409 : 1.89224 seconds since last progress
processing entry 230000 out of 256409 : 2.0557 seconds since last progress
processing entry 240000 out of 256409 : 1.99608 seconds since last progress
processing entry 250000 out of 256409 : 1.86031 seconds since last progress
