15 of 16
Data_SingleEle_d
pos : 18446744073709551615
sampleType : Data_SingleEle_d,  systematicType : 
Dilepton Sample :0
. Data_SingleEle_d 
. Data_SingleEle_d 
./Data_SingleEle_d_RecoKinTuple_Skim_15of16.root
HERE
DONE
isMC: 0
Using event weight 1
XS = 4124.72
lumi = 35921.9
nEvents_MC = 1.48168e+08
Total Entries : 71566121
processing entry 63000000 out of 71566121 : 169.706 seconds since last progress
processing entry 64000000 out of 71566121 : 117.131 seconds since last progress
processing entry 65000000 out of 71566121 : 110.349 seconds since last progress
processing entry 66000000 out of 71566121 : 118.723 seconds since last progress
processing entry 67000000 out of 71566121 : 108.305 seconds since last progress
