14 of 23
Data_SingleEle_b
pos : 18446744073709551615
sampleType : Data_SingleEle_b,  systematicType : 
Dilepton Sample :0
. Data_SingleEle_b 
. Data_SingleEle_b 
./Data_SingleEle_b_RecoKinTuple_Skim_14of23.root
HERE
DONE
isMC: 0
Using event weight 1
XS = 6860.46
lumi = 35921.9
nEvents_MC = 2.4644e+08
Total Entries : 100815982
processing entry 57000000 out of 100815982 : 184.749 seconds since last progress
processing entry 58000000 out of 100815982 : 106.087 seconds since last progress
processing entry 59000000 out of 100815982 : 113.01 seconds since last progress
processing entry 60000000 out of 100815982 : 103.129 seconds since last progress
processing entry 61000000 out of 100815982 : 100.429 seconds since last progress
