3 of 3
WZTo2L2Q_amcatnlo
pos : 18446744073709551615
sampleType : WZTo2L2Q_amcatnlo,  systematicType : 
Dilepton Sample :0
. WZTo2L2Q_amcatnlo 
. WZTo2L2Q_amcatnlo 
./WZTo2L2Q_amcatnlo_RecoKinTuple_Skim_3of3.root
HERE
DONE
isMC: 1
Using event weight 0.000858826
XS = 5.595
lumi = 35921.9
nEvents_MC = 2.34021e+08
Total Entries : 9107096
processing entry 6500000 out of 9107096 : 189.938 seconds since last progress
processing entry 7000000 out of 9107096 : 158.297 seconds since last progress
processing entry 7500000 out of 9107096 : 162.791 seconds since last progress
processing entry 8000000 out of 9107096 : 173.528 seconds since last progress
processing entry 8500000 out of 9107096 : 180.108 seconds since last progress
processing entry 9000000 out of 9107096 : 202.507 seconds since last progress
