1 of 11
DYjetsM50_ext2
pos : 18446744073709551615
sampleType : DYjetsM50_ext2,  systematicType : 
Dilepton Sample :0
. DYjetsM50_ext2 
. DYjetsM50_ext2 
./DYjetsM50_ext2_RecoKinTuple_Skim_1of11.root
HERE
DONE
isMC: 1
Using event weight 2.26149
XS = 6077.22
lumi = 35921.9
nEvents_MC = 9.65314e+07
Total Entries : 35980017
processing entry 0 out of 35980017 : 116.687 seconds since last progress
processing entry 1000000 out of 35980017 : 185.012 seconds since last progress
processing entry 2000000 out of 35980017 : 209.59 seconds since last progress
processing entry 3000000 out of 35980017 : 225.213 seconds since last progress
