1 of 4
W2jets
pos : 18446744073709551615
sampleType : W2jets,  systematicType : 
Dilepton Sample :0
. W2jets 
. W2jets 
./W2jets_RecoKinTuple_Skim_1of4.root
HERE
DONE
isMC: 1
Using event weight 4.59848
XS = 3839.43
lumi = 35921.9
nEvents_MC = 2.99924e+07
Total Entries : 7999377
processing entry 0 out of 7999377 : 54.3507 seconds since last progress
processing entry 500000 out of 7999377 : 97.9661 seconds since last progress
processing entry 1000000 out of 7999377 : 96.2476 seconds since last progress
processing entry 1500000 out of 7999377 : 112.354 seconds since last progress
